[3.407s] Invoking command in '/home/ankush/ros2_ws/build/examples_rclpy_guard_conditions': PYTHONPATH=/home/ankush/ros2_ws/install/examples_rclpy_guard_conditions/lib/python3.10/site-packages:${PYTHONPATH} /usr/bin/python3 setup.py develop --prefix /home/ankush/ros2_ws/install/examples_rclpy_guard_conditions --editable --build-directory /home/ankush/ros2_ws/build/examples_rclpy_guard_conditions/build --no-deps install_data --install-dir /home/ankush/ros2_ws/install/examples_rclpy_guard_conditions
[36.450s] running develop
[36.456s] running egg_info
[36.456s] creating examples_rclpy_guard_conditions.egg-info
[36.456s] writing examples_rclpy_guard_conditions.egg-info/PKG-INFO
[36.457s] writing dependency_links to examples_rclpy_guard_conditions.egg-info/dependency_links.txt
[36.457s] writing entry points to examples_rclpy_guard_conditions.egg-info/entry_points.txt
[36.457s] writing requirements to examples_rclpy_guard_conditions.egg-info/requires.txt
[36.457s] writing top-level names to examples_rclpy_guard_conditions.egg-info/top_level.txt
[36.457s] writing manifest file 'examples_rclpy_guard_conditions.egg-info/SOURCES.txt'
[36.457s] reading manifest file 'examples_rclpy_guard_conditions.egg-info/SOURCES.txt'
[36.457s] writing manifest file 'examples_rclpy_guard_conditions.egg-info/SOURCES.txt'
[36.457s] running build_ext
[36.457s] Creating /home/ankush/ros2_ws/install/examples_rclpy_guard_conditions/lib/python3.10/site-packages/examples-rclpy-guard-conditions.egg-link (link to .)
[36.457s] Installing trigger_guard_condition script to /home/ankush/ros2_ws/install/examples_rclpy_guard_conditions/lib/examples_rclpy_guard_conditions
[36.458s] 
[36.458s] Installed /home/ankush/ros2_ws/build/examples_rclpy_guard_conditions
[36.458s] running install_data
[36.458s] creating /home/ankush/ros2_ws/install/examples_rclpy_guard_conditions/share/ament_index
[36.458s] creating /home/ankush/ros2_ws/install/examples_rclpy_guard_conditions/share/ament_index/resource_index
[36.458s] creating /home/ankush/ros2_ws/install/examples_rclpy_guard_conditions/share/ament_index/resource_index/packages
[36.458s] copying resource/examples_rclpy_guard_conditions -> /home/ankush/ros2_ws/install/examples_rclpy_guard_conditions/share/ament_index/resource_index/packages
[36.458s] copying package.xml -> /home/ankush/ros2_ws/install/examples_rclpy_guard_conditions/share/examples_rclpy_guard_conditions
[36.471s] /usr/lib/python3/dist-packages/setuptools/command/easy_install.py:158: EasyInstallDeprecationWarning: easy_install command is deprecated. Use build and pip and other standards-based tools.
[36.472s]   warnings.warn(
[36.472s] /usr/lib/python3/dist-packages/setuptools/command/install.py:34: SetuptoolsDeprecationWarning: setup.py install is deprecated. Use build and pip and other standards-based tools.
[36.472s]   warnings.warn(
[36.472s] /usr/lib/python3/dist-packages/pkg_resources/__init__.py:116: PkgResourcesDeprecationWarning: 1.16.0-unknown is an invalid version and will not be supported in a future release
[36.472s]   warnings.warn(
[36.473s] /usr/lib/python3/dist-packages/pkg_resources/__init__.py:116: PkgResourcesDeprecationWarning: 1.1build1 is an invalid version and will not be supported in a future release
[36.473s]   warnings.warn(
[36.473s] /usr/lib/python3/dist-packages/pkg_resources/__init__.py:116: PkgResourcesDeprecationWarning: 0.1.43ubuntu1 is an invalid version and will not be supported in a future release
[36.473s]   warnings.warn(
[36.770s] Invoked command in '/home/ankush/ros2_ws/build/examples_rclpy_guard_conditions' returned '0': PYTHONPATH=/home/ankush/ros2_ws/install/examples_rclpy_guard_conditions/lib/python3.10/site-packages:${PYTHONPATH} /usr/bin/python3 setup.py develop --prefix /home/ankush/ros2_ws/install/examples_rclpy_guard_conditions --editable --build-directory /home/ankush/ros2_ws/build/examples_rclpy_guard_conditions/build --no-deps install_data --install-dir /home/ankush/ros2_ws/install/examples_rclpy_guard_conditions
