[0.110s] Invoking command in '/home/ankush/ros2_ws/build/rrbot_description': CMAKE_PREFIX_PATH=${CMAKE_PREFIX_PATH}:/home/ankush/ros2_ws/install/launch_testing_examples:/home/ankush/ros2_ws/install/examples_rclpy_pointcloud_publisher:/home/ankush/ros2_ws/install/examples_rclpy_minimal_subscriber:/home/ankush/ros2_ws/install/examples_rclpy_minimal_service:/home/ankush/ros2_ws/install/examples_rclpy_minimal_publisher:/home/ankush/ros2_ws/install/examples_rclpy_minimal_client:/home/ankush/ros2_ws/install/examples_rclpy_minimal_action_server:/home/ankush/ros2_ws/install/examples_rclpy_minimal_action_client:/home/ankush/ros2_ws/install/examples_rclpy_guard_conditions:/home/ankush/ros2_ws/install/examples_rclpy_executors:/opt/ros/humble /usr/bin/cmake --build /home/ankush/ros2_ws/build/rrbot_description -- -j16 -l16
[1.032s] Invoked command in '/home/ankush/ros2_ws/build/rrbot_description' returned '0': CMAKE_PREFIX_PATH=${CMAKE_PREFIX_PATH}:/home/ankush/ros2_ws/install/launch_testing_examples:/home/ankush/ros2_ws/install/examples_rclpy_pointcloud_publisher:/home/ankush/ros2_ws/install/examples_rclpy_minimal_subscriber:/home/ankush/ros2_ws/install/examples_rclpy_minimal_service:/home/ankush/ros2_ws/install/examples_rclpy_minimal_publisher:/home/ankush/ros2_ws/install/examples_rclpy_minimal_client:/home/ankush/ros2_ws/install/examples_rclpy_minimal_action_server:/home/ankush/ros2_ws/install/examples_rclpy_minimal_action_client:/home/ankush/ros2_ws/install/examples_rclpy_guard_conditions:/home/ankush/ros2_ws/install/examples_rclpy_executors:/opt/ros/humble /usr/bin/cmake --build /home/ankush/ros2_ws/build/rrbot_description -- -j16 -l16
[1.059s] Invoking command in '/home/ankush/ros2_ws/build/rrbot_description': CMAKE_PREFIX_PATH=${CMAKE_PREFIX_PATH}:/home/ankush/ros2_ws/install/launch_testing_examples:/home/ankush/ros2_ws/install/examples_rclpy_pointcloud_publisher:/home/ankush/ros2_ws/install/examples_rclpy_minimal_subscriber:/home/ankush/ros2_ws/install/examples_rclpy_minimal_service:/home/ankush/ros2_ws/install/examples_rclpy_minimal_publisher:/home/ankush/ros2_ws/install/examples_rclpy_minimal_client:/home/ankush/ros2_ws/install/examples_rclpy_minimal_action_server:/home/ankush/ros2_ws/install/examples_rclpy_minimal_action_client:/home/ankush/ros2_ws/install/examples_rclpy_guard_conditions:/home/ankush/ros2_ws/install/examples_rclpy_executors:/opt/ros/humble /usr/bin/cmake --install /home/ankush/ros2_ws/build/rrbot_description
[1.070s] -- Install configuration: ""
[1.073s] -- Execute custom install script
[1.074s] -- Up-to-date symlink: /home/ankush/ros2_ws/install/rrbot_description/share/rrbot_description/config/rrbot.rviz
[1.074s] -- Up-to-date symlink: /home/ankush/ros2_ws/install/rrbot_description/share/rrbot_description/gazebo/rrbot.gazebo.xacro
[1.076s] -- Up-to-date symlink: /home/ankush/ros2_ws/install/rrbot_description/share/rrbot_description/gazebo/rrbot.materials.xacro
[1.076s] -- Up-to-date symlink: /home/ankush/ros2_ws/install/rrbot_description/share/rrbot_description/meshes/hokuyo.dae
[1.076s] -- Up-to-date symlink: /home/ankush/ros2_ws/install/rrbot_description/share/rrbot_description/launch/view_robot.launch.py
[1.076s] -- Up-to-date symlink: /home/ankush/ros2_ws/install/rrbot_description/share/rrbot_description/ros2_control/rrbot.ros2_control.xacro
[1.076s] -- Up-to-date symlink: /home/ankush/ros2_ws/install/rrbot_description/share/rrbot_description/urdf/rrbot.urdf.xacro
[1.077s] -- Up-to-date symlink: /home/ankush/ros2_ws/install/rrbot_description/share/rrbot_description/urdf/rrbot_description.urdf.xacro
[1.077s] -- Up-to-date symlink: /home/ankush/ros2_ws/install/rrbot_description/share/rrbot_description/environment/rrbot_description.dsv
[1.077s] -- Up-to-date symlink: /home/ankush/ros2_ws/install/rrbot_description/share/ament_index/resource_index/package_run_dependencies/rrbot_description
[1.077s] -- Up-to-date symlink: /home/ankush/ros2_ws/install/rrbot_description/share/ament_index/resource_index/parent_prefix_path/rrbot_description
[1.077s] -- Up-to-date symlink: /home/ankush/ros2_ws/install/rrbot_description/share/rrbot_description/environment/ament_prefix_path.sh
[1.077s] -- Up-to-date symlink: /home/ankush/ros2_ws/install/rrbot_description/share/rrbot_description/environment/ament_prefix_path.dsv
[1.077s] -- Up-to-date symlink: /home/ankush/ros2_ws/install/rrbot_description/share/rrbot_description/environment/path.sh
[1.078s] -- Up-to-date symlink: /home/ankush/ros2_ws/install/rrbot_description/share/rrbot_description/environment/path.dsv
[1.078s] -- Up-to-date symlink: /home/ankush/ros2_ws/install/rrbot_description/share/rrbot_description/local_setup.bash
[1.078s] -- Up-to-date symlink: /home/ankush/ros2_ws/install/rrbot_description/share/rrbot_description/local_setup.sh
[1.081s] -- Up-to-date symlink: /home/ankush/ros2_ws/install/rrbot_description/share/rrbot_description/local_setup.zsh
[1.082s] -- Up-to-date symlink: /home/ankush/ros2_ws/install/rrbot_description/share/rrbot_description/local_setup.dsv
[1.083s] -- Symlinking: /home/ankush/ros2_ws/install/rrbot_description/share/rrbot_description/package.dsv
[1.108s] -- Up-to-date symlink: /home/ankush/ros2_ws/install/rrbot_description/share/ament_index/resource_index/packages/rrbot_description
[1.111s] -- Up-to-date symlink: /home/ankush/ros2_ws/install/rrbot_description/share/rrbot_description/cmake/rrbot_descriptionConfig.cmake
[1.111s] -- Up-to-date symlink: /home/ankush/ros2_ws/install/rrbot_description/share/rrbot_description/cmake/rrbot_descriptionConfig-version.cmake
[1.111s] -- Up-to-date symlink: /home/ankush/ros2_ws/install/rrbot_description/share/rrbot_description/package.xml
[1.145s] Invoked command in '/home/ankush/ros2_ws/build/rrbot_description' returned '0': CMAKE_PREFIX_PATH=${CMAKE_PREFIX_PATH}:/home/ankush/ros2_ws/install/launch_testing_examples:/home/ankush/ros2_ws/install/examples_rclpy_pointcloud_publisher:/home/ankush/ros2_ws/install/examples_rclpy_minimal_subscriber:/home/ankush/ros2_ws/install/examples_rclpy_minimal_service:/home/ankush/ros2_ws/install/examples_rclpy_minimal_publisher:/home/ankush/ros2_ws/install/examples_rclpy_minimal_client:/home/ankush/ros2_ws/install/examples_rclpy_minimal_action_server:/home/ankush/ros2_ws/install/examples_rclpy_minimal_action_client:/home/ankush/ros2_ws/install/examples_rclpy_guard_conditions:/home/ankush/ros2_ws/install/examples_rclpy_executors:/opt/ros/humble /usr/bin/cmake --install /home/ankush/ros2_ws/build/rrbot_description
