[0.078s] Invoking command in '/home/ankush/ros2_ws/build/examples_rclcpp_minimal_timer': CMAKE_PREFIX_PATH=${CMAKE_PREFIX_PATH}:/home/ankush/ros2_ws/install/launch_testing_examples:/home/ankush/ros2_ws/install/examples_rclpy_pointcloud_publisher:/home/ankush/ros2_ws/install/examples_rclpy_minimal_subscriber:/home/ankush/ros2_ws/install/examples_rclpy_minimal_service:/home/ankush/ros2_ws/install/examples_rclpy_minimal_publisher:/home/ankush/ros2_ws/install/examples_rclpy_minimal_client:/home/ankush/ros2_ws/install/examples_rclpy_minimal_action_server:/home/ankush/ros2_ws/install/examples_rclpy_minimal_action_client:/home/ankush/ros2_ws/install/examples_rclpy_guard_conditions:/home/ankush/ros2_ws/install/examples_rclpy_executors:/opt/ros/humble /usr/bin/cmake --build /home/ankush/ros2_ws/build/examples_rclcpp_minimal_timer -- -j16 -l16
[0.773s] [ 50%] Built target timer_lambda
[0.773s] [100%] Built target timer_member_function
[0.786s] Invoked command in '/home/ankush/ros2_ws/build/examples_rclcpp_minimal_timer' returned '0': CMAKE_PREFIX_PATH=${CMAKE_PREFIX_PATH}:/home/ankush/ros2_ws/install/launch_testing_examples:/home/ankush/ros2_ws/install/examples_rclpy_pointcloud_publisher:/home/ankush/ros2_ws/install/examples_rclpy_minimal_subscriber:/home/ankush/ros2_ws/install/examples_rclpy_minimal_service:/home/ankush/ros2_ws/install/examples_rclpy_minimal_publisher:/home/ankush/ros2_ws/install/examples_rclpy_minimal_client:/home/ankush/ros2_ws/install/examples_rclpy_minimal_action_server:/home/ankush/ros2_ws/install/examples_rclpy_minimal_action_client:/home/ankush/ros2_ws/install/examples_rclpy_guard_conditions:/home/ankush/ros2_ws/install/examples_rclpy_executors:/opt/ros/humble /usr/bin/cmake --build /home/ankush/ros2_ws/build/examples_rclcpp_minimal_timer -- -j16 -l16
[0.860s] Invoking command in '/home/ankush/ros2_ws/build/examples_rclcpp_minimal_timer': CMAKE_PREFIX_PATH=${CMAKE_PREFIX_PATH}:/home/ankush/ros2_ws/install/launch_testing_examples:/home/ankush/ros2_ws/install/examples_rclpy_pointcloud_publisher:/home/ankush/ros2_ws/install/examples_rclpy_minimal_subscriber:/home/ankush/ros2_ws/install/examples_rclpy_minimal_service:/home/ankush/ros2_ws/install/examples_rclpy_minimal_publisher:/home/ankush/ros2_ws/install/examples_rclpy_minimal_client:/home/ankush/ros2_ws/install/examples_rclpy_minimal_action_server:/home/ankush/ros2_ws/install/examples_rclpy_minimal_action_client:/home/ankush/ros2_ws/install/examples_rclpy_guard_conditions:/home/ankush/ros2_ws/install/examples_rclpy_executors:/opt/ros/humble /usr/bin/cmake --install /home/ankush/ros2_ws/build/examples_rclcpp_minimal_timer
[0.883s] -- Install configuration: ""
[0.883s] -- Execute custom install script
[0.883s] -- Up-to-date symlink: /home/ankush/ros2_ws/install/examples_rclcpp_minimal_timer/lib/examples_rclcpp_minimal_timer/timer_lambda
[0.883s] -- Up-to-date symlink: /home/ankush/ros2_ws/install/examples_rclcpp_minimal_timer/lib/examples_rclcpp_minimal_timer/timer_member_function
[0.884s] -- Up-to-date symlink: /home/ankush/ros2_ws/install/examples_rclcpp_minimal_timer/share/ament_index/resource_index/package_run_dependencies/examples_rclcpp_minimal_timer
[0.884s] -- Up-to-date symlink: /home/ankush/ros2_ws/install/examples_rclcpp_minimal_timer/share/ament_index/resource_index/parent_prefix_path/examples_rclcpp_minimal_timer
[0.884s] -- Up-to-date symlink: /home/ankush/ros2_ws/install/examples_rclcpp_minimal_timer/share/examples_rclcpp_minimal_timer/environment/ament_prefix_path.sh
[0.884s] -- Up-to-date symlink: /home/ankush/ros2_ws/install/examples_rclcpp_minimal_timer/share/examples_rclcpp_minimal_timer/environment/ament_prefix_path.dsv
[0.885s] -- Up-to-date symlink: /home/ankush/ros2_ws/install/examples_rclcpp_minimal_timer/share/examples_rclcpp_minimal_timer/environment/path.sh
[0.885s] -- Up-to-date symlink: /home/ankush/ros2_ws/install/examples_rclcpp_minimal_timer/share/examples_rclcpp_minimal_timer/environment/path.dsv
[0.887s] -- Up-to-date symlink: /home/ankush/ros2_ws/install/examples_rclcpp_minimal_timer/share/examples_rclcpp_minimal_timer/local_setup.bash
[0.887s] -- Up-to-date symlink: /home/ankush/ros2_ws/install/examples_rclcpp_minimal_timer/share/examples_rclcpp_minimal_timer/local_setup.sh
[0.888s] -- Up-to-date symlink: /home/ankush/ros2_ws/install/examples_rclcpp_minimal_timer/share/examples_rclcpp_minimal_timer/local_setup.zsh
[0.888s] -- Up-to-date symlink: /home/ankush/ros2_ws/install/examples_rclcpp_minimal_timer/share/examples_rclcpp_minimal_timer/local_setup.dsv
[0.888s] -- Symlinking: /home/ankush/ros2_ws/install/examples_rclcpp_minimal_timer/share/examples_rclcpp_minimal_timer/package.dsv
[0.902s] -- Up-to-date symlink: /home/ankush/ros2_ws/install/examples_rclcpp_minimal_timer/share/ament_index/resource_index/packages/examples_rclcpp_minimal_timer
[0.902s] -- Up-to-date symlink: /home/ankush/ros2_ws/install/examples_rclcpp_minimal_timer/share/examples_rclcpp_minimal_timer/cmake/examples_rclcpp_minimal_timerConfig.cmake
[0.902s] -- Up-to-date symlink: /home/ankush/ros2_ws/install/examples_rclcpp_minimal_timer/share/examples_rclcpp_minimal_timer/cmake/examples_rclcpp_minimal_timerConfig-version.cmake
[0.902s] -- Up-to-date symlink: /home/ankush/ros2_ws/install/examples_rclcpp_minimal_timer/share/examples_rclcpp_minimal_timer/package.xml
[0.980s] Invoked command in '/home/ankush/ros2_ws/build/examples_rclcpp_minimal_timer' returned '0': CMAKE_PREFIX_PATH=${CMAKE_PREFIX_PATH}:/home/ankush/ros2_ws/install/launch_testing_examples:/home/ankush/ros2_ws/install/examples_rclpy_pointcloud_publisher:/home/ankush/ros2_ws/install/examples_rclpy_minimal_subscriber:/home/ankush/ros2_ws/install/examples_rclpy_minimal_service:/home/ankush/ros2_ws/install/examples_rclpy_minimal_publisher:/home/ankush/ros2_ws/install/examples_rclpy_minimal_client:/home/ankush/ros2_ws/install/examples_rclpy_minimal_action_server:/home/ankush/ros2_ws/install/examples_rclpy_minimal_action_client:/home/ankush/ros2_ws/install/examples_rclpy_guard_conditions:/home/ankush/ros2_ws/install/examples_rclpy_executors:/opt/ros/humble /usr/bin/cmake --install /home/ankush/ros2_ws/build/examples_rclcpp_minimal_timer
