[2.378s] Invoking command in '/home/ankush/ros2_ws/build/examples_rclpy_minimal_action_server': PYTHONPATH=/home/ankush/ros2_ws/install/examples_rclpy_minimal_action_server/lib/python3.10/site-packages:${PYTHONPATH} /usr/bin/python3 setup.py develop --prefix /home/ankush/ros2_ws/install/examples_rclpy_minimal_action_server --editable --build-directory /home/ankush/ros2_ws/build/examples_rclpy_minimal_action_server/build --no-deps install_data --install-dir /home/ankush/ros2_ws/install/examples_rclpy_minimal_action_server
[2.664s] running develop
[2.664s] /usr/lib/python3/dist-packages/setuptools/command/easy_install.py:158: EasyInstallDeprecationWarning: easy_install command is deprecated. Use build and pip and other standards-based tools.
[2.664s]   warnings.warn(
[2.665s] /usr/lib/python3/dist-packages/setuptools/command/install.py:34: SetuptoolsDeprecationWarning: setup.py install is deprecated. Use build and pip and other standards-based tools.
[2.665s]   warnings.warn(
[2.731s] /usr/lib/python3/dist-packages/pkg_resources/__init__.py:116: PkgResourcesDeprecationWarning: 1.16.0-unknown is an invalid version and will not be supported in a future release
[2.731s]   warnings.warn(
[2.731s] /usr/lib/python3/dist-packages/pkg_resources/__init__.py:116: PkgResourcesDeprecationWarning: 1.1build1 is an invalid version and will not be supported in a future release
[2.731s]   warnings.warn(
[2.732s] /usr/lib/python3/dist-packages/pkg_resources/__init__.py:116: PkgResourcesDeprecationWarning: 0.1.43ubuntu1 is an invalid version and will not be supported in a future release
[2.732s]   warnings.warn(
[2.854s] running egg_info
[2.854s] writing examples_rclpy_minimal_action_server.egg-info/PKG-INFO
[2.854s] writing dependency_links to examples_rclpy_minimal_action_server.egg-info/dependency_links.txt
[2.854s] writing entry points to examples_rclpy_minimal_action_server.egg-info/entry_points.txt
[2.854s] writing requirements to examples_rclpy_minimal_action_server.egg-info/requires.txt
[2.854s] writing top-level names to examples_rclpy_minimal_action_server.egg-info/top_level.txt
[2.856s] reading manifest file 'examples_rclpy_minimal_action_server.egg-info/SOURCES.txt'
[2.857s] writing manifest file 'examples_rclpy_minimal_action_server.egg-info/SOURCES.txt'
[2.859s] running build_ext
[2.859s] Creating /home/ankush/ros2_ws/install/examples_rclpy_minimal_action_server/lib/python3.10/site-packages/examples-rclpy-minimal-action-server.egg-link (link to .)
[2.860s] Installing server script to /home/ankush/ros2_ws/install/examples_rclpy_minimal_action_server/lib/examples_rclpy_minimal_action_server
[2.860s] Installing server_defer script to /home/ankush/ros2_ws/install/examples_rclpy_minimal_action_server/lib/examples_rclpy_minimal_action_server
[2.860s] Installing server_not_composable script to /home/ankush/ros2_ws/install/examples_rclpy_minimal_action_server/lib/examples_rclpy_minimal_action_server
[2.860s] Installing server_queue_goals script to /home/ankush/ros2_ws/install/examples_rclpy_minimal_action_server/lib/examples_rclpy_minimal_action_server
[2.860s] Installing server_single_goal script to /home/ankush/ros2_ws/install/examples_rclpy_minimal_action_server/lib/examples_rclpy_minimal_action_server
[2.861s] 
[2.861s] Installed /home/ankush/ros2_ws/build/examples_rclpy_minimal_action_server
[2.861s] running install_data
[2.916s] Invoked command in '/home/ankush/ros2_ws/build/examples_rclpy_minimal_action_server' returned '0': PYTHONPATH=/home/ankush/ros2_ws/install/examples_rclpy_minimal_action_server/lib/python3.10/site-packages:${PYTHONPATH} /usr/bin/python3 setup.py develop --prefix /home/ankush/ros2_ws/install/examples_rclpy_minimal_action_server --editable --build-directory /home/ankush/ros2_ws/build/examples_rclpy_minimal_action_server/build --no-deps install_data --install-dir /home/ankush/ros2_ws/install/examples_rclpy_minimal_action_server
