[0.069s] Invoking command in '/home/ankush/ros2_ws/build/examples_rclcpp_minimal_publisher': CMAKE_PREFIX_PATH=/opt/ros/humble /usr/bin/cmake /home/ankush/ros2_ws/src/examples/rclcpp/topics/minimal_publisher -DAMENT_CMAKE_SYMLINK_INSTALL=1 -DCMAKE_INSTALL_PREFIX=/home/ankush/ros2_ws/install/examples_rclcpp_minimal_publisher
[1.875s] -- The C compiler identification is GNU 11.3.0
[1.875s] -- The CXX compiler identification is GNU 11.3.0
[1.875s] -- Detecting C compiler ABI info
[1.875s] -- Detecting C compiler ABI info - done
[1.875s] -- Check for working C compiler: /usr/bin/cc - skipped
[1.875s] -- Detecting C compile features
[1.875s] -- Detecting C compile features - done
[1.875s] -- Detecting CXX compiler ABI info
[1.876s] -- Detecting CXX compiler ABI info - done
[1.876s] -- Check for working CXX compiler: /usr/bin/c++ - skipped
[1.876s] -- Detecting CXX compile features
[1.876s] -- Detecting CXX compile features - done
[1.876s] -- Found ament_cmake: 1.3.2 (/opt/ros/humble/share/ament_cmake/cmake)
[1.876s] -- Found Python3: /usr/bin/python3.10 (found version "3.10.6") found components: Interpreter 
[1.876s] -- Override CMake install command with custom implementation using symlinks instead of copying resources
[1.876s] -- Found rclcpp: 16.0.1 (/opt/ros/humble/share/rclcpp/cmake)
[1.877s] -- Found rosidl_generator_c: 3.1.3 (/opt/ros/humble/share/rosidl_generator_c/cmake)
[1.877s] -- Found rosidl_adapter: 3.1.3 (/opt/ros/humble/share/rosidl_adapter/cmake)
[1.877s] -- Found rosidl_generator_cpp: 3.1.3 (/opt/ros/humble/share/rosidl_generator_cpp/cmake)
[1.877s] -- Using all available rosidl_typesupport_c: rosidl_typesupport_fastrtps_c;rosidl_typesupport_introspection_c
[1.877s] -- Using all available rosidl_typesupport_cpp: rosidl_typesupport_fastrtps_cpp;rosidl_typesupport_introspection_cpp
[1.877s] -- Found rmw_implementation_cmake: 6.1.0 (/opt/ros/humble/share/rmw_implementation_cmake/cmake)
[1.877s] -- Found rmw_fastrtps_cpp: 6.2.1 (/opt/ros/humble/share/rmw_fastrtps_cpp/cmake)
[1.877s] -- Found OpenSSL: /usr/lib/x86_64-linux-gnu/libcrypto.so (found version "3.0.2")  
[1.878s] -- Found FastRTPS: /opt/ros/humble/include  
[1.878s] -- Using RMW implementation 'rmw_fastrtps_cpp' as default
[1.878s] -- Found ament_lint_auto: 0.12.4 (/opt/ros/humble/share/ament_lint_auto/cmake)
[1.878s] -- Added test 'copyright' to check source files copyright and LICENSE
[1.878s] -- Added test 'cppcheck' to perform static code analysis on C / C++ code
[1.878s] -- Configured cppcheck include dirs: 
[1.878s] -- Configured cppcheck exclude dirs and/or files: 
[1.879s] -- Added test 'cpplint' to check C / C++ code against the Google style
[1.879s] -- Configured cpplint exclude dirs and/or files: 
[1.879s] -- Added test 'lint_cmake' to check CMake code style
[1.879s] -- Added test 'uncrustify' to check C / C++ code style
[1.879s] -- Configured uncrustify additional arguments: 
[1.879s] -- Added test 'xmllint' to check XML markup files
[1.879s] -- Configuring done
[1.880s] -- Generating done
[1.880s] -- Build files have been written to: /home/ankush/ros2_ws/build/examples_rclcpp_minimal_publisher
[1.900s] Invoked command in '/home/ankush/ros2_ws/build/examples_rclcpp_minimal_publisher' returned '0': CMAKE_PREFIX_PATH=/opt/ros/humble /usr/bin/cmake /home/ankush/ros2_ws/src/examples/rclcpp/topics/minimal_publisher -DAMENT_CMAKE_SYMLINK_INSTALL=1 -DCMAKE_INSTALL_PREFIX=/home/ankush/ros2_ws/install/examples_rclcpp_minimal_publisher
[1.901s] Invoking command in '/home/ankush/ros2_ws/build/examples_rclcpp_minimal_publisher': CMAKE_PREFIX_PATH=/opt/ros/humble /usr/bin/cmake --build /home/ankush/ros2_ws/build/examples_rclcpp_minimal_publisher -- -j16 -l16
[1.928s] [  8%] [32mBuilding CXX object CMakeFiles/publisher_member_function_with_type_adapter.dir/member_function_with_type_adapter.cpp.o[0m
[1.936s] [ 16%] [32mBuilding CXX object CMakeFiles/publisher_member_function_with_unique_network_flow_endpoints.dir/member_function_with_unique_network_flow_endpoints.cpp.o[0m
[1.950s] [ 25%] [32mBuilding CXX object CMakeFiles/publisher_member_function.dir/member_function.cpp.o[0m
[1.958s] [ 33%] [32mBuilding CXX object CMakeFiles/publisher_lambda.dir/lambda.cpp.o[0m
[1.971s] [ 41%] [32mBuilding CXX object CMakeFiles/publisher_wait_for_all_acked.dir/member_function_with_wait_for_all_acked.cpp.o[0m
[2.035s] [ 50%] [32mBuilding CXX object CMakeFiles/publisher_not_composable.dir/not_composable.cpp.o[0m
[21.994s] [ 58%] [32m[1mLinking CXX executable publisher_wait_for_all_acked[0m
[22.659s] [ 58%] Built target publisher_wait_for_all_acked
[22.687s] [ 66%] [32m[1mLinking CXX executable publisher_not_composable[0m
[22.927s] [ 66%] Built target publisher_not_composable
[37.193s] [ 75%] [32m[1mLinking CXX executable publisher_member_function_with_unique_network_flow_endpoints[0m
[37.895s] [ 75%] Built target publisher_member_function_with_unique_network_flow_endpoints
[38.913s] [ 83%] [32m[1mLinking CXX executable publisher_lambda[0m
[39.517s] [ 83%] Built target publisher_lambda
[39.838s] [ 91%] [32m[1mLinking CXX executable publisher_member_function_with_type_adapter[0m
[39.949s] [100%] [32m[1mLinking CXX executable publisher_member_function[0m
[40.557s] [100%] Built target publisher_member_function_with_type_adapter
[40.813s] [100%] Built target publisher_member_function
[41.435s] Invoked command in '/home/ankush/ros2_ws/build/examples_rclcpp_minimal_publisher' returned '0': CMAKE_PREFIX_PATH=/opt/ros/humble /usr/bin/cmake --build /home/ankush/ros2_ws/build/examples_rclcpp_minimal_publisher -- -j16 -l16
[42.813s] Invoking command in '/home/ankush/ros2_ws/build/examples_rclcpp_minimal_publisher': CMAKE_PREFIX_PATH=/opt/ros/humble /usr/bin/cmake --install /home/ankush/ros2_ws/build/examples_rclcpp_minimal_publisher
[43.666s] -- Install configuration: ""
[43.666s] -- Execute custom install script
[43.666s] -- Symlinking: /home/ankush/ros2_ws/install/examples_rclcpp_minimal_publisher/lib/examples_rclcpp_minimal_publisher/publisher_lambda
[43.671s] -- Symlinking: /home/ankush/ros2_ws/install/examples_rclcpp_minimal_publisher/lib/examples_rclcpp_minimal_publisher/publisher_member_function
[43.672s] -- Symlinking: /home/ankush/ros2_ws/install/examples_rclcpp_minimal_publisher/lib/examples_rclcpp_minimal_publisher/publisher_member_function_with_type_adapter
[43.672s] -- Symlinking: /home/ankush/ros2_ws/install/examples_rclcpp_minimal_publisher/lib/examples_rclcpp_minimal_publisher/publisher_member_function_with_unique_network_flow_endpoints
[43.672s] -- Symlinking: /home/ankush/ros2_ws/install/examples_rclcpp_minimal_publisher/lib/examples_rclcpp_minimal_publisher/publisher_wait_for_all_acked
[43.672s] -- Symlinking: /home/ankush/ros2_ws/install/examples_rclcpp_minimal_publisher/lib/examples_rclcpp_minimal_publisher/publisher_not_composable
[43.672s] -- Symlinking: /home/ankush/ros2_ws/install/examples_rclcpp_minimal_publisher/share/ament_index/resource_index/package_run_dependencies/examples_rclcpp_minimal_publisher
[43.672s] -- Symlinking: /home/ankush/ros2_ws/install/examples_rclcpp_minimal_publisher/share/ament_index/resource_index/parent_prefix_path/examples_rclcpp_minimal_publisher
[43.672s] -- Symlinking: /home/ankush/ros2_ws/install/examples_rclcpp_minimal_publisher/share/examples_rclcpp_minimal_publisher/environment/ament_prefix_path.sh
[43.673s] -- Symlinking: /home/ankush/ros2_ws/install/examples_rclcpp_minimal_publisher/share/examples_rclcpp_minimal_publisher/environment/ament_prefix_path.dsv
[43.673s] -- Symlinking: /home/ankush/ros2_ws/install/examples_rclcpp_minimal_publisher/share/examples_rclcpp_minimal_publisher/environment/path.sh
[43.673s] -- Symlinking: /home/ankush/ros2_ws/install/examples_rclcpp_minimal_publisher/share/examples_rclcpp_minimal_publisher/environment/path.dsv
[43.673s] -- Symlinking: /home/ankush/ros2_ws/install/examples_rclcpp_minimal_publisher/share/examples_rclcpp_minimal_publisher/local_setup.bash
[43.673s] -- Symlinking: /home/ankush/ros2_ws/install/examples_rclcpp_minimal_publisher/share/examples_rclcpp_minimal_publisher/local_setup.sh
[43.673s] -- Symlinking: /home/ankush/ros2_ws/install/examples_rclcpp_minimal_publisher/share/examples_rclcpp_minimal_publisher/local_setup.zsh
[43.673s] -- Symlinking: /home/ankush/ros2_ws/install/examples_rclcpp_minimal_publisher/share/examples_rclcpp_minimal_publisher/local_setup.dsv
[43.674s] -- Symlinking: /home/ankush/ros2_ws/install/examples_rclcpp_minimal_publisher/share/examples_rclcpp_minimal_publisher/package.dsv
[43.674s] -- Symlinking: /home/ankush/ros2_ws/install/examples_rclcpp_minimal_publisher/share/ament_index/resource_index/packages/examples_rclcpp_minimal_publisher
[43.674s] -- Symlinking: /home/ankush/ros2_ws/install/examples_rclcpp_minimal_publisher/share/examples_rclcpp_minimal_publisher/cmake/examples_rclcpp_minimal_publisherConfig.cmake
[43.674s] -- Symlinking: /home/ankush/ros2_ws/install/examples_rclcpp_minimal_publisher/share/examples_rclcpp_minimal_publisher/cmake/examples_rclcpp_minimal_publisherConfig-version.cmake
[43.674s] -- Symlinking: /home/ankush/ros2_ws/install/examples_rclcpp_minimal_publisher/share/examples_rclcpp_minimal_publisher/package.xml
[43.801s] Invoked command in '/home/ankush/ros2_ws/build/examples_rclcpp_minimal_publisher' returned '0': CMAKE_PREFIX_PATH=/opt/ros/humble /usr/bin/cmake --install /home/ankush/ros2_ws/build/examples_rclcpp_minimal_publisher
