[0.064s] Invoking command in '/home/ankush/ros2_ws/build/examples_rclcpp_minimal_timer': CMAKE_PREFIX_PATH=/opt/ros/humble /usr/bin/cmake /home/ankush/ros2_ws/src/examples/rclcpp/timers/minimal_timer -DAMENT_CMAKE_SYMLINK_INSTALL=1 -DCMAKE_INSTALL_PREFIX=/home/ankush/ros2_ws/install/examples_rclcpp_minimal_timer
[1.881s] -- The C compiler identification is GNU 11.3.0
[1.881s] -- The CXX compiler identification is GNU 11.3.0
[1.881s] -- Detecting C compiler ABI info
[1.881s] -- Detecting C compiler ABI info - done
[1.881s] -- Check for working C compiler: /usr/bin/cc - skipped
[1.882s] -- Detecting C compile features
[1.882s] -- Detecting C compile features - done
[1.882s] -- Detecting CXX compiler ABI info
[1.882s] -- Detecting CXX compiler ABI info - done
[1.882s] -- Check for working CXX compiler: /usr/bin/c++ - skipped
[1.882s] -- Detecting CXX compile features
[1.882s] -- Detecting CXX compile features - done
[1.882s] -- Found ament_cmake: 1.3.2 (/opt/ros/humble/share/ament_cmake/cmake)
[1.882s] -- Found Python3: /usr/bin/python3.10 (found version "3.10.6") found components: Interpreter 
[1.883s] -- Override CMake install command with custom implementation using symlinks instead of copying resources
[1.883s] -- Found rclcpp: 16.0.1 (/opt/ros/humble/share/rclcpp/cmake)
[1.883s] -- Found rosidl_generator_c: 3.1.3 (/opt/ros/humble/share/rosidl_generator_c/cmake)
[1.883s] -- Found rosidl_adapter: 3.1.3 (/opt/ros/humble/share/rosidl_adapter/cmake)
[1.883s] -- Found rosidl_generator_cpp: 3.1.3 (/opt/ros/humble/share/rosidl_generator_cpp/cmake)
[1.883s] -- Using all available rosidl_typesupport_c: rosidl_typesupport_fastrtps_c;rosidl_typesupport_introspection_c
[1.883s] -- Using all available rosidl_typesupport_cpp: rosidl_typesupport_fastrtps_cpp;rosidl_typesupport_introspection_cpp
[1.883s] -- Found rmw_implementation_cmake: 6.1.0 (/opt/ros/humble/share/rmw_implementation_cmake/cmake)
[1.883s] -- Found rmw_fastrtps_cpp: 6.2.1 (/opt/ros/humble/share/rmw_fastrtps_cpp/cmake)
[1.884s] -- Found OpenSSL: /usr/lib/x86_64-linux-gnu/libcrypto.so (found version "3.0.2")  
[1.884s] -- Found FastRTPS: /opt/ros/humble/include  
[1.884s] -- Using RMW implementation 'rmw_fastrtps_cpp' as default
[1.884s] -- Found ament_lint_auto: 0.12.4 (/opt/ros/humble/share/ament_lint_auto/cmake)
[1.887s] -- Added test 'copyright' to check source files copyright and LICENSE
[1.888s] -- Added test 'cppcheck' to perform static code analysis on C / C++ code
[1.888s] -- Configured cppcheck include dirs: 
[1.889s] -- Configured cppcheck exclude dirs and/or files: 
[1.889s] -- Added test 'cpplint' to check C / C++ code against the Google style
[1.889s] -- Configured cpplint exclude dirs and/or files: 
[1.889s] -- Added test 'lint_cmake' to check CMake code style
[1.890s] -- Added test 'uncrustify' to check C / C++ code style
[1.890s] -- Configured uncrustify additional arguments: 
[1.890s] -- Added test 'xmllint' to check XML markup files
[1.890s] -- Configuring done
[1.891s] -- Generating done
[1.892s] -- Build files have been written to: /home/ankush/ros2_ws/build/examples_rclcpp_minimal_timer
[1.910s] Invoked command in '/home/ankush/ros2_ws/build/examples_rclcpp_minimal_timer' returned '0': CMAKE_PREFIX_PATH=/opt/ros/humble /usr/bin/cmake /home/ankush/ros2_ws/src/examples/rclcpp/timers/minimal_timer -DAMENT_CMAKE_SYMLINK_INSTALL=1 -DCMAKE_INSTALL_PREFIX=/home/ankush/ros2_ws/install/examples_rclcpp_minimal_timer
[1.911s] Invoking command in '/home/ankush/ros2_ws/build/examples_rclcpp_minimal_timer': CMAKE_PREFIX_PATH=/opt/ros/humble /usr/bin/cmake --build /home/ankush/ros2_ws/build/examples_rclcpp_minimal_timer -- -j16 -l16
[2.087s] [ 25%] [32mBuilding CXX object CMakeFiles/timer_member_function.dir/member_function.cpp.o[0m
[2.121s] [ 50%] [32mBuilding CXX object CMakeFiles/timer_lambda.dir/lambda.cpp.o[0m
[19.191s] [ 75%] [32m[1mLinking CXX executable timer_lambda[0m
[19.407s] [ 75%] Built target timer_lambda
[32.705s] [100%] [32m[1mLinking CXX executable timer_member_function[0m
[33.320s] [100%] Built target timer_member_function
[33.401s] Invoked command in '/home/ankush/ros2_ws/build/examples_rclcpp_minimal_timer' returned '0': CMAKE_PREFIX_PATH=/opt/ros/humble /usr/bin/cmake --build /home/ankush/ros2_ws/build/examples_rclcpp_minimal_timer -- -j16 -l16
[33.797s] Invoking command in '/home/ankush/ros2_ws/build/examples_rclcpp_minimal_timer': CMAKE_PREFIX_PATH=/opt/ros/humble /usr/bin/cmake --install /home/ankush/ros2_ws/build/examples_rclcpp_minimal_timer
[37.299s] -- Install configuration: ""
[37.299s] -- Execute custom install script
[37.299s] -- Symlinking: /home/ankush/ros2_ws/install/examples_rclcpp_minimal_timer/lib/examples_rclcpp_minimal_timer/timer_lambda
[37.299s] -- Symlinking: /home/ankush/ros2_ws/install/examples_rclcpp_minimal_timer/lib/examples_rclcpp_minimal_timer/timer_member_function
[37.300s] -- Symlinking: /home/ankush/ros2_ws/install/examples_rclcpp_minimal_timer/share/ament_index/resource_index/package_run_dependencies/examples_rclcpp_minimal_timer
[37.300s] -- Symlinking: /home/ankush/ros2_ws/install/examples_rclcpp_minimal_timer/share/ament_index/resource_index/parent_prefix_path/examples_rclcpp_minimal_timer
[37.300s] -- Symlinking: /home/ankush/ros2_ws/install/examples_rclcpp_minimal_timer/share/examples_rclcpp_minimal_timer/environment/ament_prefix_path.sh
[37.300s] -- Symlinking: /home/ankush/ros2_ws/install/examples_rclcpp_minimal_timer/share/examples_rclcpp_minimal_timer/environment/ament_prefix_path.dsv
[37.300s] -- Symlinking: /home/ankush/ros2_ws/install/examples_rclcpp_minimal_timer/share/examples_rclcpp_minimal_timer/environment/path.sh
[37.300s] -- Symlinking: /home/ankush/ros2_ws/install/examples_rclcpp_minimal_timer/share/examples_rclcpp_minimal_timer/environment/path.dsv
[37.300s] -- Symlinking: /home/ankush/ros2_ws/install/examples_rclcpp_minimal_timer/share/examples_rclcpp_minimal_timer/local_setup.bash
[37.300s] -- Symlinking: /home/ankush/ros2_ws/install/examples_rclcpp_minimal_timer/share/examples_rclcpp_minimal_timer/local_setup.sh
[37.301s] -- Symlinking: /home/ankush/ros2_ws/install/examples_rclcpp_minimal_timer/share/examples_rclcpp_minimal_timer/local_setup.zsh
[37.301s] -- Symlinking: /home/ankush/ros2_ws/install/examples_rclcpp_minimal_timer/share/examples_rclcpp_minimal_timer/local_setup.dsv
[37.301s] -- Symlinking: /home/ankush/ros2_ws/install/examples_rclcpp_minimal_timer/share/examples_rclcpp_minimal_timer/package.dsv
[37.301s] -- Symlinking: /home/ankush/ros2_ws/install/examples_rclcpp_minimal_timer/share/ament_index/resource_index/packages/examples_rclcpp_minimal_timer
[37.301s] -- Symlinking: /home/ankush/ros2_ws/install/examples_rclcpp_minimal_timer/share/examples_rclcpp_minimal_timer/cmake/examples_rclcpp_minimal_timerConfig.cmake
[37.301s] -- Symlinking: /home/ankush/ros2_ws/install/examples_rclcpp_minimal_timer/share/examples_rclcpp_minimal_timer/cmake/examples_rclcpp_minimal_timerConfig-version.cmake
[37.301s] -- Symlinking: /home/ankush/ros2_ws/install/examples_rclcpp_minimal_timer/share/examples_rclcpp_minimal_timer/package.xml
[37.361s] Invoked command in '/home/ankush/ros2_ws/build/examples_rclcpp_minimal_timer' returned '0': CMAKE_PREFIX_PATH=/opt/ros/humble /usr/bin/cmake --install /home/ankush/ros2_ws/build/examples_rclcpp_minimal_timer
