[1.706s] Invoking command in '/home/ankush/ros2_ws/build/examples_rclpy_guard_conditions': PYTHONPATH=/home/ankush/ros2_ws/install/examples_rclpy_guard_conditions/lib/python3.10/site-packages:${PYTHONPATH} /usr/bin/python3 setup.py develop --prefix /home/ankush/ros2_ws/install/examples_rclpy_guard_conditions --editable --build-directory /home/ankush/ros2_ws/build/examples_rclpy_guard_conditions/build --no-deps install_data --install-dir /home/ankush/ros2_ws/install/examples_rclpy_guard_conditions
[2.947s] running develop
[2.948s] running egg_info
[2.949s] writing examples_rclpy_guard_conditions.egg-info/PKG-INFO
[2.949s] writing dependency_links to examples_rclpy_guard_conditions.egg-info/dependency_links.txt
[2.949s] writing entry points to examples_rclpy_guard_conditions.egg-info/entry_points.txt
[2.949s] writing requirements to examples_rclpy_guard_conditions.egg-info/requires.txt
[2.949s] writing top-level names to examples_rclpy_guard_conditions.egg-info/top_level.txt
[2.949s] reading manifest file 'examples_rclpy_guard_conditions.egg-info/SOURCES.txt'
[2.949s] writing manifest file 'examples_rclpy_guard_conditions.egg-info/SOURCES.txt'
[2.950s] running build_ext
[2.950s] Creating /home/ankush/ros2_ws/install/examples_rclpy_guard_conditions/lib/python3.10/site-packages/examples-rclpy-guard-conditions.egg-link (link to .)
[2.950s] Installing trigger_guard_condition script to /home/ankush/ros2_ws/install/examples_rclpy_guard_conditions/lib/examples_rclpy_guard_conditions
[2.950s] 
[2.950s] Installed /home/ankush/ros2_ws/build/examples_rclpy_guard_conditions
[2.950s] running install_data
[2.950s] /usr/lib/python3/dist-packages/setuptools/command/easy_install.py:158: EasyInstallDeprecationWarning: easy_install command is deprecated. Use build and pip and other standards-based tools.
[2.950s]   warnings.warn(
[2.950s] /usr/lib/python3/dist-packages/setuptools/command/install.py:34: SetuptoolsDeprecationWarning: setup.py install is deprecated. Use build and pip and other standards-based tools.
[2.950s]   warnings.warn(
[2.950s] /usr/lib/python3/dist-packages/pkg_resources/__init__.py:116: PkgResourcesDeprecationWarning: 1.16.0-unknown is an invalid version and will not be supported in a future release
[2.950s]   warnings.warn(
[2.950s] /usr/lib/python3/dist-packages/pkg_resources/__init__.py:116: PkgResourcesDeprecationWarning: 1.1build1 is an invalid version and will not be supported in a future release
[2.950s]   warnings.warn(
[2.950s] /usr/lib/python3/dist-packages/pkg_resources/__init__.py:116: PkgResourcesDeprecationWarning: 0.1.43ubuntu1 is an invalid version and will not be supported in a future release
[2.951s]   warnings.warn(
[3.196s] Invoked command in '/home/ankush/ros2_ws/build/examples_rclpy_guard_conditions' returned '0': PYTHONPATH=/home/ankush/ros2_ws/install/examples_rclpy_guard_conditions/lib/python3.10/site-packages:${PYTHONPATH} /usr/bin/python3 setup.py develop --prefix /home/ankush/ros2_ws/install/examples_rclpy_guard_conditions --editable --build-directory /home/ankush/ros2_ws/build/examples_rclpy_guard_conditions/build --no-deps install_data --install-dir /home/ankush/ros2_ws/install/examples_rclpy_guard_conditions
