[2.311s] Invoking command in '/home/ankush/ros2_ws/build/examples_rclpy_minimal_service': PYTHONPATH=/home/ankush/ros2_ws/install/examples_rclpy_minimal_service/lib/python3.10/site-packages:${PYTHONPATH} /usr/bin/python3 setup.py develop --prefix /home/ankush/ros2_ws/install/examples_rclpy_minimal_service --editable --build-directory /home/ankush/ros2_ws/build/examples_rclpy_minimal_service/build --no-deps install_data --install-dir /home/ankush/ros2_ws/install/examples_rclpy_minimal_service
[2.601s] running develop
[2.601s] /usr/lib/python3/dist-packages/setuptools/command/easy_install.py:158: EasyInstallDeprecationWarning: easy_install command is deprecated. Use build and pip and other standards-based tools.
[2.601s]   warnings.warn(
[2.603s] /usr/lib/python3/dist-packages/setuptools/command/install.py:34: SetuptoolsDeprecationWarning: setup.py install is deprecated. Use build and pip and other standards-based tools.
[2.603s]   warnings.warn(
[2.672s] /usr/lib/python3/dist-packages/pkg_resources/__init__.py:116: PkgResourcesDeprecationWarning: 1.16.0-unknown is an invalid version and will not be supported in a future release
[2.672s]   warnings.warn(
[2.672s] /usr/lib/python3/dist-packages/pkg_resources/__init__.py:116: PkgResourcesDeprecationWarning: 1.1build1 is an invalid version and will not be supported in a future release
[2.672s]   warnings.warn(
[2.673s] /usr/lib/python3/dist-packages/pkg_resources/__init__.py:116: PkgResourcesDeprecationWarning: 0.1.43ubuntu1 is an invalid version and will not be supported in a future release
[2.673s]   warnings.warn(
[2.799s] running egg_info
[2.799s] writing examples_rclpy_minimal_service.egg-info/PKG-INFO
[2.800s] writing dependency_links to examples_rclpy_minimal_service.egg-info/dependency_links.txt
[2.800s] writing entry points to examples_rclpy_minimal_service.egg-info/entry_points.txt
[2.800s] writing requirements to examples_rclpy_minimal_service.egg-info/requires.txt
[2.803s] writing top-level names to examples_rclpy_minimal_service.egg-info/top_level.txt
[2.804s] reading manifest file 'examples_rclpy_minimal_service.egg-info/SOURCES.txt'
[2.804s] writing manifest file 'examples_rclpy_minimal_service.egg-info/SOURCES.txt'
[2.805s] running build_ext
[2.808s] Creating /home/ankush/ros2_ws/install/examples_rclpy_minimal_service/lib/python3.10/site-packages/examples-rclpy-minimal-service.egg-link (link to .)
[2.809s] Installing service script to /home/ankush/ros2_ws/install/examples_rclpy_minimal_service/lib/examples_rclpy_minimal_service
[2.809s] Installing service_member_function script to /home/ankush/ros2_ws/install/examples_rclpy_minimal_service/lib/examples_rclpy_minimal_service
[2.809s] 
[2.810s] Installed /home/ankush/ros2_ws/build/examples_rclpy_minimal_service
[2.810s] running install_data
[2.859s] Invoked command in '/home/ankush/ros2_ws/build/examples_rclpy_minimal_service' returned '0': PYTHONPATH=/home/ankush/ros2_ws/install/examples_rclpy_minimal_service/lib/python3.10/site-packages:${PYTHONPATH} /usr/bin/python3 setup.py develop --prefix /home/ankush/ros2_ws/install/examples_rclpy_minimal_service --editable --build-directory /home/ankush/ros2_ws/build/examples_rclpy_minimal_service/build --no-deps install_data --install-dir /home/ankush/ros2_ws/install/examples_rclpy_minimal_service
