[0.078s] Invoking command in '/home/ankush/ros2_ws/build/examples_rclcpp_minimal_action_server': CMAKE_PREFIX_PATH=${CMAKE_PREFIX_PATH}:/home/ankush/ros2_ws/install/launch_testing_examples:/home/ankush/ros2_ws/install/examples_rclpy_pointcloud_publisher:/home/ankush/ros2_ws/install/examples_rclpy_minimal_subscriber:/home/ankush/ros2_ws/install/examples_rclpy_minimal_service:/home/ankush/ros2_ws/install/examples_rclpy_minimal_publisher:/home/ankush/ros2_ws/install/examples_rclpy_minimal_client:/home/ankush/ros2_ws/install/examples_rclpy_minimal_action_server:/home/ankush/ros2_ws/install/examples_rclpy_minimal_action_client:/home/ankush/ros2_ws/install/examples_rclpy_guard_conditions:/home/ankush/ros2_ws/install/examples_rclpy_executors:/opt/ros/humble /usr/bin/cmake --build /home/ankush/ros2_ws/build/examples_rclcpp_minimal_action_server -- -j16 -l16
[0.822s] [ 50%] Built target action_server_member_functions
[0.823s] [100%] Built target action_server_not_composable
[0.842s] Invoked command in '/home/ankush/ros2_ws/build/examples_rclcpp_minimal_action_server' returned '0': CMAKE_PREFIX_PATH=${CMAKE_PREFIX_PATH}:/home/ankush/ros2_ws/install/launch_testing_examples:/home/ankush/ros2_ws/install/examples_rclpy_pointcloud_publisher:/home/ankush/ros2_ws/install/examples_rclpy_minimal_subscriber:/home/ankush/ros2_ws/install/examples_rclpy_minimal_service:/home/ankush/ros2_ws/install/examples_rclpy_minimal_publisher:/home/ankush/ros2_ws/install/examples_rclpy_minimal_client:/home/ankush/ros2_ws/install/examples_rclpy_minimal_action_server:/home/ankush/ros2_ws/install/examples_rclpy_minimal_action_client:/home/ankush/ros2_ws/install/examples_rclpy_guard_conditions:/home/ankush/ros2_ws/install/examples_rclpy_executors:/opt/ros/humble /usr/bin/cmake --build /home/ankush/ros2_ws/build/examples_rclcpp_minimal_action_server -- -j16 -l16
[0.931s] Invoking command in '/home/ankush/ros2_ws/build/examples_rclcpp_minimal_action_server': CMAKE_PREFIX_PATH=${CMAKE_PREFIX_PATH}:/home/ankush/ros2_ws/install/launch_testing_examples:/home/ankush/ros2_ws/install/examples_rclpy_pointcloud_publisher:/home/ankush/ros2_ws/install/examples_rclpy_minimal_subscriber:/home/ankush/ros2_ws/install/examples_rclpy_minimal_service:/home/ankush/ros2_ws/install/examples_rclpy_minimal_publisher:/home/ankush/ros2_ws/install/examples_rclpy_minimal_client:/home/ankush/ros2_ws/install/examples_rclpy_minimal_action_server:/home/ankush/ros2_ws/install/examples_rclpy_minimal_action_client:/home/ankush/ros2_ws/install/examples_rclpy_guard_conditions:/home/ankush/ros2_ws/install/examples_rclpy_executors:/opt/ros/humble /usr/bin/cmake --install /home/ankush/ros2_ws/build/examples_rclcpp_minimal_action_server
[0.955s] -- Install configuration: ""
[0.956s] -- Execute custom install script
[0.956s] -- Up-to-date symlink: /home/ankush/ros2_ws/install/examples_rclcpp_minimal_action_server/lib/examples_rclcpp_minimal_action_server/action_server_not_composable
[0.956s] -- Up-to-date symlink: /home/ankush/ros2_ws/install/examples_rclcpp_minimal_action_server/lib/examples_rclcpp_minimal_action_server/action_server_member_functions
[0.957s] -- Up-to-date symlink: /home/ankush/ros2_ws/install/examples_rclcpp_minimal_action_server/share/ament_index/resource_index/package_run_dependencies/examples_rclcpp_minimal_action_server
[0.957s] -- Up-to-date symlink: /home/ankush/ros2_ws/install/examples_rclcpp_minimal_action_server/share/ament_index/resource_index/parent_prefix_path/examples_rclcpp_minimal_action_server
[0.957s] -- Up-to-date symlink: /home/ankush/ros2_ws/install/examples_rclcpp_minimal_action_server/share/examples_rclcpp_minimal_action_server/environment/ament_prefix_path.sh
[0.957s] -- Up-to-date symlink: /home/ankush/ros2_ws/install/examples_rclcpp_minimal_action_server/share/examples_rclcpp_minimal_action_server/environment/ament_prefix_path.dsv
[0.957s] -- Up-to-date symlink: /home/ankush/ros2_ws/install/examples_rclcpp_minimal_action_server/share/examples_rclcpp_minimal_action_server/environment/path.sh
[0.957s] -- Up-to-date symlink: /home/ankush/ros2_ws/install/examples_rclcpp_minimal_action_server/share/examples_rclcpp_minimal_action_server/environment/path.dsv
[0.958s] -- Up-to-date symlink: /home/ankush/ros2_ws/install/examples_rclcpp_minimal_action_server/share/examples_rclcpp_minimal_action_server/local_setup.bash
[0.958s] -- Up-to-date symlink: /home/ankush/ros2_ws/install/examples_rclcpp_minimal_action_server/share/examples_rclcpp_minimal_action_server/local_setup.sh
[0.958s] -- Up-to-date symlink: /home/ankush/ros2_ws/install/examples_rclcpp_minimal_action_server/share/examples_rclcpp_minimal_action_server/local_setup.zsh
[0.958s] -- Up-to-date symlink: /home/ankush/ros2_ws/install/examples_rclcpp_minimal_action_server/share/examples_rclcpp_minimal_action_server/local_setup.dsv
[0.958s] -- Symlinking: /home/ankush/ros2_ws/install/examples_rclcpp_minimal_action_server/share/examples_rclcpp_minimal_action_server/package.dsv
[0.983s] -- Up-to-date symlink: /home/ankush/ros2_ws/install/examples_rclcpp_minimal_action_server/share/ament_index/resource_index/packages/examples_rclcpp_minimal_action_server
[0.983s] -- Up-to-date symlink: /home/ankush/ros2_ws/install/examples_rclcpp_minimal_action_server/share/examples_rclcpp_minimal_action_server/cmake/examples_rclcpp_minimal_action_serverConfig.cmake
[0.983s] -- Up-to-date symlink: /home/ankush/ros2_ws/install/examples_rclcpp_minimal_action_server/share/examples_rclcpp_minimal_action_server/cmake/examples_rclcpp_minimal_action_serverConfig-version.cmake
[0.985s] -- Up-to-date symlink: /home/ankush/ros2_ws/install/examples_rclcpp_minimal_action_server/share/examples_rclcpp_minimal_action_server/package.xml
[1.044s] Invoked command in '/home/ankush/ros2_ws/build/examples_rclcpp_minimal_action_server' returned '0': CMAKE_PREFIX_PATH=${CMAKE_PREFIX_PATH}:/home/ankush/ros2_ws/install/launch_testing_examples:/home/ankush/ros2_ws/install/examples_rclpy_pointcloud_publisher:/home/ankush/ros2_ws/install/examples_rclpy_minimal_subscriber:/home/ankush/ros2_ws/install/examples_rclpy_minimal_service:/home/ankush/ros2_ws/install/examples_rclpy_minimal_publisher:/home/ankush/ros2_ws/install/examples_rclpy_minimal_client:/home/ankush/ros2_ws/install/examples_rclpy_minimal_action_server:/home/ankush/ros2_ws/install/examples_rclpy_minimal_action_client:/home/ankush/ros2_ws/install/examples_rclpy_guard_conditions:/home/ankush/ros2_ws/install/examples_rclpy_executors:/opt/ros/humble /usr/bin/cmake --install /home/ankush/ros2_ws/build/examples_rclcpp_minimal_action_server
