[0.076s] Invoking command in '/home/ankush/ros2_ws/build/examples_rclcpp_cbg_executor': CMAKE_PREFIX_PATH=/opt/ros/humble /usr/bin/cmake /home/ankush/ros2_ws/src/examples/rclcpp/executors/cbg_executor -DAMENT_CMAKE_SYMLINK_INSTALL=1 -DCMAKE_INSTALL_PREFIX=/home/ankush/ros2_ws/install/examples_rclcpp_cbg_executor
[1.859s] -- The C compiler identification is GNU 11.3.0
[1.859s] -- The CXX compiler identification is GNU 11.3.0
[1.859s] -- Detecting C compiler ABI info
[1.859s] -- Detecting C compiler ABI info - done
[1.859s] -- Check for working C compiler: /usr/bin/cc - skipped
[1.859s] -- Detecting C compile features
[1.859s] -- Detecting C compile features - done
[1.860s] -- Detecting CXX compiler ABI info
[1.860s] -- Detecting CXX compiler ABI info - done
[1.860s] -- Check for working CXX compiler: /usr/bin/c++ - skipped
[1.861s] -- Detecting CXX compile features
[1.861s] -- Detecting CXX compile features - done
[1.861s] -- Found ament_cmake: 1.3.2 (/opt/ros/humble/share/ament_cmake/cmake)
[1.861s] -- Found Python3: /usr/bin/python3.10 (found version "3.10.6") found components: Interpreter 
[1.861s] -- Override CMake install command with custom implementation using symlinks instead of copying resources
[1.861s] -- Found rclcpp: 16.0.1 (/opt/ros/humble/share/rclcpp/cmake)
[1.861s] -- Found rosidl_generator_c: 3.1.3 (/opt/ros/humble/share/rosidl_generator_c/cmake)
[1.861s] -- Found rosidl_adapter: 3.1.3 (/opt/ros/humble/share/rosidl_adapter/cmake)
[1.865s] -- Found rosidl_generator_cpp: 3.1.3 (/opt/ros/humble/share/rosidl_generator_cpp/cmake)
[1.866s] -- Using all available rosidl_typesupport_c: rosidl_typesupport_fastrtps_c;rosidl_typesupport_introspection_c
[1.866s] -- Using all available rosidl_typesupport_cpp: rosidl_typesupport_fastrtps_cpp;rosidl_typesupport_introspection_cpp
[1.867s] -- Found rmw_implementation_cmake: 6.1.0 (/opt/ros/humble/share/rmw_implementation_cmake/cmake)
[1.867s] -- Found rmw_fastrtps_cpp: 6.2.1 (/opt/ros/humble/share/rmw_fastrtps_cpp/cmake)
[1.868s] -- Found OpenSSL: /usr/lib/x86_64-linux-gnu/libcrypto.so (found version "3.0.2")  
[1.869s] -- Found FastRTPS: /opt/ros/humble/include  
[1.869s] -- Using RMW implementation 'rmw_fastrtps_cpp' as default
[1.870s] -- Found ament_lint_auto: 0.12.4 (/opt/ros/humble/share/ament_lint_auto/cmake)
[1.925s] -- Added test 'copyright' to check source files copyright and LICENSE
[1.925s] -- Added test 'cppcheck' to perform static code analysis on C / C++ code
[1.926s] -- Configured cppcheck include dirs: /home/ankush/ros2_ws/src/examples/rclcpp/executors/cbg_executor/include
[1.926s] -- Configured cppcheck exclude dirs and/or files: 
[1.926s] -- Added test 'cpplint' to check C / C++ code against the Google style
[1.926s] -- Configured cpplint exclude dirs and/or files: 
[1.926s] -- Added test 'lint_cmake' to check CMake code style
[1.926s] -- Added test 'uncrustify' to check C / C++ code style
[1.926s] -- Configured uncrustify additional arguments: 
[1.926s] -- Added test 'xmllint' to check XML markup files
[1.927s] -- Configuring done
[1.945s] -- Generating done
[1.945s] -- Build files have been written to: /home/ankush/ros2_ws/build/examples_rclcpp_cbg_executor
[1.963s] Invoked command in '/home/ankush/ros2_ws/build/examples_rclcpp_cbg_executor' returned '0': CMAKE_PREFIX_PATH=/opt/ros/humble /usr/bin/cmake /home/ankush/ros2_ws/src/examples/rclcpp/executors/cbg_executor -DAMENT_CMAKE_SYMLINK_INSTALL=1 -DCMAKE_INSTALL_PREFIX=/home/ankush/ros2_ws/install/examples_rclcpp_cbg_executor
[1.964s] Invoking command in '/home/ankush/ros2_ws/build/examples_rclcpp_cbg_executor': CMAKE_PREFIX_PATH=/opt/ros/humble /usr/bin/cmake --build /home/ankush/ros2_ws/build/examples_rclcpp_cbg_executor -- -j16 -l16
[2.202s] [ 10%] [32mBuilding CXX object CMakeFiles/pong.dir/src/pong.cpp.o[0m
[2.203s] [ 20%] [32mBuilding CXX object CMakeFiles/ping.dir/src/ping.cpp.o[0m
[2.203s] [ 30%] [32mBuilding CXX object CMakeFiles/pong.dir/src/examples_rclcpp_cbg_executor/pong_node.cpp.o[0m
[2.203s] [ 50%] [32mBuilding CXX object CMakeFiles/ping.dir/src/examples_rclcpp_cbg_executor/ping_node.cpp.o[0m
[2.203s] [ 50%] [32mBuilding CXX object CMakeFiles/ping_pong.dir/src/ping_pong.cpp.o[0m
[2.203s] [ 60%] [32mBuilding CXX object CMakeFiles/ping_pong.dir/src/examples_rclcpp_cbg_executor/ping_node.cpp.o[0m
[2.203s] [ 70%] [32mBuilding CXX object CMakeFiles/ping_pong.dir/src/examples_rclcpp_cbg_executor/pong_node.cpp.o[0m
[49.411s] [ 80%] [32m[1mLinking CXX executable pong[0m
[50.304s] [ 80%] Built target pong
[51.684s] [ 90%] [32m[1mLinking CXX executable ping[0m
[52.742s] [ 90%] Built target ping
[52.850s] [100%] [32m[1mLinking CXX executable ping_pong[0m
[53.897s] [100%] Built target ping_pong
[53.920s] Invoked command in '/home/ankush/ros2_ws/build/examples_rclcpp_cbg_executor' returned '0': CMAKE_PREFIX_PATH=/opt/ros/humble /usr/bin/cmake --build /home/ankush/ros2_ws/build/examples_rclcpp_cbg_executor -- -j16 -l16
[53.946s] Invoking command in '/home/ankush/ros2_ws/build/examples_rclcpp_cbg_executor': CMAKE_PREFIX_PATH=/opt/ros/humble /usr/bin/cmake --install /home/ankush/ros2_ws/build/examples_rclcpp_cbg_executor
[53.951s] -- Install configuration: ""
[53.952s] -- Execute custom install script
[53.952s] -- Symlinking: /home/ankush/ros2_ws/install/examples_rclcpp_cbg_executor/lib/examples_rclcpp_cbg_executor/ping
[53.959s] -- Symlinking: /home/ankush/ros2_ws/install/examples_rclcpp_cbg_executor/lib/examples_rclcpp_cbg_executor/pong
[53.966s] -- Symlinking: /home/ankush/ros2_ws/install/examples_rclcpp_cbg_executor/lib/examples_rclcpp_cbg_executor/ping_pong
[53.973s] -- Symlinking: /home/ankush/ros2_ws/install/examples_rclcpp_cbg_executor/include/examples_rclcpp_cbg_executor/ping_node.hpp
[53.980s] -- Symlinking: /home/ankush/ros2_ws/install/examples_rclcpp_cbg_executor/include/examples_rclcpp_cbg_executor/pong_node.hpp
[53.987s] -- Symlinking: /home/ankush/ros2_ws/install/examples_rclcpp_cbg_executor/share/ament_index/resource_index/package_run_dependencies/examples_rclcpp_cbg_executor
[53.994s] -- Symlinking: /home/ankush/ros2_ws/install/examples_rclcpp_cbg_executor/share/ament_index/resource_index/parent_prefix_path/examples_rclcpp_cbg_executor
[54.001s] -- Symlinking: /home/ankush/ros2_ws/install/examples_rclcpp_cbg_executor/share/examples_rclcpp_cbg_executor/environment/ament_prefix_path.sh
[54.008s] -- Symlinking: /home/ankush/ros2_ws/install/examples_rclcpp_cbg_executor/share/examples_rclcpp_cbg_executor/environment/ament_prefix_path.dsv
[54.015s] -- Symlinking: /home/ankush/ros2_ws/install/examples_rclcpp_cbg_executor/share/examples_rclcpp_cbg_executor/environment/path.sh
[54.022s] -- Symlinking: /home/ankush/ros2_ws/install/examples_rclcpp_cbg_executor/share/examples_rclcpp_cbg_executor/environment/path.dsv
[54.029s] -- Symlinking: /home/ankush/ros2_ws/install/examples_rclcpp_cbg_executor/share/examples_rclcpp_cbg_executor/local_setup.bash
[54.035s] -- Symlinking: /home/ankush/ros2_ws/install/examples_rclcpp_cbg_executor/share/examples_rclcpp_cbg_executor/local_setup.sh
[54.042s] -- Symlinking: /home/ankush/ros2_ws/install/examples_rclcpp_cbg_executor/share/examples_rclcpp_cbg_executor/local_setup.zsh
[54.049s] -- Symlinking: /home/ankush/ros2_ws/install/examples_rclcpp_cbg_executor/share/examples_rclcpp_cbg_executor/local_setup.dsv
[54.056s] -- Symlinking: /home/ankush/ros2_ws/install/examples_rclcpp_cbg_executor/share/examples_rclcpp_cbg_executor/package.dsv
[54.064s] -- Symlinking: /home/ankush/ros2_ws/install/examples_rclcpp_cbg_executor/share/ament_index/resource_index/packages/examples_rclcpp_cbg_executor
[54.070s] -- Symlinking: /home/ankush/ros2_ws/install/examples_rclcpp_cbg_executor/share/examples_rclcpp_cbg_executor/cmake/ament_cmake_export_dependencies-extras.cmake
[54.077s] -- Symlinking: /home/ankush/ros2_ws/install/examples_rclcpp_cbg_executor/share/examples_rclcpp_cbg_executor/cmake/examples_rclcpp_cbg_executorConfig.cmake
[54.084s] -- Symlinking: /home/ankush/ros2_ws/install/examples_rclcpp_cbg_executor/share/examples_rclcpp_cbg_executor/cmake/examples_rclcpp_cbg_executorConfig-version.cmake
[54.091s] -- Symlinking: /home/ankush/ros2_ws/install/examples_rclcpp_cbg_executor/share/examples_rclcpp_cbg_executor/package.xml
[54.101s] Invoked command in '/home/ankush/ros2_ws/build/examples_rclcpp_cbg_executor' returned '0': CMAKE_PREFIX_PATH=/opt/ros/humble /usr/bin/cmake --install /home/ankush/ros2_ws/build/examples_rclcpp_cbg_executor
