[6.633s] Invoking command in '/home/ankush/ros2_ws/build/examples_rclpy_minimal_publisher': PYTHONPATH=/home/ankush/ros2_ws/install/examples_rclpy_minimal_publisher/lib/python3.10/site-packages:${PYTHONPATH} /usr/bin/python3 setup.py develop --prefix /home/ankush/ros2_ws/install/examples_rclpy_minimal_publisher --editable --build-directory /home/ankush/ros2_ws/build/examples_rclpy_minimal_publisher/build --no-deps install_data --install-dir /home/ankush/ros2_ws/install/examples_rclpy_minimal_publisher
[7.761s] running develop
[7.761s] /usr/lib/python3/dist-packages/setuptools/command/easy_install.py:158: EasyInstallDeprecationWarning: easy_install command is deprecated. Use build and pip and other standards-based tools.
[7.761s]   warnings.warn(
[7.764s] /usr/lib/python3/dist-packages/setuptools/command/install.py:34: SetuptoolsDeprecationWarning: setup.py install is deprecated. Use build and pip and other standards-based tools.
[7.764s]   warnings.warn(
[8.085s] /usr/lib/python3/dist-packages/pkg_resources/__init__.py:116: PkgResourcesDeprecationWarning: 1.16.0-unknown is an invalid version and will not be supported in a future release
[8.085s]   warnings.warn(
[8.086s] /usr/lib/python3/dist-packages/pkg_resources/__init__.py:116: PkgResourcesDeprecationWarning: 1.1build1 is an invalid version and will not be supported in a future release
[8.086s]   warnings.warn(
[8.086s] /usr/lib/python3/dist-packages/pkg_resources/__init__.py:116: PkgResourcesDeprecationWarning: 0.1.43ubuntu1 is an invalid version and will not be supported in a future release
[8.087s]   warnings.warn(
[8.735s] running egg_info
[8.752s] creating examples_rclpy_minimal_publisher.egg-info
[8.752s] writing examples_rclpy_minimal_publisher.egg-info/PKG-INFO
[8.753s] writing dependency_links to examples_rclpy_minimal_publisher.egg-info/dependency_links.txt
[8.753s] writing entry points to examples_rclpy_minimal_publisher.egg-info/entry_points.txt
[8.753s] writing requirements to examples_rclpy_minimal_publisher.egg-info/requires.txt
[8.753s] writing top-level names to examples_rclpy_minimal_publisher.egg-info/top_level.txt
[8.754s] writing manifest file 'examples_rclpy_minimal_publisher.egg-info/SOURCES.txt'
[8.757s] reading manifest file 'examples_rclpy_minimal_publisher.egg-info/SOURCES.txt'
[8.758s] writing manifest file 'examples_rclpy_minimal_publisher.egg-info/SOURCES.txt'
[8.760s] running build_ext
[8.761s] Creating /home/ankush/ros2_ws/install/examples_rclpy_minimal_publisher/lib/python3.10/site-packages/examples-rclpy-minimal-publisher.egg-link (link to .)
[8.762s] Installing publisher_local_function script to /home/ankush/ros2_ws/install/examples_rclpy_minimal_publisher/lib/examples_rclpy_minimal_publisher
[8.762s] Installing publisher_member_function script to /home/ankush/ros2_ws/install/examples_rclpy_minimal_publisher/lib/examples_rclpy_minimal_publisher
[8.762s] Installing publisher_old_school script to /home/ankush/ros2_ws/install/examples_rclpy_minimal_publisher/lib/examples_rclpy_minimal_publisher
[8.763s] 
[8.763s] Installed /home/ankush/ros2_ws/build/examples_rclpy_minimal_publisher
[8.763s] running install_data
[8.768s] creating /home/ankush/ros2_ws/install/examples_rclpy_minimal_publisher/share/ament_index
[8.768s] creating /home/ankush/ros2_ws/install/examples_rclpy_minimal_publisher/share/ament_index/resource_index
[8.769s] creating /home/ankush/ros2_ws/install/examples_rclpy_minimal_publisher/share/ament_index/resource_index/packages
[8.769s] copying resource/examples_rclpy_minimal_publisher -> /home/ankush/ros2_ws/install/examples_rclpy_minimal_publisher/share/ament_index/resource_index/packages
[8.780s] copying package.xml -> /home/ankush/ros2_ws/install/examples_rclpy_minimal_publisher/share/examples_rclpy_minimal_publisher
[8.872s] Invoked command in '/home/ankush/ros2_ws/build/examples_rclpy_minimal_publisher' returned '0': PYTHONPATH=/home/ankush/ros2_ws/install/examples_rclpy_minimal_publisher/lib/python3.10/site-packages:${PYTHONPATH} /usr/bin/python3 setup.py develop --prefix /home/ankush/ros2_ws/install/examples_rclpy_minimal_publisher --editable --build-directory /home/ankush/ros2_ws/build/examples_rclpy_minimal_publisher/build --no-deps install_data --install-dir /home/ankush/ros2_ws/install/examples_rclpy_minimal_publisher
