[2.065s] Invoking command in '/home/ankush/ros2_ws/build/examples_rclpy_minimal_service': PYTHONPATH=/home/ankush/ros2_ws/install/examples_rclpy_minimal_service/lib/python3.10/site-packages:${PYTHONPATH} /usr/bin/python3 setup.py develop --prefix /home/ankush/ros2_ws/install/examples_rclpy_minimal_service --editable --build-directory /home/ankush/ros2_ws/build/examples_rclpy_minimal_service/build --no-deps install_data --install-dir /home/ankush/ros2_ws/install/examples_rclpy_minimal_service
[2.402s] running develop
[2.402s] /usr/lib/python3/dist-packages/setuptools/command/easy_install.py:158: EasyInstallDeprecationWarning: easy_install command is deprecated. Use build and pip and other standards-based tools.
[2.403s]   warnings.warn(
[2.404s] /usr/lib/python3/dist-packages/setuptools/command/install.py:34: SetuptoolsDeprecationWarning: setup.py install is deprecated. Use build and pip and other standards-based tools.
[2.404s]   warnings.warn(
[2.472s] /usr/lib/python3/dist-packages/pkg_resources/__init__.py:116: PkgResourcesDeprecationWarning: 1.16.0-unknown is an invalid version and will not be supported in a future release
[2.473s]   warnings.warn(
[2.473s] /usr/lib/python3/dist-packages/pkg_resources/__init__.py:116: PkgResourcesDeprecationWarning: 1.1build1 is an invalid version and will not be supported in a future release
[2.473s]   warnings.warn(
[2.473s] /usr/lib/python3/dist-packages/pkg_resources/__init__.py:116: PkgResourcesDeprecationWarning: 0.1.43ubuntu1 is an invalid version and will not be supported in a future release
[2.473s]   warnings.warn(
[2.596s] running egg_info
[2.596s] writing examples_rclpy_minimal_service.egg-info/PKG-INFO
[2.596s] writing dependency_links to examples_rclpy_minimal_service.egg-info/dependency_links.txt
[2.596s] writing entry points to examples_rclpy_minimal_service.egg-info/entry_points.txt
[2.596s] writing requirements to examples_rclpy_minimal_service.egg-info/requires.txt
[2.597s] writing top-level names to examples_rclpy_minimal_service.egg-info/top_level.txt
[2.598s] reading manifest file 'examples_rclpy_minimal_service.egg-info/SOURCES.txt'
[2.599s] writing manifest file 'examples_rclpy_minimal_service.egg-info/SOURCES.txt'
[2.600s] running build_ext
[2.601s] Creating /home/ankush/ros2_ws/install/examples_rclpy_minimal_service/lib/python3.10/site-packages/examples-rclpy-minimal-service.egg-link (link to .)
[2.602s] Installing service script to /home/ankush/ros2_ws/install/examples_rclpy_minimal_service/lib/examples_rclpy_minimal_service
[2.602s] Installing service_member_function script to /home/ankush/ros2_ws/install/examples_rclpy_minimal_service/lib/examples_rclpy_minimal_service
[2.602s] 
[2.602s] Installed /home/ankush/ros2_ws/build/examples_rclpy_minimal_service
[2.602s] running install_data
[2.663s] Invoked command in '/home/ankush/ros2_ws/build/examples_rclpy_minimal_service' returned '0': PYTHONPATH=/home/ankush/ros2_ws/install/examples_rclpy_minimal_service/lib/python3.10/site-packages:${PYTHONPATH} /usr/bin/python3 setup.py develop --prefix /home/ankush/ros2_ws/install/examples_rclpy_minimal_service --editable --build-directory /home/ankush/ros2_ws/build/examples_rclpy_minimal_service/build --no-deps install_data --install-dir /home/ankush/ros2_ws/install/examples_rclpy_minimal_service
