[2.430s] Invoking command in '/home/ankush/ros2_ws/build/examples_rclpy_minimal_publisher': PYTHONPATH=/home/ankush/ros2_ws/install/examples_rclpy_minimal_publisher/lib/python3.10/site-packages:${PYTHONPATH} /usr/bin/python3 setup.py develop --prefix /home/ankush/ros2_ws/install/examples_rclpy_minimal_publisher --editable --build-directory /home/ankush/ros2_ws/build/examples_rclpy_minimal_publisher/build --no-deps install_data --install-dir /home/ankush/ros2_ws/install/examples_rclpy_minimal_publisher
[2.734s] running develop
[2.734s] /usr/lib/python3/dist-packages/setuptools/command/easy_install.py:158: EasyInstallDeprecationWarning: easy_install command is deprecated. Use build and pip and other standards-based tools.
[2.735s]   warnings.warn(
[2.736s] /usr/lib/python3/dist-packages/setuptools/command/install.py:34: SetuptoolsDeprecationWarning: setup.py install is deprecated. Use build and pip and other standards-based tools.
[2.736s]   warnings.warn(
[2.805s] /usr/lib/python3/dist-packages/pkg_resources/__init__.py:116: PkgResourcesDeprecationWarning: 1.16.0-unknown is an invalid version and will not be supported in a future release
[2.805s]   warnings.warn(
[2.806s] /usr/lib/python3/dist-packages/pkg_resources/__init__.py:116: PkgResourcesDeprecationWarning: 1.1build1 is an invalid version and will not be supported in a future release
[2.806s]   warnings.warn(
[2.806s] /usr/lib/python3/dist-packages/pkg_resources/__init__.py:116: PkgResourcesDeprecationWarning: 0.1.43ubuntu1 is an invalid version and will not be supported in a future release
[2.806s]   warnings.warn(
[2.932s] running egg_info
[2.932s] writing examples_rclpy_minimal_publisher.egg-info/PKG-INFO
[2.933s] writing dependency_links to examples_rclpy_minimal_publisher.egg-info/dependency_links.txt
[2.936s] writing entry points to examples_rclpy_minimal_publisher.egg-info/entry_points.txt
[2.937s] writing requirements to examples_rclpy_minimal_publisher.egg-info/requires.txt
[2.937s] writing top-level names to examples_rclpy_minimal_publisher.egg-info/top_level.txt
[2.938s] reading manifest file 'examples_rclpy_minimal_publisher.egg-info/SOURCES.txt'
[2.938s] writing manifest file 'examples_rclpy_minimal_publisher.egg-info/SOURCES.txt'
[2.938s] running build_ext
[2.939s] Creating /home/ankush/ros2_ws/install/examples_rclpy_minimal_publisher/lib/python3.10/site-packages/examples-rclpy-minimal-publisher.egg-link (link to .)
[2.939s] Installing publisher_local_function script to /home/ankush/ros2_ws/install/examples_rclpy_minimal_publisher/lib/examples_rclpy_minimal_publisher
[2.939s] Installing publisher_member_function script to /home/ankush/ros2_ws/install/examples_rclpy_minimal_publisher/lib/examples_rclpy_minimal_publisher
[2.939s] Installing publisher_old_school script to /home/ankush/ros2_ws/install/examples_rclpy_minimal_publisher/lib/examples_rclpy_minimal_publisher
[2.939s] 
[2.939s] Installed /home/ankush/ros2_ws/build/examples_rclpy_minimal_publisher
[2.939s] running install_data
[2.999s] Invoked command in '/home/ankush/ros2_ws/build/examples_rclpy_minimal_publisher' returned '0': PYTHONPATH=/home/ankush/ros2_ws/install/examples_rclpy_minimal_publisher/lib/python3.10/site-packages:${PYTHONPATH} /usr/bin/python3 setup.py develop --prefix /home/ankush/ros2_ws/install/examples_rclpy_minimal_publisher --editable --build-directory /home/ankush/ros2_ws/build/examples_rclpy_minimal_publisher/build --no-deps install_data --install-dir /home/ankush/ros2_ws/install/examples_rclpy_minimal_publisher
