[0.114s] Invoking command in '/home/ankush/ros2_ws/build/rrbot_description': CMAKE_PREFIX_PATH=${CMAKE_PREFIX_PATH}:/home/ankush/ros2_ws/install/launch_testing_examples:/home/ankush/ros2_ws/install/examples_rclpy_pointcloud_publisher:/home/ankush/ros2_ws/install/examples_rclpy_minimal_subscriber:/home/ankush/ros2_ws/install/examples_rclpy_minimal_service:/home/ankush/ros2_ws/install/examples_rclpy_minimal_publisher:/home/ankush/ros2_ws/install/examples_rclpy_minimal_client:/home/ankush/ros2_ws/install/examples_rclpy_minimal_action_server:/home/ankush/ros2_ws/install/examples_rclpy_minimal_action_client:/home/ankush/ros2_ws/install/examples_rclpy_guard_conditions:/home/ankush/ros2_ws/install/examples_rclpy_executors:/opt/ros/humble /usr/bin/cmake /home/ankush/ros2_ws/src/rrbot_simulation_files/rrbot_description -DAMENT_CMAKE_SYMLINK_INSTALL=1 -DCMAKE_INSTALL_PREFIX=/home/ankush/ros2_ws/install/rrbot_description
[1.052s] -- The C compiler identification is GNU 11.3.0
[1.052s] -- The CXX compiler identification is GNU 11.3.0
[1.052s] -- Detecting C compiler ABI info
[1.052s] -- Detecting C compiler ABI info - done
[1.052s] -- Check for working C compiler: /usr/bin/cc - skipped
[1.052s] -- Detecting C compile features
[1.052s] -- Detecting C compile features - done
[1.053s] -- Detecting CXX compiler ABI info
[1.053s] -- Detecting CXX compiler ABI info - done
[1.053s] -- Check for working CXX compiler: /usr/bin/c++ - skipped
[1.053s] -- Detecting CXX compile features
[1.053s] -- Detecting CXX compile features - done
[1.053s] -- Found ament_cmake: 1.3.2 (/opt/ros/humble/share/ament_cmake/cmake)
[1.053s] -- Found Python3: /usr/bin/python3.10 (found version "3.10.6") found components: Interpreter 
[1.053s] -- Override CMake install command with custom implementation using symlinks instead of copying resources
[1.054s] -- Configuring done
[1.054s] -- Generating done
[1.054s] -- Build files have been written to: /home/ankush/ros2_ws/build/rrbot_description
[1.075s] Invoked command in '/home/ankush/ros2_ws/build/rrbot_description' returned '0': CMAKE_PREFIX_PATH=${CMAKE_PREFIX_PATH}:/home/ankush/ros2_ws/install/launch_testing_examples:/home/ankush/ros2_ws/install/examples_rclpy_pointcloud_publisher:/home/ankush/ros2_ws/install/examples_rclpy_minimal_subscriber:/home/ankush/ros2_ws/install/examples_rclpy_minimal_service:/home/ankush/ros2_ws/install/examples_rclpy_minimal_publisher:/home/ankush/ros2_ws/install/examples_rclpy_minimal_client:/home/ankush/ros2_ws/install/examples_rclpy_minimal_action_server:/home/ankush/ros2_ws/install/examples_rclpy_minimal_action_client:/home/ankush/ros2_ws/install/examples_rclpy_guard_conditions:/home/ankush/ros2_ws/install/examples_rclpy_executors:/opt/ros/humble /usr/bin/cmake /home/ankush/ros2_ws/src/rrbot_simulation_files/rrbot_description -DAMENT_CMAKE_SYMLINK_INSTALL=1 -DCMAKE_INSTALL_PREFIX=/home/ankush/ros2_ws/install/rrbot_description
[1.076s] Invoking command in '/home/ankush/ros2_ws/build/rrbot_description': CMAKE_PREFIX_PATH=${CMAKE_PREFIX_PATH}:/home/ankush/ros2_ws/install/launch_testing_examples:/home/ankush/ros2_ws/install/examples_rclpy_pointcloud_publisher:/home/ankush/ros2_ws/install/examples_rclpy_minimal_subscriber:/home/ankush/ros2_ws/install/examples_rclpy_minimal_service:/home/ankush/ros2_ws/install/examples_rclpy_minimal_publisher:/home/ankush/ros2_ws/install/examples_rclpy_minimal_client:/home/ankush/ros2_ws/install/examples_rclpy_minimal_action_server:/home/ankush/ros2_ws/install/examples_rclpy_minimal_action_client:/home/ankush/ros2_ws/install/examples_rclpy_guard_conditions:/home/ankush/ros2_ws/install/examples_rclpy_executors:/opt/ros/humble /usr/bin/cmake --build /home/ankush/ros2_ws/build/rrbot_description -- -j16 -l16
[1.175s] Invoked command in '/home/ankush/ros2_ws/build/rrbot_description' returned '0': CMAKE_PREFIX_PATH=${CMAKE_PREFIX_PATH}:/home/ankush/ros2_ws/install/launch_testing_examples:/home/ankush/ros2_ws/install/examples_rclpy_pointcloud_publisher:/home/ankush/ros2_ws/install/examples_rclpy_minimal_subscriber:/home/ankush/ros2_ws/install/examples_rclpy_minimal_service:/home/ankush/ros2_ws/install/examples_rclpy_minimal_publisher:/home/ankush/ros2_ws/install/examples_rclpy_minimal_client:/home/ankush/ros2_ws/install/examples_rclpy_minimal_action_server:/home/ankush/ros2_ws/install/examples_rclpy_minimal_action_client:/home/ankush/ros2_ws/install/examples_rclpy_guard_conditions:/home/ankush/ros2_ws/install/examples_rclpy_executors:/opt/ros/humble /usr/bin/cmake --build /home/ankush/ros2_ws/build/rrbot_description -- -j16 -l16
[1.303s] Invoking command in '/home/ankush/ros2_ws/build/rrbot_description': CMAKE_PREFIX_PATH=${CMAKE_PREFIX_PATH}:/home/ankush/ros2_ws/install/launch_testing_examples:/home/ankush/ros2_ws/install/examples_rclpy_pointcloud_publisher:/home/ankush/ros2_ws/install/examples_rclpy_minimal_subscriber:/home/ankush/ros2_ws/install/examples_rclpy_minimal_service:/home/ankush/ros2_ws/install/examples_rclpy_minimal_publisher:/home/ankush/ros2_ws/install/examples_rclpy_minimal_client:/home/ankush/ros2_ws/install/examples_rclpy_minimal_action_server:/home/ankush/ros2_ws/install/examples_rclpy_minimal_action_client:/home/ankush/ros2_ws/install/examples_rclpy_guard_conditions:/home/ankush/ros2_ws/install/examples_rclpy_executors:/opt/ros/humble /usr/bin/cmake --install /home/ankush/ros2_ws/build/rrbot_description
[1.331s] -- Install configuration: ""
[1.331s] -- Execute custom install script
[1.331s] -- Symlinking: /home/ankush/ros2_ws/install/rrbot_description/share/rrbot_description/config/rrbot.rviz
[1.331s] -- Symlinking: /home/ankush/ros2_ws/install/rrbot_description/share/rrbot_description/gazebo/rrbot.gazebo.xacro
[1.331s] -- Symlinking: /home/ankush/ros2_ws/install/rrbot_description/share/rrbot_description/gazebo/rrbot.materials.xacro
[1.331s] -- Symlinking: /home/ankush/ros2_ws/install/rrbot_description/share/rrbot_description/meshes/hokuyo.dae
[1.336s] -- Symlinking: /home/ankush/ros2_ws/install/rrbot_description/share/rrbot_description/launch/view_robot.launch.py
[1.346s] -- Symlinking: /home/ankush/ros2_ws/install/rrbot_description/share/rrbot_description/ros2_control/rrbot.ros2_control.xacro
[1.353s] -- Symlinking: /home/ankush/ros2_ws/install/rrbot_description/share/rrbot_description/urdf/rrbot.urdf.xacro
[1.359s] -- Symlinking: /home/ankush/ros2_ws/install/rrbot_description/share/rrbot_description/urdf/rrbot_description.urdf.xacro
[1.365s] -- Symlinking: /home/ankush/ros2_ws/install/rrbot_description/share/rrbot_description/environment/rrbot_description.dsv
[1.372s] -- Symlinking: /home/ankush/ros2_ws/install/rrbot_description/share/ament_index/resource_index/package_run_dependencies/rrbot_description
[1.380s] -- Symlinking: /home/ankush/ros2_ws/install/rrbot_description/share/ament_index/resource_index/parent_prefix_path/rrbot_description
[1.386s] -- Symlinking: /home/ankush/ros2_ws/install/rrbot_description/share/rrbot_description/environment/ament_prefix_path.sh
[1.393s] -- Symlinking: /home/ankush/ros2_ws/install/rrbot_description/share/rrbot_description/environment/ament_prefix_path.dsv
[1.399s] -- Symlinking: /home/ankush/ros2_ws/install/rrbot_description/share/rrbot_description/environment/path.sh
[1.405s] -- Symlinking: /home/ankush/ros2_ws/install/rrbot_description/share/rrbot_description/environment/path.dsv
[1.413s] -- Symlinking: /home/ankush/ros2_ws/install/rrbot_description/share/rrbot_description/local_setup.bash
[1.418s] -- Symlinking: /home/ankush/ros2_ws/install/rrbot_description/share/rrbot_description/local_setup.sh
[1.425s] -- Symlinking: /home/ankush/ros2_ws/install/rrbot_description/share/rrbot_description/local_setup.zsh
[1.433s] -- Symlinking: /home/ankush/ros2_ws/install/rrbot_description/share/rrbot_description/local_setup.dsv
[1.439s] -- Symlinking: /home/ankush/ros2_ws/install/rrbot_description/share/rrbot_description/package.dsv
[1.446s] -- Symlinking: /home/ankush/ros2_ws/install/rrbot_description/share/ament_index/resource_index/packages/rrbot_description
[1.457s] -- Symlinking: /home/ankush/ros2_ws/install/rrbot_description/share/rrbot_description/cmake/rrbot_descriptionConfig.cmake
[1.462s] -- Symlinking: /home/ankush/ros2_ws/install/rrbot_description/share/rrbot_description/cmake/rrbot_descriptionConfig-version.cmake
[1.469s] -- Symlinking: /home/ankush/ros2_ws/install/rrbot_description/share/rrbot_description/package.xml
[1.786s] Invoked command in '/home/ankush/ros2_ws/build/rrbot_description' returned '0': CMAKE_PREFIX_PATH=${CMAKE_PREFIX_PATH}:/home/ankush/ros2_ws/install/launch_testing_examples:/home/ankush/ros2_ws/install/examples_rclpy_pointcloud_publisher:/home/ankush/ros2_ws/install/examples_rclpy_minimal_subscriber:/home/ankush/ros2_ws/install/examples_rclpy_minimal_service:/home/ankush/ros2_ws/install/examples_rclpy_minimal_publisher:/home/ankush/ros2_ws/install/examples_rclpy_minimal_client:/home/ankush/ros2_ws/install/examples_rclpy_minimal_action_server:/home/ankush/ros2_ws/install/examples_rclpy_minimal_action_client:/home/ankush/ros2_ws/install/examples_rclpy_guard_conditions:/home/ankush/ros2_ws/install/examples_rclpy_executors:/opt/ros/humble /usr/bin/cmake --install /home/ankush/ros2_ws/build/rrbot_description
