[1.503s] Invoking command in '/home/ankush/ros2_ws/build/rrbot_gazebo': CMAKE_PREFIX_PATH=/home/ankush/ros2_ws/install/rrbot_description:/home/ankush/ros2_ws/install/rrbot_gazebo:/home/ankush/ros2_ws/install/examples_rclcpp_wait_set:/home/ankush/ros2_ws/install/examples_rclcpp_multithreaded_executor:/home/ankush/ros2_ws/install/examples_rclcpp_minimal_timer:/home/ankush/ros2_ws/install/examples_rclcpp_minimal_subscriber:/home/ankush/ros2_ws/install/examples_rclcpp_minimal_service:/home/ankush/ros2_ws/install/examples_rclcpp_minimal_publisher:/home/ankush/ros2_ws/install/examples_rclcpp_minimal_composition:/home/ankush/ros2_ws/install/examples_rclcpp_minimal_client:/home/ankush/ros2_ws/install/examples_rclcpp_minimal_action_server:/home/ankush/ros2_ws/install/examples_rclcpp_minimal_action_client:/home/ankush/ros2_ws/install/examples_rclcpp_cbg_executor:/home/ankush/ros2_ws/install/examples_rclcpp_async_client:/home/ankush/ros2_ws/install/launch_testing_examples:/home/ankush/ros2_ws/install/examples_rclpy_pointcloud_publisher:/home/ankush/ros2_ws/install/examples_rclpy_minimal_subscriber:/home/ankush/ros2_ws/install/examples_rclpy_minimal_service:/home/ankush/ros2_ws/install/examples_rclpy_minimal_publisher:/home/ankush/ros2_ws/install/examples_rclpy_minimal_client:/home/ankush/ros2_ws/install/examples_rclpy_minimal_action_server:/home/ankush/ros2_ws/install/examples_rclpy_minimal_action_client:/home/ankush/ros2_ws/install/examples_rclpy_guard_conditions:/home/ankush/ros2_ws/install/examples_rclpy_executors:/opt/ros/humble /usr/bin/cmake --build /home/ankush/ros2_ws/build/rrbot_gazebo -- -j16 -l16
[1.535s] [35m[1mConsolidate compiler generated dependencies of target publisher[0m
[1.535s] [35m[1mConsolidate compiler generated dependencies of target switch[0m
[1.548s] [100%] Built target switch
[1.548s] [100%] Built target publisher
[1.557s] Invoked command in '/home/ankush/ros2_ws/build/rrbot_gazebo' returned '0': CMAKE_PREFIX_PATH=/home/ankush/ros2_ws/install/rrbot_description:/home/ankush/ros2_ws/install/rrbot_gazebo:/home/ankush/ros2_ws/install/examples_rclcpp_wait_set:/home/ankush/ros2_ws/install/examples_rclcpp_multithreaded_executor:/home/ankush/ros2_ws/install/examples_rclcpp_minimal_timer:/home/ankush/ros2_ws/install/examples_rclcpp_minimal_subscriber:/home/ankush/ros2_ws/install/examples_rclcpp_minimal_service:/home/ankush/ros2_ws/install/examples_rclcpp_minimal_publisher:/home/ankush/ros2_ws/install/examples_rclcpp_minimal_composition:/home/ankush/ros2_ws/install/examples_rclcpp_minimal_client:/home/ankush/ros2_ws/install/examples_rclcpp_minimal_action_server:/home/ankush/ros2_ws/install/examples_rclcpp_minimal_action_client:/home/ankush/ros2_ws/install/examples_rclcpp_cbg_executor:/home/ankush/ros2_ws/install/examples_rclcpp_async_client:/home/ankush/ros2_ws/install/launch_testing_examples:/home/ankush/ros2_ws/install/examples_rclpy_pointcloud_publisher:/home/ankush/ros2_ws/install/examples_rclpy_minimal_subscriber:/home/ankush/ros2_ws/install/examples_rclpy_minimal_service:/home/ankush/ros2_ws/install/examples_rclpy_minimal_publisher:/home/ankush/ros2_ws/install/examples_rclpy_minimal_client:/home/ankush/ros2_ws/install/examples_rclpy_minimal_action_server:/home/ankush/ros2_ws/install/examples_rclpy_minimal_action_client:/home/ankush/ros2_ws/install/examples_rclpy_guard_conditions:/home/ankush/ros2_ws/install/examples_rclpy_executors:/opt/ros/humble /usr/bin/cmake --build /home/ankush/ros2_ws/build/rrbot_gazebo -- -j16 -l16
[1.581s] Invoking command in '/home/ankush/ros2_ws/build/rrbot_gazebo': CMAKE_PREFIX_PATH=/home/ankush/ros2_ws/install/rrbot_description:/home/ankush/ros2_ws/install/rrbot_gazebo:/home/ankush/ros2_ws/install/examples_rclcpp_wait_set:/home/ankush/ros2_ws/install/examples_rclcpp_multithreaded_executor:/home/ankush/ros2_ws/install/examples_rclcpp_minimal_timer:/home/ankush/ros2_ws/install/examples_rclcpp_minimal_subscriber:/home/ankush/ros2_ws/install/examples_rclcpp_minimal_service:/home/ankush/ros2_ws/install/examples_rclcpp_minimal_publisher:/home/ankush/ros2_ws/install/examples_rclcpp_minimal_composition:/home/ankush/ros2_ws/install/examples_rclcpp_minimal_client:/home/ankush/ros2_ws/install/examples_rclcpp_minimal_action_server:/home/ankush/ros2_ws/install/examples_rclcpp_minimal_action_client:/home/ankush/ros2_ws/install/examples_rclcpp_cbg_executor:/home/ankush/ros2_ws/install/examples_rclcpp_async_client:/home/ankush/ros2_ws/install/launch_testing_examples:/home/ankush/ros2_ws/install/examples_rclpy_pointcloud_publisher:/home/ankush/ros2_ws/install/examples_rclpy_minimal_subscriber:/home/ankush/ros2_ws/install/examples_rclpy_minimal_service:/home/ankush/ros2_ws/install/examples_rclpy_minimal_publisher:/home/ankush/ros2_ws/install/examples_rclpy_minimal_client:/home/ankush/ros2_ws/install/examples_rclpy_minimal_action_server:/home/ankush/ros2_ws/install/examples_rclpy_minimal_action_client:/home/ankush/ros2_ws/install/examples_rclpy_guard_conditions:/home/ankush/ros2_ws/install/examples_rclpy_executors:/opt/ros/humble /usr/bin/cmake --install /home/ankush/ros2_ws/build/rrbot_gazebo
[1.588s] -- Install configuration: ""
[1.589s] -- Execute custom install script
[1.589s] -- Up-to-date symlink: /home/ankush/ros2_ws/install/rrbot_gazebo/lib/rrbot_gazebo/publisher
[1.589s] -- Up-to-date symlink: /home/ankush/ros2_ws/install/rrbot_gazebo/lib/rrbot_gazebo/switch
[1.590s] -- Up-to-date symlink: /home/ankush/ros2_ws/install/rrbot_gazebo/share/rrbot_gazebo/launch/rrbot_world.launch.py
[1.590s] -- Up-to-date symlink: /home/ankush/ros2_ws/install/rrbot_gazebo/share/rrbot_gazebo/worlds/rrbot.world
[1.591s] -- Up-to-date symlink: /home/ankush/ros2_ws/install/rrbot_gazebo/share/rrbot_gazebo/config/controllers.yaml
[1.591s] -- Up-to-date symlink: /home/ankush/ros2_ws/install/rrbot_gazebo/share/rrbot_gazebo/config/gazebo_controllers.yaml
[1.591s] -- Up-to-date symlink: /home/ankush/ros2_ws/install/rrbot_gazebo/share/ament_index/resource_index/package_run_dependencies/rrbot_gazebo
[1.592s] -- Up-to-date symlink: /home/ankush/ros2_ws/install/rrbot_gazebo/share/ament_index/resource_index/parent_prefix_path/rrbot_gazebo
[1.592s] -- Up-to-date symlink: /home/ankush/ros2_ws/install/rrbot_gazebo/share/rrbot_gazebo/environment/ament_prefix_path.sh
[1.592s] -- Up-to-date symlink: /home/ankush/ros2_ws/install/rrbot_gazebo/share/rrbot_gazebo/environment/ament_prefix_path.dsv
[1.592s] -- Up-to-date symlink: /home/ankush/ros2_ws/install/rrbot_gazebo/share/rrbot_gazebo/environment/path.sh
[1.592s] -- Up-to-date symlink: /home/ankush/ros2_ws/install/rrbot_gazebo/share/rrbot_gazebo/environment/path.dsv
[1.593s] -- Up-to-date symlink: /home/ankush/ros2_ws/install/rrbot_gazebo/share/rrbot_gazebo/local_setup.bash
[1.593s] -- Up-to-date symlink: /home/ankush/ros2_ws/install/rrbot_gazebo/share/rrbot_gazebo/local_setup.sh
[1.593s] -- Up-to-date symlink: /home/ankush/ros2_ws/install/rrbot_gazebo/share/rrbot_gazebo/local_setup.zsh
[1.593s] -- Up-to-date symlink: /home/ankush/ros2_ws/install/rrbot_gazebo/share/rrbot_gazebo/local_setup.dsv
[1.593s] -- Symlinking: /home/ankush/ros2_ws/install/rrbot_gazebo/share/rrbot_gazebo/package.dsv
[1.601s] -- Up-to-date symlink: /home/ankush/ros2_ws/install/rrbot_gazebo/share/ament_index/resource_index/packages/rrbot_gazebo
[1.601s] -- Up-to-date symlink: /home/ankush/ros2_ws/install/rrbot_gazebo/share/rrbot_gazebo/cmake/rrbot_gazeboConfig.cmake
[1.602s] -- Up-to-date symlink: /home/ankush/ros2_ws/install/rrbot_gazebo/share/rrbot_gazebo/cmake/rrbot_gazeboConfig-version.cmake
[1.602s] -- Up-to-date symlink: /home/ankush/ros2_ws/install/rrbot_gazebo/share/rrbot_gazebo/package.xml
[1.608s] Invoked command in '/home/ankush/ros2_ws/build/rrbot_gazebo' returned '0': CMAKE_PREFIX_PATH=/home/ankush/ros2_ws/install/rrbot_description:/home/ankush/ros2_ws/install/rrbot_gazebo:/home/ankush/ros2_ws/install/examples_rclcpp_wait_set:/home/ankush/ros2_ws/install/examples_rclcpp_multithreaded_executor:/home/ankush/ros2_ws/install/examples_rclcpp_minimal_timer:/home/ankush/ros2_ws/install/examples_rclcpp_minimal_subscriber:/home/ankush/ros2_ws/install/examples_rclcpp_minimal_service:/home/ankush/ros2_ws/install/examples_rclcpp_minimal_publisher:/home/ankush/ros2_ws/install/examples_rclcpp_minimal_composition:/home/ankush/ros2_ws/install/examples_rclcpp_minimal_client:/home/ankush/ros2_ws/install/examples_rclcpp_minimal_action_server:/home/ankush/ros2_ws/install/examples_rclcpp_minimal_action_client:/home/ankush/ros2_ws/install/examples_rclcpp_cbg_executor:/home/ankush/ros2_ws/install/examples_rclcpp_async_client:/home/ankush/ros2_ws/install/launch_testing_examples:/home/ankush/ros2_ws/install/examples_rclpy_pointcloud_publisher:/home/ankush/ros2_ws/install/examples_rclpy_minimal_subscriber:/home/ankush/ros2_ws/install/examples_rclpy_minimal_service:/home/ankush/ros2_ws/install/examples_rclpy_minimal_publisher:/home/ankush/ros2_ws/install/examples_rclpy_minimal_client:/home/ankush/ros2_ws/install/examples_rclpy_minimal_action_server:/home/ankush/ros2_ws/install/examples_rclpy_minimal_action_client:/home/ankush/ros2_ws/install/examples_rclpy_guard_conditions:/home/ankush/ros2_ws/install/examples_rclpy_executors:/opt/ros/humble /usr/bin/cmake --install /home/ankush/ros2_ws/build/rrbot_gazebo
