-- Found ament_cmake: 1.3.2 (/opt/ros/humble/share/ament_cmake/cmake)
-- Override CMake install command with custom implementation using symlinks instead of copying resources
-- Found rclcpp: 16.0.1 (/opt/ros/humble/share/rclcpp/cmake)
-- Found rosidl_generator_c: 3.1.3 (/opt/ros/humble/share/rosidl_generator_c/cmake)
-- Found rosidl_adapter: 3.1.3 (/opt/ros/humble/share/rosidl_adapter/cmake)
-- Found rosidl_generator_cpp: 3.1.3 (/opt/ros/humble/share/rosidl_generator_cpp/cmake)
-- Using all available rosidl_typesupport_c: rosidl_typesupport_fastrtps_c;rosidl_typesupport_introspection_c
-- Using all available rosidl_typesupport_cpp: rosidl_typesupport_fastrtps_cpp;rosidl_typesupport_introspection_cpp
-- Found rmw_implementation_cmake: 6.1.0 (/opt/ros/humble/share/rmw_implementation_cmake/cmake)
-- Found rmw_fastrtps_cpp: 6.2.1 (/opt/ros/humble/share/rmw_fastrtps_cpp/cmake)
-- Using RMW implementation 'rmw_fastrtps_cpp' as default
-- Found controller_manager_msgs: 2.16.0 (/opt/ros/humble/share/controller_manager_msgs/cmake)
-- Configuring done
-- Generating done
-- Build files have been written to: /home/ankush/ros2_ws/build/rrbot_gazebo
[ 25%] [32mBuilding CXX object CMakeFiles/publisher.dir/src/position_publisher.cpp.o[0m
[ 50%] [32mBuilding CXX object CMakeFiles/switch.dir/src/controller_switch.cpp.o[0m
[ 75%] [32m[1mLinking CXX executable switch[0m
[ 75%] Built target switch
[100%] [32m[1mLinking CXX executable publisher[0m
[100%] Built target publisher
-- Install configuration: ""
-- Execute custom install script
-- Symlinking: /home/ankush/ros2_ws/install/rrbot_gazebo/lib/rrbot_gazebo/publisher
-- Symlinking: /home/ankush/ros2_ws/install/rrbot_gazebo/lib/rrbot_gazebo/switch
-- Symlinking: /home/ankush/ros2_ws/install/rrbot_gazebo/share/rrbot_gazebo/launch/rrbot_world.launch.py
-- Symlinking: /home/ankush/ros2_ws/install/rrbot_gazebo/share/rrbot_gazebo/worlds/rrbot.world
-- Symlinking: /home/ankush/ros2_ws/install/rrbot_gazebo/share/rrbot_gazebo/config/controllers.yaml
-- Symlinking: /home/ankush/ros2_ws/install/rrbot_gazebo/share/rrbot_gazebo/config/gazebo_controllers.yaml
-- Symlinking: /home/ankush/ros2_ws/install/rrbot_gazebo/share/ament_index/resource_index/package_run_dependencies/rrbot_gazebo
-- Symlinking: /home/ankush/ros2_ws/install/rrbot_gazebo/share/ament_index/resource_index/parent_prefix_path/rrbot_gazebo
-- Symlinking: /home/ankush/ros2_ws/install/rrbot_gazebo/share/rrbot_gazebo/environment/ament_prefix_path.sh
-- Symlinking: /home/ankush/ros2_ws/install/rrbot_gazebo/share/rrbot_gazebo/environment/ament_prefix_path.dsv
-- Symlinking: /home/ankush/ros2_ws/install/rrbot_gazebo/share/rrbot_gazebo/environment/path.sh
-- Symlinking: /home/ankush/ros2_ws/install/rrbot_gazebo/share/rrbot_gazebo/environment/path.dsv
-- Symlinking: /home/ankush/ros2_ws/install/rrbot_gazebo/share/rrbot_gazebo/local_setup.bash
-- Symlinking: /home/ankush/ros2_ws/install/rrbot_gazebo/share/rrbot_gazebo/local_setup.sh
-- Symlinking: /home/ankush/ros2_ws/install/rrbot_gazebo/share/rrbot_gazebo/local_setup.zsh
-- Symlinking: /home/ankush/ros2_ws/install/rrbot_gazebo/share/rrbot_gazebo/local_setup.dsv
-- Symlinking: /home/ankush/ros2_ws/install/rrbot_gazebo/share/rrbot_gazebo/package.dsv
-- Symlinking: /home/ankush/ros2_ws/install/rrbot_gazebo/share/ament_index/resource_index/packages/rrbot_gazebo
-- Symlinking: /home/ankush/ros2_ws/install/rrbot_gazebo/share/rrbot_gazebo/cmake/rrbot_gazeboConfig.cmake
-- Symlinking: /home/ankush/ros2_ws/install/rrbot_gazebo/share/rrbot_gazebo/cmake/rrbot_gazeboConfig-version.cmake
-- Symlinking: /home/ankush/ros2_ws/install/rrbot_gazebo/share/rrbot_gazebo/package.xml
