[1.854s] Invoking command in '/home/ankush/ros2_ws/build/rrbot_gazebo': AMENT_PREFIX_PATH=/home/ankush/ros2_ws/install/rrbot_description:${AMENT_PREFIX_PATH} CMAKE_PREFIX_PATH=/home/ankush/ros2_ws/install/rrbot_description:/home/ankush/ros2_ws/install/examples_rclcpp_wait_set:/home/ankush/ros2_ws/install/examples_rclcpp_multithreaded_executor:/home/ankush/ros2_ws/install/examples_rclcpp_minimal_timer:/home/ankush/ros2_ws/install/examples_rclcpp_minimal_subscriber:/home/ankush/ros2_ws/install/examples_rclcpp_minimal_service:/home/ankush/ros2_ws/install/examples_rclcpp_minimal_publisher:/home/ankush/ros2_ws/install/examples_rclcpp_minimal_composition:/home/ankush/ros2_ws/install/examples_rclcpp_minimal_client:/home/ankush/ros2_ws/install/examples_rclcpp_minimal_action_server:/home/ankush/ros2_ws/install/examples_rclcpp_minimal_action_client:/home/ankush/ros2_ws/install/examples_rclcpp_cbg_executor:/home/ankush/ros2_ws/install/examples_rclcpp_async_client:/home/ankush/ros2_ws/install/launch_testing_examples:/home/ankush/ros2_ws/install/examples_rclpy_pointcloud_publisher:/home/ankush/ros2_ws/install/examples_rclpy_minimal_subscriber:/home/ankush/ros2_ws/install/examples_rclpy_minimal_service:/home/ankush/ros2_ws/install/examples_rclpy_minimal_publisher:/home/ankush/ros2_ws/install/examples_rclpy_minimal_client:/home/ankush/ros2_ws/install/examples_rclpy_minimal_action_server:/home/ankush/ros2_ws/install/examples_rclpy_minimal_action_client:/home/ankush/ros2_ws/install/examples_rclpy_guard_conditions:/home/ankush/ros2_ws/install/examples_rclpy_executors:/opt/ros/humble /usr/bin/cmake /home/ankush/ros2_ws/src/rrbot_simulation_files/rrbot_gazebo -DAMENT_CMAKE_SYMLINK_INSTALL=1 -DCMAKE_INSTALL_PREFIX=/home/ankush/ros2_ws/install/rrbot_gazebo
[1.861s] -- Found ament_cmake: 1.3.2 (/opt/ros/humble/share/ament_cmake/cmake)
[2.031s] -- Override CMake install command with custom implementation using symlinks instead of copying resources
[2.043s] -- Found rclcpp: 16.0.1 (/opt/ros/humble/share/rclcpp/cmake)
[2.093s] -- Found rosidl_generator_c: 3.1.3 (/opt/ros/humble/share/rosidl_generator_c/cmake)
[2.096s] -- Found rosidl_adapter: 3.1.3 (/opt/ros/humble/share/rosidl_adapter/cmake)
[2.102s] -- Found rosidl_generator_cpp: 3.1.3 (/opt/ros/humble/share/rosidl_generator_cpp/cmake)
[2.115s] -- Using all available rosidl_typesupport_c: rosidl_typesupport_fastrtps_c;rosidl_typesupport_introspection_c
[2.132s] -- Using all available rosidl_typesupport_cpp: rosidl_typesupport_fastrtps_cpp;rosidl_typesupport_introspection_cpp
[2.197s] -- Found rmw_implementation_cmake: 6.1.0 (/opt/ros/humble/share/rmw_implementation_cmake/cmake)
[2.199s] -- Found rmw_fastrtps_cpp: 6.2.1 (/opt/ros/humble/share/rmw_fastrtps_cpp/cmake)
[2.332s] -- Using RMW implementation 'rmw_fastrtps_cpp' as default
[2.500s] -- Found controller_manager_msgs: 2.16.0 (/opt/ros/humble/share/controller_manager_msgs/cmake)
[2.658s] -- Configuring done
[2.668s] -- Generating done
[2.669s] -- Build files have been written to: /home/ankush/ros2_ws/build/rrbot_gazebo
[2.677s] Invoked command in '/home/ankush/ros2_ws/build/rrbot_gazebo' returned '0': AMENT_PREFIX_PATH=/home/ankush/ros2_ws/install/rrbot_description:${AMENT_PREFIX_PATH} CMAKE_PREFIX_PATH=/home/ankush/ros2_ws/install/rrbot_description:/home/ankush/ros2_ws/install/examples_rclcpp_wait_set:/home/ankush/ros2_ws/install/examples_rclcpp_multithreaded_executor:/home/ankush/ros2_ws/install/examples_rclcpp_minimal_timer:/home/ankush/ros2_ws/install/examples_rclcpp_minimal_subscriber:/home/ankush/ros2_ws/install/examples_rclcpp_minimal_service:/home/ankush/ros2_ws/install/examples_rclcpp_minimal_publisher:/home/ankush/ros2_ws/install/examples_rclcpp_minimal_composition:/home/ankush/ros2_ws/install/examples_rclcpp_minimal_client:/home/ankush/ros2_ws/install/examples_rclcpp_minimal_action_server:/home/ankush/ros2_ws/install/examples_rclcpp_minimal_action_client:/home/ankush/ros2_ws/install/examples_rclcpp_cbg_executor:/home/ankush/ros2_ws/install/examples_rclcpp_async_client:/home/ankush/ros2_ws/install/launch_testing_examples:/home/ankush/ros2_ws/install/examples_rclpy_pointcloud_publisher:/home/ankush/ros2_ws/install/examples_rclpy_minimal_subscriber:/home/ankush/ros2_ws/install/examples_rclpy_minimal_service:/home/ankush/ros2_ws/install/examples_rclpy_minimal_publisher:/home/ankush/ros2_ws/install/examples_rclpy_minimal_client:/home/ankush/ros2_ws/install/examples_rclpy_minimal_action_server:/home/ankush/ros2_ws/install/examples_rclpy_minimal_action_client:/home/ankush/ros2_ws/install/examples_rclpy_guard_conditions:/home/ankush/ros2_ws/install/examples_rclpy_executors:/opt/ros/humble /usr/bin/cmake /home/ankush/ros2_ws/src/rrbot_simulation_files/rrbot_gazebo -DAMENT_CMAKE_SYMLINK_INSTALL=1 -DCMAKE_INSTALL_PREFIX=/home/ankush/ros2_ws/install/rrbot_gazebo
[2.679s] Invoking command in '/home/ankush/ros2_ws/build/rrbot_gazebo': AMENT_PREFIX_PATH=/home/ankush/ros2_ws/install/rrbot_description:${AMENT_PREFIX_PATH} CMAKE_PREFIX_PATH=/home/ankush/ros2_ws/install/rrbot_description:/home/ankush/ros2_ws/install/examples_rclcpp_wait_set:/home/ankush/ros2_ws/install/examples_rclcpp_multithreaded_executor:/home/ankush/ros2_ws/install/examples_rclcpp_minimal_timer:/home/ankush/ros2_ws/install/examples_rclcpp_minimal_subscriber:/home/ankush/ros2_ws/install/examples_rclcpp_minimal_service:/home/ankush/ros2_ws/install/examples_rclcpp_minimal_publisher:/home/ankush/ros2_ws/install/examples_rclcpp_minimal_composition:/home/ankush/ros2_ws/install/examples_rclcpp_minimal_client:/home/ankush/ros2_ws/install/examples_rclcpp_minimal_action_server:/home/ankush/ros2_ws/install/examples_rclcpp_minimal_action_client:/home/ankush/ros2_ws/install/examples_rclcpp_cbg_executor:/home/ankush/ros2_ws/install/examples_rclcpp_async_client:/home/ankush/ros2_ws/install/launch_testing_examples:/home/ankush/ros2_ws/install/examples_rclpy_pointcloud_publisher:/home/ankush/ros2_ws/install/examples_rclpy_minimal_subscriber:/home/ankush/ros2_ws/install/examples_rclpy_minimal_service:/home/ankush/ros2_ws/install/examples_rclpy_minimal_publisher:/home/ankush/ros2_ws/install/examples_rclpy_minimal_client:/home/ankush/ros2_ws/install/examples_rclpy_minimal_action_server:/home/ankush/ros2_ws/install/examples_rclpy_minimal_action_client:/home/ankush/ros2_ws/install/examples_rclpy_guard_conditions:/home/ankush/ros2_ws/install/examples_rclpy_executors:/opt/ros/humble /usr/bin/cmake --build /home/ankush/ros2_ws/build/rrbot_gazebo -- -j16 -l16
[2.719s] [ 25%] [32mBuilding CXX object CMakeFiles/publisher.dir/src/position_publisher.cpp.o[0m
[2.730s] [ 50%] [32mBuilding CXX object CMakeFiles/switch.dir/src/controller_switch.cpp.o[0m
[5.862s] [ 75%] [32m[1mLinking CXX executable switch[0m
[5.987s] [ 75%] Built target switch
[6.403s] [100%] [32m[1mLinking CXX executable publisher[0m
[6.542s] [100%] Built target publisher
[6.550s] Invoked command in '/home/ankush/ros2_ws/build/rrbot_gazebo' returned '0': AMENT_PREFIX_PATH=/home/ankush/ros2_ws/install/rrbot_description:${AMENT_PREFIX_PATH} CMAKE_PREFIX_PATH=/home/ankush/ros2_ws/install/rrbot_description:/home/ankush/ros2_ws/install/examples_rclcpp_wait_set:/home/ankush/ros2_ws/install/examples_rclcpp_multithreaded_executor:/home/ankush/ros2_ws/install/examples_rclcpp_minimal_timer:/home/ankush/ros2_ws/install/examples_rclcpp_minimal_subscriber:/home/ankush/ros2_ws/install/examples_rclcpp_minimal_service:/home/ankush/ros2_ws/install/examples_rclcpp_minimal_publisher:/home/ankush/ros2_ws/install/examples_rclcpp_minimal_composition:/home/ankush/ros2_ws/install/examples_rclcpp_minimal_client:/home/ankush/ros2_ws/install/examples_rclcpp_minimal_action_server:/home/ankush/ros2_ws/install/examples_rclcpp_minimal_action_client:/home/ankush/ros2_ws/install/examples_rclcpp_cbg_executor:/home/ankush/ros2_ws/install/examples_rclcpp_async_client:/home/ankush/ros2_ws/install/launch_testing_examples:/home/ankush/ros2_ws/install/examples_rclpy_pointcloud_publisher:/home/ankush/ros2_ws/install/examples_rclpy_minimal_subscriber:/home/ankush/ros2_ws/install/examples_rclpy_minimal_service:/home/ankush/ros2_ws/install/examples_rclpy_minimal_publisher:/home/ankush/ros2_ws/install/examples_rclpy_minimal_client:/home/ankush/ros2_ws/install/examples_rclpy_minimal_action_server:/home/ankush/ros2_ws/install/examples_rclpy_minimal_action_client:/home/ankush/ros2_ws/install/examples_rclpy_guard_conditions:/home/ankush/ros2_ws/install/examples_rclpy_executors:/opt/ros/humble /usr/bin/cmake --build /home/ankush/ros2_ws/build/rrbot_gazebo -- -j16 -l16
[6.572s] Invoking command in '/home/ankush/ros2_ws/build/rrbot_gazebo': AMENT_PREFIX_PATH=/home/ankush/ros2_ws/install/rrbot_description:${AMENT_PREFIX_PATH} CMAKE_PREFIX_PATH=/home/ankush/ros2_ws/install/rrbot_description:/home/ankush/ros2_ws/install/examples_rclcpp_wait_set:/home/ankush/ros2_ws/install/examples_rclcpp_multithreaded_executor:/home/ankush/ros2_ws/install/examples_rclcpp_minimal_timer:/home/ankush/ros2_ws/install/examples_rclcpp_minimal_subscriber:/home/ankush/ros2_ws/install/examples_rclcpp_minimal_service:/home/ankush/ros2_ws/install/examples_rclcpp_minimal_publisher:/home/ankush/ros2_ws/install/examples_rclcpp_minimal_composition:/home/ankush/ros2_ws/install/examples_rclcpp_minimal_client:/home/ankush/ros2_ws/install/examples_rclcpp_minimal_action_server:/home/ankush/ros2_ws/install/examples_rclcpp_minimal_action_client:/home/ankush/ros2_ws/install/examples_rclcpp_cbg_executor:/home/ankush/ros2_ws/install/examples_rclcpp_async_client:/home/ankush/ros2_ws/install/launch_testing_examples:/home/ankush/ros2_ws/install/examples_rclpy_pointcloud_publisher:/home/ankush/ros2_ws/install/examples_rclpy_minimal_subscriber:/home/ankush/ros2_ws/install/examples_rclpy_minimal_service:/home/ankush/ros2_ws/install/examples_rclpy_minimal_publisher:/home/ankush/ros2_ws/install/examples_rclpy_minimal_client:/home/ankush/ros2_ws/install/examples_rclpy_minimal_action_server:/home/ankush/ros2_ws/install/examples_rclpy_minimal_action_client:/home/ankush/ros2_ws/install/examples_rclpy_guard_conditions:/home/ankush/ros2_ws/install/examples_rclpy_executors:/opt/ros/humble /usr/bin/cmake --install /home/ankush/ros2_ws/build/rrbot_gazebo
[6.578s] -- Install configuration: ""
[6.579s] -- Execute custom install script
[6.579s] -- Symlinking: /home/ankush/ros2_ws/install/rrbot_gazebo/lib/rrbot_gazebo/publisher
[6.585s] -- Symlinking: /home/ankush/ros2_ws/install/rrbot_gazebo/lib/rrbot_gazebo/switch
[6.591s] -- Symlinking: /home/ankush/ros2_ws/install/rrbot_gazebo/share/rrbot_gazebo/launch/rrbot_world.launch.py
[6.597s] -- Symlinking: /home/ankush/ros2_ws/install/rrbot_gazebo/share/rrbot_gazebo/worlds/rrbot.world
[6.603s] -- Symlinking: /home/ankush/ros2_ws/install/rrbot_gazebo/share/rrbot_gazebo/config/controllers.yaml
[6.609s] -- Symlinking: /home/ankush/ros2_ws/install/rrbot_gazebo/share/rrbot_gazebo/config/gazebo_controllers.yaml
[6.615s] -- Symlinking: /home/ankush/ros2_ws/install/rrbot_gazebo/share/ament_index/resource_index/package_run_dependencies/rrbot_gazebo
[6.620s] -- Symlinking: /home/ankush/ros2_ws/install/rrbot_gazebo/share/ament_index/resource_index/parent_prefix_path/rrbot_gazebo
[6.626s] -- Symlinking: /home/ankush/ros2_ws/install/rrbot_gazebo/share/rrbot_gazebo/environment/ament_prefix_path.sh
[6.631s] -- Symlinking: /home/ankush/ros2_ws/install/rrbot_gazebo/share/rrbot_gazebo/environment/ament_prefix_path.dsv
[6.637s] -- Symlinking: /home/ankush/ros2_ws/install/rrbot_gazebo/share/rrbot_gazebo/environment/path.sh
[6.642s] -- Symlinking: /home/ankush/ros2_ws/install/rrbot_gazebo/share/rrbot_gazebo/environment/path.dsv
[6.648s] -- Symlinking: /home/ankush/ros2_ws/install/rrbot_gazebo/share/rrbot_gazebo/local_setup.bash
[6.653s] -- Symlinking: /home/ankush/ros2_ws/install/rrbot_gazebo/share/rrbot_gazebo/local_setup.sh
[6.658s] -- Symlinking: /home/ankush/ros2_ws/install/rrbot_gazebo/share/rrbot_gazebo/local_setup.zsh
[6.664s] -- Symlinking: /home/ankush/ros2_ws/install/rrbot_gazebo/share/rrbot_gazebo/local_setup.dsv
[6.669s] -- Symlinking: /home/ankush/ros2_ws/install/rrbot_gazebo/share/rrbot_gazebo/package.dsv
[6.675s] -- Symlinking: /home/ankush/ros2_ws/install/rrbot_gazebo/share/ament_index/resource_index/packages/rrbot_gazebo
[6.681s] -- Symlinking: /home/ankush/ros2_ws/install/rrbot_gazebo/share/rrbot_gazebo/cmake/rrbot_gazeboConfig.cmake
[6.687s] -- Symlinking: /home/ankush/ros2_ws/install/rrbot_gazebo/share/rrbot_gazebo/cmake/rrbot_gazeboConfig-version.cmake
[6.694s] -- Symlinking: /home/ankush/ros2_ws/install/rrbot_gazebo/share/rrbot_gazebo/package.xml
[6.702s] Invoked command in '/home/ankush/ros2_ws/build/rrbot_gazebo' returned '0': AMENT_PREFIX_PATH=/home/ankush/ros2_ws/install/rrbot_description:${AMENT_PREFIX_PATH} CMAKE_PREFIX_PATH=/home/ankush/ros2_ws/install/rrbot_description:/home/ankush/ros2_ws/install/examples_rclcpp_wait_set:/home/ankush/ros2_ws/install/examples_rclcpp_multithreaded_executor:/home/ankush/ros2_ws/install/examples_rclcpp_minimal_timer:/home/ankush/ros2_ws/install/examples_rclcpp_minimal_subscriber:/home/ankush/ros2_ws/install/examples_rclcpp_minimal_service:/home/ankush/ros2_ws/install/examples_rclcpp_minimal_publisher:/home/ankush/ros2_ws/install/examples_rclcpp_minimal_composition:/home/ankush/ros2_ws/install/examples_rclcpp_minimal_client:/home/ankush/ros2_ws/install/examples_rclcpp_minimal_action_server:/home/ankush/ros2_ws/install/examples_rclcpp_minimal_action_client:/home/ankush/ros2_ws/install/examples_rclcpp_cbg_executor:/home/ankush/ros2_ws/install/examples_rclcpp_async_client:/home/ankush/ros2_ws/install/launch_testing_examples:/home/ankush/ros2_ws/install/examples_rclpy_pointcloud_publisher:/home/ankush/ros2_ws/install/examples_rclpy_minimal_subscriber:/home/ankush/ros2_ws/install/examples_rclpy_minimal_service:/home/ankush/ros2_ws/install/examples_rclpy_minimal_publisher:/home/ankush/ros2_ws/install/examples_rclpy_minimal_client:/home/ankush/ros2_ws/install/examples_rclpy_minimal_action_server:/home/ankush/ros2_ws/install/examples_rclpy_minimal_action_client:/home/ankush/ros2_ws/install/examples_rclpy_guard_conditions:/home/ankush/ros2_ws/install/examples_rclpy_executors:/opt/ros/humble /usr/bin/cmake --install /home/ankush/ros2_ws/build/rrbot_gazebo
