[1.896s] Invoking command in '/home/ankush/ros2_ws/build/examples_rclpy_executors': PYTHONPATH=/home/ankush/ros2_ws/install/examples_rclpy_executors/lib/python3.10/site-packages:${PYTHONPATH} /usr/bin/python3 setup.py develop --prefix /home/ankush/ros2_ws/install/examples_rclpy_executors --editable --build-directory /home/ankush/ros2_ws/build/examples_rclpy_executors/build --no-deps install_data --install-dir /home/ankush/ros2_ws/install/examples_rclpy_executors
[2.137s] running develop
[2.138s] /usr/lib/python3/dist-packages/setuptools/command/easy_install.py:158: EasyInstallDeprecationWarning: easy_install command is deprecated. Use build and pip and other standards-based tools.
[2.138s]   warnings.warn(
[2.138s] /usr/lib/python3/dist-packages/setuptools/command/install.py:34: SetuptoolsDeprecationWarning: setup.py install is deprecated. Use build and pip and other standards-based tools.
[2.138s]   warnings.warn(
[2.181s] /usr/lib/python3/dist-packages/pkg_resources/__init__.py:116: PkgResourcesDeprecationWarning: 1.16.0-unknown is an invalid version and will not be supported in a future release
[2.181s]   warnings.warn(
[2.181s] /usr/lib/python3/dist-packages/pkg_resources/__init__.py:116: PkgResourcesDeprecationWarning: 1.1build1 is an invalid version and will not be supported in a future release
[2.182s]   warnings.warn(
[2.182s] /usr/lib/python3/dist-packages/pkg_resources/__init__.py:116: PkgResourcesDeprecationWarning: 0.1.43ubuntu1 is an invalid version and will not be supported in a future release
[2.182s]   warnings.warn(
[2.278s] running egg_info
[2.278s] writing examples_rclpy_executors.egg-info/PKG-INFO
[2.279s] writing dependency_links to examples_rclpy_executors.egg-info/dependency_links.txt
[2.279s] writing entry points to examples_rclpy_executors.egg-info/entry_points.txt
[2.279s] writing requirements to examples_rclpy_executors.egg-info/requires.txt
[2.279s] writing top-level names to examples_rclpy_executors.egg-info/top_level.txt
[2.280s] reading manifest file 'examples_rclpy_executors.egg-info/SOURCES.txt'
[2.281s] writing manifest file 'examples_rclpy_executors.egg-info/SOURCES.txt'
[2.282s] running build_ext
[2.283s] Creating /home/ankush/ros2_ws/install/examples_rclpy_executors/lib/python3.10/site-packages/examples-rclpy-executors.egg-link (link to .)
[2.283s] Installing callback_group script to /home/ankush/ros2_ws/install/examples_rclpy_executors/lib/examples_rclpy_executors
[2.284s] Installing composed script to /home/ankush/ros2_ws/install/examples_rclpy_executors/lib/examples_rclpy_executors
[2.284s] Installing custom_callback_group script to /home/ankush/ros2_ws/install/examples_rclpy_executors/lib/examples_rclpy_executors
[2.284s] Installing custom_executor script to /home/ankush/ros2_ws/install/examples_rclpy_executors/lib/examples_rclpy_executors
[2.284s] Installing listener script to /home/ankush/ros2_ws/install/examples_rclpy_executors/lib/examples_rclpy_executors
[2.284s] Installing talker script to /home/ankush/ros2_ws/install/examples_rclpy_executors/lib/examples_rclpy_executors
[2.285s] 
[2.285s] Installed /home/ankush/ros2_ws/build/examples_rclpy_executors
[2.285s] running install_data
[2.755s] Invoked command in '/home/ankush/ros2_ws/build/examples_rclpy_executors' returned '0': PYTHONPATH=/home/ankush/ros2_ws/install/examples_rclpy_executors/lib/python3.10/site-packages:${PYTHONPATH} /usr/bin/python3 setup.py develop --prefix /home/ankush/ros2_ws/install/examples_rclpy_executors --editable --build-directory /home/ankush/ros2_ws/build/examples_rclpy_executors/build --no-deps install_data --install-dir /home/ankush/ros2_ws/install/examples_rclpy_executors
