[0.068s] Invoking command in '/home/ankush/ros2_ws/build/examples_rclcpp_minimal_service': CMAKE_PREFIX_PATH=/opt/ros/humble /usr/bin/cmake /home/ankush/ros2_ws/src/examples/rclcpp/services/minimal_service -DAMENT_CMAKE_SYMLINK_INSTALL=1 -DCMAKE_INSTALL_PREFIX=/home/ankush/ros2_ws/install/examples_rclcpp_minimal_service
[1.882s] -- The C compiler identification is GNU 11.3.0
[1.882s] -- The CXX compiler identification is GNU 11.3.0
[1.882s] -- Detecting C compiler ABI info
[1.882s] -- Detecting C compiler ABI info - done
[1.882s] -- Check for working C compiler: /usr/bin/cc - skipped
[1.882s] -- Detecting C compile features
[1.882s] -- Detecting C compile features - done
[1.883s] -- Detecting CXX compiler ABI info
[1.883s] -- Detecting CXX compiler ABI info - done
[1.883s] -- Check for working CXX compiler: /usr/bin/c++ - skipped
[1.883s] -- Detecting CXX compile features
[1.883s] -- Detecting CXX compile features - done
[1.883s] -- Found ament_cmake: 1.3.2 (/opt/ros/humble/share/ament_cmake/cmake)
[1.883s] -- Found Python3: /usr/bin/python3.10 (found version "3.10.6") found components: Interpreter 
[1.883s] -- Override CMake install command with custom implementation using symlinks instead of copying resources
[1.884s] -- Found example_interfaces: 0.9.3 (/opt/ros/humble/share/example_interfaces/cmake)
[1.884s] -- Found rosidl_generator_c: 3.1.3 (/opt/ros/humble/share/rosidl_generator_c/cmake)
[1.884s] -- Found rosidl_adapter: 3.1.3 (/opt/ros/humble/share/rosidl_adapter/cmake)
[1.884s] -- Found rosidl_generator_cpp: 3.1.3 (/opt/ros/humble/share/rosidl_generator_cpp/cmake)
[1.884s] -- Using all available rosidl_typesupport_c: rosidl_typesupport_fastrtps_c;rosidl_typesupport_introspection_c
[1.884s] -- Using all available rosidl_typesupport_cpp: rosidl_typesupport_fastrtps_cpp;rosidl_typesupport_introspection_cpp
[1.884s] -- Found rclcpp: 16.0.1 (/opt/ros/humble/share/rclcpp/cmake)
[1.884s] -- Found rmw_implementation_cmake: 6.1.0 (/opt/ros/humble/share/rmw_implementation_cmake/cmake)
[1.884s] -- Found rmw_fastrtps_cpp: 6.2.1 (/opt/ros/humble/share/rmw_fastrtps_cpp/cmake)
[1.885s] -- Found OpenSSL: /usr/lib/x86_64-linux-gnu/libcrypto.so (found version "3.0.2")  
[1.885s] -- Found FastRTPS: /opt/ros/humble/include  
[1.885s] -- Using RMW implementation 'rmw_fastrtps_cpp' as default
[1.947s] -- Found ament_lint_auto: 0.12.4 (/opt/ros/humble/share/ament_lint_auto/cmake)
[2.116s] -- Added test 'copyright' to check source files copyright and LICENSE
[2.117s] -- Added test 'cppcheck' to perform static code analysis on C / C++ code
[2.118s] -- Configured cppcheck include dirs: 
[2.125s] -- Configured cppcheck exclude dirs and/or files: 
[2.126s] -- Added test 'cpplint' to check C / C++ code against the Google style
[2.126s] -- Configured cpplint exclude dirs and/or files: 
[2.127s] -- Added test 'lint_cmake' to check CMake code style
[2.128s] -- Added test 'uncrustify' to check C / C++ code style
[2.129s] -- Configured uncrustify additional arguments: 
[2.129s] -- Added test 'xmllint' to check XML markup files
[2.131s] -- Configuring done
[2.209s] -- Generating done
[2.224s] -- Build files have been written to: /home/ankush/ros2_ws/build/examples_rclcpp_minimal_service
[2.288s] Invoked command in '/home/ankush/ros2_ws/build/examples_rclcpp_minimal_service' returned '0': CMAKE_PREFIX_PATH=/opt/ros/humble /usr/bin/cmake /home/ankush/ros2_ws/src/examples/rclcpp/services/minimal_service -DAMENT_CMAKE_SYMLINK_INSTALL=1 -DCMAKE_INSTALL_PREFIX=/home/ankush/ros2_ws/install/examples_rclcpp_minimal_service
[2.289s] Invoking command in '/home/ankush/ros2_ws/build/examples_rclcpp_minimal_service': CMAKE_PREFIX_PATH=/opt/ros/humble /usr/bin/cmake --build /home/ankush/ros2_ws/build/examples_rclcpp_minimal_service -- -j16 -l16
[3.623s] [ 50%] [32mBuilding CXX object CMakeFiles/service_main.dir/main.cpp.o[0m
[35.555s] [100%] [32m[1mLinking CXX executable service_main[0m
[36.366s] [100%] Built target service_main
[36.449s] Invoked command in '/home/ankush/ros2_ws/build/examples_rclcpp_minimal_service' returned '0': CMAKE_PREFIX_PATH=/opt/ros/humble /usr/bin/cmake --build /home/ankush/ros2_ws/build/examples_rclcpp_minimal_service -- -j16 -l16
[37.331s] Invoking command in '/home/ankush/ros2_ws/build/examples_rclcpp_minimal_service': CMAKE_PREFIX_PATH=/opt/ros/humble /usr/bin/cmake --install /home/ankush/ros2_ws/build/examples_rclcpp_minimal_service
[37.369s] -- Install configuration: ""
[37.369s] -- Execute custom install script
[37.370s] -- Symlinking: /home/ankush/ros2_ws/install/examples_rclcpp_minimal_service/lib/examples_rclcpp_minimal_service/service_main
[37.431s] -- Symlinking: /home/ankush/ros2_ws/install/examples_rclcpp_minimal_service/share/ament_index/resource_index/package_run_dependencies/examples_rclcpp_minimal_service
[37.464s] -- Symlinking: /home/ankush/ros2_ws/install/examples_rclcpp_minimal_service/share/ament_index/resource_index/parent_prefix_path/examples_rclcpp_minimal_service
[37.499s] -- Symlinking: /home/ankush/ros2_ws/install/examples_rclcpp_minimal_service/share/examples_rclcpp_minimal_service/environment/ament_prefix_path.sh
[37.525s] -- Symlinking: /home/ankush/ros2_ws/install/examples_rclcpp_minimal_service/share/examples_rclcpp_minimal_service/environment/ament_prefix_path.dsv
[37.581s] -- Symlinking: /home/ankush/ros2_ws/install/examples_rclcpp_minimal_service/share/examples_rclcpp_minimal_service/environment/path.sh
[37.613s] -- Symlinking: /home/ankush/ros2_ws/install/examples_rclcpp_minimal_service/share/examples_rclcpp_minimal_service/environment/path.dsv
[37.641s] -- Symlinking: /home/ankush/ros2_ws/install/examples_rclcpp_minimal_service/share/examples_rclcpp_minimal_service/local_setup.bash
[37.679s] -- Symlinking: /home/ankush/ros2_ws/install/examples_rclcpp_minimal_service/share/examples_rclcpp_minimal_service/local_setup.sh
[37.717s] -- Symlinking: /home/ankush/ros2_ws/install/examples_rclcpp_minimal_service/share/examples_rclcpp_minimal_service/local_setup.zsh
[37.745s] -- Symlinking: /home/ankush/ros2_ws/install/examples_rclcpp_minimal_service/share/examples_rclcpp_minimal_service/local_setup.dsv
[37.785s] -- Symlinking: /home/ankush/ros2_ws/install/examples_rclcpp_minimal_service/share/examples_rclcpp_minimal_service/package.dsv
[37.800s] -- Symlinking: /home/ankush/ros2_ws/install/examples_rclcpp_minimal_service/share/ament_index/resource_index/packages/examples_rclcpp_minimal_service
[37.823s] -- Symlinking: /home/ankush/ros2_ws/install/examples_rclcpp_minimal_service/share/examples_rclcpp_minimal_service/cmake/examples_rclcpp_minimal_serviceConfig.cmake
[37.853s] -- Symlinking: /home/ankush/ros2_ws/install/examples_rclcpp_minimal_service/share/examples_rclcpp_minimal_service/cmake/examples_rclcpp_minimal_serviceConfig-version.cmake
[37.866s] -- Symlinking: /home/ankush/ros2_ws/install/examples_rclcpp_minimal_service/share/examples_rclcpp_minimal_service/package.xml
[41.357s] Invoked command in '/home/ankush/ros2_ws/build/examples_rclcpp_minimal_service' returned '0': CMAKE_PREFIX_PATH=/opt/ros/humble /usr/bin/cmake --install /home/ankush/ros2_ws/build/examples_rclcpp_minimal_service
