[2.374s] Invoking command in '/home/ankush/ros2_ws/build/examples_rclpy_minimal_publisher': PYTHONPATH=/home/ankush/ros2_ws/install/examples_rclpy_minimal_publisher/lib/python3.10/site-packages:${PYTHONPATH} /usr/bin/python3 setup.py develop --prefix /home/ankush/ros2_ws/install/examples_rclpy_minimal_publisher --editable --build-directory /home/ankush/ros2_ws/build/examples_rclpy_minimal_publisher/build --no-deps install_data --install-dir /home/ankush/ros2_ws/install/examples_rclpy_minimal_publisher
[2.669s] running develop
[2.670s] /usr/lib/python3/dist-packages/setuptools/command/easy_install.py:158: EasyInstallDeprecationWarning: easy_install command is deprecated. Use build and pip and other standards-based tools.
[2.670s]   warnings.warn(
[2.671s] /usr/lib/python3/dist-packages/setuptools/command/install.py:34: SetuptoolsDeprecationWarning: setup.py install is deprecated. Use build and pip and other standards-based tools.
[2.671s]   warnings.warn(
[2.737s] /usr/lib/python3/dist-packages/pkg_resources/__init__.py:116: PkgResourcesDeprecationWarning: 1.16.0-unknown is an invalid version and will not be supported in a future release
[2.737s]   warnings.warn(
[2.738s] /usr/lib/python3/dist-packages/pkg_resources/__init__.py:116: PkgResourcesDeprecationWarning: 1.1build1 is an invalid version and will not be supported in a future release
[2.738s]   warnings.warn(
[2.738s] /usr/lib/python3/dist-packages/pkg_resources/__init__.py:116: PkgResourcesDeprecationWarning: 0.1.43ubuntu1 is an invalid version and will not be supported in a future release
[2.738s]   warnings.warn(
[2.858s] running egg_info
[2.859s] writing examples_rclpy_minimal_publisher.egg-info/PKG-INFO
[2.859s] writing dependency_links to examples_rclpy_minimal_publisher.egg-info/dependency_links.txt
[2.859s] writing entry points to examples_rclpy_minimal_publisher.egg-info/entry_points.txt
[2.859s] writing requirements to examples_rclpy_minimal_publisher.egg-info/requires.txt
[2.860s] writing top-level names to examples_rclpy_minimal_publisher.egg-info/top_level.txt
[2.860s] reading manifest file 'examples_rclpy_minimal_publisher.egg-info/SOURCES.txt'
[2.860s] writing manifest file 'examples_rclpy_minimal_publisher.egg-info/SOURCES.txt'
[2.864s] running build_ext
[2.864s] Creating /home/ankush/ros2_ws/install/examples_rclpy_minimal_publisher/lib/python3.10/site-packages/examples-rclpy-minimal-publisher.egg-link (link to .)
[2.865s] Installing publisher_local_function script to /home/ankush/ros2_ws/install/examples_rclpy_minimal_publisher/lib/examples_rclpy_minimal_publisher
[2.865s] Installing publisher_member_function script to /home/ankush/ros2_ws/install/examples_rclpy_minimal_publisher/lib/examples_rclpy_minimal_publisher
[2.865s] Installing publisher_old_school script to /home/ankush/ros2_ws/install/examples_rclpy_minimal_publisher/lib/examples_rclpy_minimal_publisher
[2.866s] 
[2.866s] Installed /home/ankush/ros2_ws/build/examples_rclpy_minimal_publisher
[2.866s] running install_data
[2.930s] Invoked command in '/home/ankush/ros2_ws/build/examples_rclpy_minimal_publisher' returned '0': PYTHONPATH=/home/ankush/ros2_ws/install/examples_rclpy_minimal_publisher/lib/python3.10/site-packages:${PYTHONPATH} /usr/bin/python3 setup.py develop --prefix /home/ankush/ros2_ws/install/examples_rclpy_minimal_publisher --editable --build-directory /home/ankush/ros2_ws/build/examples_rclpy_minimal_publisher/build --no-deps install_data --install-dir /home/ankush/ros2_ws/install/examples_rclpy_minimal_publisher
