[3.216s] Invoking command in '/home/ankush/ros2_ws/build/examples_rclpy_pointcloud_publisher': PYTHONPATH=/home/ankush/ros2_ws/install/examples_rclpy_pointcloud_publisher/lib/python3.10/site-packages:${PYTHONPATH} /usr/bin/python3 setup.py develop --prefix /home/ankush/ros2_ws/install/examples_rclpy_pointcloud_publisher --editable --build-directory /home/ankush/ros2_ws/build/examples_rclpy_pointcloud_publisher/build --no-deps install_data --install-dir /home/ankush/ros2_ws/install/examples_rclpy_pointcloud_publisher
[3.760s] running develop
[3.760s] /usr/lib/python3/dist-packages/setuptools/command/easy_install.py:158: EasyInstallDeprecationWarning: easy_install command is deprecated. Use build and pip and other standards-based tools.
[3.760s]   warnings.warn(
[3.763s] /usr/lib/python3/dist-packages/setuptools/command/install.py:34: SetuptoolsDeprecationWarning: setup.py install is deprecated. Use build and pip and other standards-based tools.
[3.763s]   warnings.warn(
[3.888s] /usr/lib/python3/dist-packages/pkg_resources/__init__.py:116: PkgResourcesDeprecationWarning: 1.16.0-unknown is an invalid version and will not be supported in a future release
[3.889s]   warnings.warn(
[3.889s] /usr/lib/python3/dist-packages/pkg_resources/__init__.py:116: PkgResourcesDeprecationWarning: 1.1build1 is an invalid version and will not be supported in a future release
[3.890s]   warnings.warn(
[3.891s] /usr/lib/python3/dist-packages/pkg_resources/__init__.py:116: PkgResourcesDeprecationWarning: 0.1.43ubuntu1 is an invalid version and will not be supported in a future release
[3.891s]   warnings.warn(
[4.117s] running egg_info
[4.117s] creating examples_rclpy_pointcloud_publisher.egg-info
[4.117s] writing examples_rclpy_pointcloud_publisher.egg-info/PKG-INFO
[4.117s] writing dependency_links to examples_rclpy_pointcloud_publisher.egg-info/dependency_links.txt
[4.118s] writing entry points to examples_rclpy_pointcloud_publisher.egg-info/entry_points.txt
[4.118s] writing requirements to examples_rclpy_pointcloud_publisher.egg-info/requires.txt
[4.118s] writing top-level names to examples_rclpy_pointcloud_publisher.egg-info/top_level.txt
[4.118s] writing manifest file 'examples_rclpy_pointcloud_publisher.egg-info/SOURCES.txt'
[4.124s] reading manifest file 'examples_rclpy_pointcloud_publisher.egg-info/SOURCES.txt'
[4.125s] writing manifest file 'examples_rclpy_pointcloud_publisher.egg-info/SOURCES.txt'
[4.127s] running build_ext
[4.128s] Creating /home/ankush/ros2_ws/install/examples_rclpy_pointcloud_publisher/lib/python3.10/site-packages/examples-rclpy-pointcloud-publisher.egg-link (link to .)
[4.129s] Installing pointcloud_publisher script to /home/ankush/ros2_ws/install/examples_rclpy_pointcloud_publisher/lib/examples_rclpy_pointcloud_publisher
[4.129s] 
[4.130s] Installed /home/ankush/ros2_ws/build/examples_rclpy_pointcloud_publisher
[4.130s] running install_data
[4.130s] creating /home/ankush/ros2_ws/install/examples_rclpy_pointcloud_publisher/share/ament_index
[4.130s] creating /home/ankush/ros2_ws/install/examples_rclpy_pointcloud_publisher/share/ament_index/resource_index
[4.130s] creating /home/ankush/ros2_ws/install/examples_rclpy_pointcloud_publisher/share/ament_index/resource_index/packages
[4.130s] copying resource/examples_rclpy_pointcloud_publisher -> /home/ankush/ros2_ws/install/examples_rclpy_pointcloud_publisher/share/ament_index/resource_index/packages
[4.130s] copying package.xml -> /home/ankush/ros2_ws/install/examples_rclpy_pointcloud_publisher/share/examples_rclpy_pointcloud_publisher
[4.275s] Invoked command in '/home/ankush/ros2_ws/build/examples_rclpy_pointcloud_publisher' returned '0': PYTHONPATH=/home/ankush/ros2_ws/install/examples_rclpy_pointcloud_publisher/lib/python3.10/site-packages:${PYTHONPATH} /usr/bin/python3 setup.py develop --prefix /home/ankush/ros2_ws/install/examples_rclpy_pointcloud_publisher --editable --build-directory /home/ankush/ros2_ws/build/examples_rclpy_pointcloud_publisher/build --no-deps install_data --install-dir /home/ankush/ros2_ws/install/examples_rclpy_pointcloud_publisher
