[0.088s] Invoking command in '/home/ankush/ros2_ws/build/rrbot_description': CMAKE_PREFIX_PATH=${CMAKE_PREFIX_PATH}:/home/ankush/ros2_ws/install/launch_testing_examples:/home/ankush/ros2_ws/install/examples_rclpy_pointcloud_publisher:/home/ankush/ros2_ws/install/examples_rclpy_minimal_subscriber:/home/ankush/ros2_ws/install/examples_rclpy_minimal_service:/home/ankush/ros2_ws/install/examples_rclpy_minimal_publisher:/home/ankush/ros2_ws/install/examples_rclpy_minimal_client:/home/ankush/ros2_ws/install/examples_rclpy_minimal_action_server:/home/ankush/ros2_ws/install/examples_rclpy_minimal_action_client:/home/ankush/ros2_ws/install/examples_rclpy_guard_conditions:/home/ankush/ros2_ws/install/examples_rclpy_executors:/opt/ros/humble /usr/bin/cmake --build /home/ankush/ros2_ws/build/rrbot_description -- -j16 -l16
[0.856s] Invoked command in '/home/ankush/ros2_ws/build/rrbot_description' returned '0': CMAKE_PREFIX_PATH=${CMAKE_PREFIX_PATH}:/home/ankush/ros2_ws/install/launch_testing_examples:/home/ankush/ros2_ws/install/examples_rclpy_pointcloud_publisher:/home/ankush/ros2_ws/install/examples_rclpy_minimal_subscriber:/home/ankush/ros2_ws/install/examples_rclpy_minimal_service:/home/ankush/ros2_ws/install/examples_rclpy_minimal_publisher:/home/ankush/ros2_ws/install/examples_rclpy_minimal_client:/home/ankush/ros2_ws/install/examples_rclpy_minimal_action_server:/home/ankush/ros2_ws/install/examples_rclpy_minimal_action_client:/home/ankush/ros2_ws/install/examples_rclpy_guard_conditions:/home/ankush/ros2_ws/install/examples_rclpy_executors:/opt/ros/humble /usr/bin/cmake --build /home/ankush/ros2_ws/build/rrbot_description -- -j16 -l16
[0.891s] Invoking command in '/home/ankush/ros2_ws/build/rrbot_description': CMAKE_PREFIX_PATH=${CMAKE_PREFIX_PATH}:/home/ankush/ros2_ws/install/launch_testing_examples:/home/ankush/ros2_ws/install/examples_rclpy_pointcloud_publisher:/home/ankush/ros2_ws/install/examples_rclpy_minimal_subscriber:/home/ankush/ros2_ws/install/examples_rclpy_minimal_service:/home/ankush/ros2_ws/install/examples_rclpy_minimal_publisher:/home/ankush/ros2_ws/install/examples_rclpy_minimal_client:/home/ankush/ros2_ws/install/examples_rclpy_minimal_action_server:/home/ankush/ros2_ws/install/examples_rclpy_minimal_action_client:/home/ankush/ros2_ws/install/examples_rclpy_guard_conditions:/home/ankush/ros2_ws/install/examples_rclpy_executors:/opt/ros/humble /usr/bin/cmake --install /home/ankush/ros2_ws/build/rrbot_description
[0.903s] -- Install configuration: ""
[0.906s] -- Execute custom install script
[0.907s] -- Up-to-date symlink: /home/ankush/ros2_ws/install/rrbot_description/share/rrbot_description/config/rrbot.rviz
[0.909s] -- Up-to-date symlink: /home/ankush/ros2_ws/install/rrbot_description/share/rrbot_description/gazebo/rrbot.gazebo.xacro
[0.911s] -- Up-to-date symlink: /home/ankush/ros2_ws/install/rrbot_description/share/rrbot_description/gazebo/rrbot.materials.xacro
[0.912s] -- Up-to-date symlink: /home/ankush/ros2_ws/install/rrbot_description/share/rrbot_description/meshes/hokuyo.dae
[0.913s] -- Up-to-date symlink: /home/ankush/ros2_ws/install/rrbot_description/share/rrbot_description/launch/view_robot.launch.py
[0.914s] -- Up-to-date symlink: /home/ankush/ros2_ws/install/rrbot_description/share/rrbot_description/ros2_control/rrbot.ros2_control.xacro
[0.916s] -- Up-to-date symlink: /home/ankush/ros2_ws/install/rrbot_description/share/rrbot_description/urdf/rrbot.urdf.xacro
[0.917s] -- Up-to-date symlink: /home/ankush/ros2_ws/install/rrbot_description/share/rrbot_description/urdf/rrbot_description.urdf.xacro
[0.920s] -- Up-to-date symlink: /home/ankush/ros2_ws/install/rrbot_description/share/rrbot_description/environment/rrbot_description.dsv
[0.925s] -- Up-to-date symlink: /home/ankush/ros2_ws/install/rrbot_description/share/ament_index/resource_index/package_run_dependencies/rrbot_description
[0.937s] -- Up-to-date symlink: /home/ankush/ros2_ws/install/rrbot_description/share/ament_index/resource_index/parent_prefix_path/rrbot_description
[0.937s] -- Up-to-date symlink: /home/ankush/ros2_ws/install/rrbot_description/share/rrbot_description/environment/ament_prefix_path.sh
[0.938s] -- Up-to-date symlink: /home/ankush/ros2_ws/install/rrbot_description/share/rrbot_description/environment/ament_prefix_path.dsv
[0.938s] -- Up-to-date symlink: /home/ankush/ros2_ws/install/rrbot_description/share/rrbot_description/environment/path.sh
[0.938s] -- Up-to-date symlink: /home/ankush/ros2_ws/install/rrbot_description/share/rrbot_description/environment/path.dsv
[0.938s] -- Up-to-date symlink: /home/ankush/ros2_ws/install/rrbot_description/share/rrbot_description/local_setup.bash
[0.938s] -- Up-to-date symlink: /home/ankush/ros2_ws/install/rrbot_description/share/rrbot_description/local_setup.sh
[0.938s] -- Up-to-date symlink: /home/ankush/ros2_ws/install/rrbot_description/share/rrbot_description/local_setup.zsh
[0.939s] -- Up-to-date symlink: /home/ankush/ros2_ws/install/rrbot_description/share/rrbot_description/local_setup.dsv
[0.939s] -- Symlinking: /home/ankush/ros2_ws/install/rrbot_description/share/rrbot_description/package.dsv
[0.952s] -- Up-to-date symlink: /home/ankush/ros2_ws/install/rrbot_description/share/ament_index/resource_index/packages/rrbot_description
[0.953s] -- Up-to-date symlink: /home/ankush/ros2_ws/install/rrbot_description/share/rrbot_description/cmake/rrbot_descriptionConfig.cmake
[0.953s] -- Up-to-date symlink: /home/ankush/ros2_ws/install/rrbot_description/share/rrbot_description/cmake/rrbot_descriptionConfig-version.cmake
[0.953s] -- Up-to-date symlink: /home/ankush/ros2_ws/install/rrbot_description/share/rrbot_description/package.xml
[1.017s] Invoked command in '/home/ankush/ros2_ws/build/rrbot_description' returned '0': CMAKE_PREFIX_PATH=${CMAKE_PREFIX_PATH}:/home/ankush/ros2_ws/install/launch_testing_examples:/home/ankush/ros2_ws/install/examples_rclpy_pointcloud_publisher:/home/ankush/ros2_ws/install/examples_rclpy_minimal_subscriber:/home/ankush/ros2_ws/install/examples_rclpy_minimal_service:/home/ankush/ros2_ws/install/examples_rclpy_minimal_publisher:/home/ankush/ros2_ws/install/examples_rclpy_minimal_client:/home/ankush/ros2_ws/install/examples_rclpy_minimal_action_server:/home/ankush/ros2_ws/install/examples_rclpy_minimal_action_client:/home/ankush/ros2_ws/install/examples_rclpy_guard_conditions:/home/ankush/ros2_ws/install/examples_rclpy_executors:/opt/ros/humble /usr/bin/cmake --install /home/ankush/ros2_ws/build/rrbot_description
