[0.075s] Invoking command in '/home/ankush/ros2_ws/build/examples_rclcpp_cbg_executor': CMAKE_PREFIX_PATH=${CMAKE_PREFIX_PATH}:/home/ankush/ros2_ws/install/launch_testing_examples:/home/ankush/ros2_ws/install/examples_rclpy_pointcloud_publisher:/home/ankush/ros2_ws/install/examples_rclpy_minimal_subscriber:/home/ankush/ros2_ws/install/examples_rclpy_minimal_service:/home/ankush/ros2_ws/install/examples_rclpy_minimal_publisher:/home/ankush/ros2_ws/install/examples_rclpy_minimal_client:/home/ankush/ros2_ws/install/examples_rclpy_minimal_action_server:/home/ankush/ros2_ws/install/examples_rclpy_minimal_action_client:/home/ankush/ros2_ws/install/examples_rclpy_guard_conditions:/home/ankush/ros2_ws/install/examples_rclpy_executors:/opt/ros/humble /usr/bin/cmake --build /home/ankush/ros2_ws/build/examples_rclcpp_cbg_executor -- -j16 -l16
[0.755s] [ 30%] Built target ping
[0.755s] [ 70%] Built target ping_pong
[0.755s] [100%] Built target pong
[0.769s] Invoked command in '/home/ankush/ros2_ws/build/examples_rclcpp_cbg_executor' returned '0': CMAKE_PREFIX_PATH=${CMAKE_PREFIX_PATH}:/home/ankush/ros2_ws/install/launch_testing_examples:/home/ankush/ros2_ws/install/examples_rclpy_pointcloud_publisher:/home/ankush/ros2_ws/install/examples_rclpy_minimal_subscriber:/home/ankush/ros2_ws/install/examples_rclpy_minimal_service:/home/ankush/ros2_ws/install/examples_rclpy_minimal_publisher:/home/ankush/ros2_ws/install/examples_rclpy_minimal_client:/home/ankush/ros2_ws/install/examples_rclpy_minimal_action_server:/home/ankush/ros2_ws/install/examples_rclpy_minimal_action_client:/home/ankush/ros2_ws/install/examples_rclpy_guard_conditions:/home/ankush/ros2_ws/install/examples_rclpy_executors:/opt/ros/humble /usr/bin/cmake --build /home/ankush/ros2_ws/build/examples_rclcpp_cbg_executor -- -j16 -l16
[0.839s] Invoking command in '/home/ankush/ros2_ws/build/examples_rclcpp_cbg_executor': CMAKE_PREFIX_PATH=${CMAKE_PREFIX_PATH}:/home/ankush/ros2_ws/install/launch_testing_examples:/home/ankush/ros2_ws/install/examples_rclpy_pointcloud_publisher:/home/ankush/ros2_ws/install/examples_rclpy_minimal_subscriber:/home/ankush/ros2_ws/install/examples_rclpy_minimal_service:/home/ankush/ros2_ws/install/examples_rclpy_minimal_publisher:/home/ankush/ros2_ws/install/examples_rclpy_minimal_client:/home/ankush/ros2_ws/install/examples_rclpy_minimal_action_server:/home/ankush/ros2_ws/install/examples_rclpy_minimal_action_client:/home/ankush/ros2_ws/install/examples_rclpy_guard_conditions:/home/ankush/ros2_ws/install/examples_rclpy_executors:/opt/ros/humble /usr/bin/cmake --install /home/ankush/ros2_ws/build/examples_rclcpp_cbg_executor
[0.866s] -- Install configuration: ""
[0.866s] -- Execute custom install script
[0.870s] -- Up-to-date symlink: /home/ankush/ros2_ws/install/examples_rclcpp_cbg_executor/lib/examples_rclcpp_cbg_executor/ping
[0.870s] -- Up-to-date symlink: /home/ankush/ros2_ws/install/examples_rclcpp_cbg_executor/lib/examples_rclcpp_cbg_executor/pong
[0.870s] -- Up-to-date symlink: /home/ankush/ros2_ws/install/examples_rclcpp_cbg_executor/lib/examples_rclcpp_cbg_executor/ping_pong
[0.870s] -- Up-to-date symlink: /home/ankush/ros2_ws/install/examples_rclcpp_cbg_executor/include/examples_rclcpp_cbg_executor/ping_node.hpp
[0.870s] -- Up-to-date symlink: /home/ankush/ros2_ws/install/examples_rclcpp_cbg_executor/include/examples_rclcpp_cbg_executor/pong_node.hpp
[0.870s] -- Up-to-date symlink: /home/ankush/ros2_ws/install/examples_rclcpp_cbg_executor/share/ament_index/resource_index/package_run_dependencies/examples_rclcpp_cbg_executor
[0.871s] -- Up-to-date symlink: /home/ankush/ros2_ws/install/examples_rclcpp_cbg_executor/share/ament_index/resource_index/parent_prefix_path/examples_rclcpp_cbg_executor
[0.871s] -- Up-to-date symlink: /home/ankush/ros2_ws/install/examples_rclcpp_cbg_executor/share/examples_rclcpp_cbg_executor/environment/ament_prefix_path.sh
[0.871s] -- Up-to-date symlink: /home/ankush/ros2_ws/install/examples_rclcpp_cbg_executor/share/examples_rclcpp_cbg_executor/environment/ament_prefix_path.dsv
[0.871s] -- Up-to-date symlink: /home/ankush/ros2_ws/install/examples_rclcpp_cbg_executor/share/examples_rclcpp_cbg_executor/environment/path.sh
[0.871s] -- Up-to-date symlink: /home/ankush/ros2_ws/install/examples_rclcpp_cbg_executor/share/examples_rclcpp_cbg_executor/environment/path.dsv
[0.871s] -- Up-to-date symlink: /home/ankush/ros2_ws/install/examples_rclcpp_cbg_executor/share/examples_rclcpp_cbg_executor/local_setup.bash
[0.872s] -- Up-to-date symlink: /home/ankush/ros2_ws/install/examples_rclcpp_cbg_executor/share/examples_rclcpp_cbg_executor/local_setup.sh
[0.872s] -- Up-to-date symlink: /home/ankush/ros2_ws/install/examples_rclcpp_cbg_executor/share/examples_rclcpp_cbg_executor/local_setup.zsh
[0.872s] -- Up-to-date symlink: /home/ankush/ros2_ws/install/examples_rclcpp_cbg_executor/share/examples_rclcpp_cbg_executor/local_setup.dsv
[0.872s] -- Symlinking: /home/ankush/ros2_ws/install/examples_rclcpp_cbg_executor/share/examples_rclcpp_cbg_executor/package.dsv
[0.893s] -- Up-to-date symlink: /home/ankush/ros2_ws/install/examples_rclcpp_cbg_executor/share/ament_index/resource_index/packages/examples_rclcpp_cbg_executor
[0.893s] -- Up-to-date symlink: /home/ankush/ros2_ws/install/examples_rclcpp_cbg_executor/share/examples_rclcpp_cbg_executor/cmake/ament_cmake_export_dependencies-extras.cmake
[0.893s] -- Up-to-date symlink: /home/ankush/ros2_ws/install/examples_rclcpp_cbg_executor/share/examples_rclcpp_cbg_executor/cmake/examples_rclcpp_cbg_executorConfig.cmake
[0.894s] -- Up-to-date symlink: /home/ankush/ros2_ws/install/examples_rclcpp_cbg_executor/share/examples_rclcpp_cbg_executor/cmake/examples_rclcpp_cbg_executorConfig-version.cmake
[0.894s] -- Up-to-date symlink: /home/ankush/ros2_ws/install/examples_rclcpp_cbg_executor/share/examples_rclcpp_cbg_executor/package.xml
[0.940s] Invoked command in '/home/ankush/ros2_ws/build/examples_rclcpp_cbg_executor' returned '0': CMAKE_PREFIX_PATH=${CMAKE_PREFIX_PATH}:/home/ankush/ros2_ws/install/launch_testing_examples:/home/ankush/ros2_ws/install/examples_rclpy_pointcloud_publisher:/home/ankush/ros2_ws/install/examples_rclpy_minimal_subscriber:/home/ankush/ros2_ws/install/examples_rclpy_minimal_service:/home/ankush/ros2_ws/install/examples_rclpy_minimal_publisher:/home/ankush/ros2_ws/install/examples_rclpy_minimal_client:/home/ankush/ros2_ws/install/examples_rclpy_minimal_action_server:/home/ankush/ros2_ws/install/examples_rclpy_minimal_action_client:/home/ankush/ros2_ws/install/examples_rclpy_guard_conditions:/home/ankush/ros2_ws/install/examples_rclpy_executors:/opt/ros/humble /usr/bin/cmake --install /home/ankush/ros2_ws/build/examples_rclcpp_cbg_executor
