[0.057s] Invoking command in '/home/ankush/ros2_ws/build/examples_rclcpp_wait_set': CMAKE_PREFIX_PATH=/opt/ros/humble /usr/bin/cmake /home/ankush/ros2_ws/src/examples/rclcpp/wait_set -DAMENT_CMAKE_SYMLINK_INSTALL=1 -DCMAKE_INSTALL_PREFIX=/home/ankush/ros2_ws/install/examples_rclcpp_wait_set
[1.899s] -- The C compiler identification is GNU 11.3.0
[1.899s] -- The CXX compiler identification is GNU 11.3.0
[1.899s] -- Detecting C compiler ABI info
[1.899s] -- Detecting C compiler ABI info - done
[1.900s] -- Check for working C compiler: /usr/bin/cc - skipped
[1.900s] -- Detecting C compile features
[1.900s] -- Detecting C compile features - done
[1.900s] -- Detecting CXX compiler ABI info
[1.900s] -- Detecting CXX compiler ABI info - done
[1.900s] -- Check for working CXX compiler: /usr/bin/c++ - skipped
[1.900s] -- Detecting CXX compile features
[1.900s] -- Detecting CXX compile features - done
[1.901s] -- Found ament_cmake: 1.3.2 (/opt/ros/humble/share/ament_cmake/cmake)
[1.901s] -- Found Python3: /usr/bin/python3.10 (found version "3.10.6") found components: Interpreter 
[1.901s] -- Override CMake install command with custom implementation using symlinks instead of copying resources
[1.901s] -- Found example_interfaces: 0.9.3 (/opt/ros/humble/share/example_interfaces/cmake)
[1.901s] -- Found rosidl_generator_c: 3.1.3 (/opt/ros/humble/share/rosidl_generator_c/cmake)
[1.901s] -- Found rosidl_adapter: 3.1.3 (/opt/ros/humble/share/rosidl_adapter/cmake)
[1.901s] -- Found rosidl_generator_cpp: 3.1.3 (/opt/ros/humble/share/rosidl_generator_cpp/cmake)
[1.901s] -- Using all available rosidl_typesupport_c: rosidl_typesupport_fastrtps_c;rosidl_typesupport_introspection_c
[1.901s] -- Using all available rosidl_typesupport_cpp: rosidl_typesupport_fastrtps_cpp;rosidl_typesupport_introspection_cpp
[1.901s] -- Found rclcpp: 16.0.1 (/opt/ros/humble/share/rclcpp/cmake)
[1.902s] -- Found rmw_implementation_cmake: 6.1.0 (/opt/ros/humble/share/rmw_implementation_cmake/cmake)
[1.902s] -- Found rmw_fastrtps_cpp: 6.2.1 (/opt/ros/humble/share/rmw_fastrtps_cpp/cmake)
[1.902s] -- Found OpenSSL: /usr/lib/x86_64-linux-gnu/libcrypto.so (found version "3.0.2")  
[1.902s] -- Found FastRTPS: /opt/ros/humble/include  
[1.902s] -- Using RMW implementation 'rmw_fastrtps_cpp' as default
[2.193s] -- Found rclcpp_components: 16.0.1 (/opt/ros/humble/share/rclcpp_components/cmake)
[2.798s] -- Found ament_lint_auto: 0.12.4 (/opt/ros/humble/share/ament_lint_auto/cmake)
[3.280s] -- Added test 'copyright' to check source files copyright and LICENSE
[3.282s] -- Added test 'cppcheck' to perform static code analysis on C / C++ code
[3.283s] -- Configured cppcheck include dirs: /home/ankush/ros2_ws/src/examples/rclcpp/wait_set/include
[3.292s] -- Configured cppcheck exclude dirs and/or files: 
[3.298s] -- Added test 'cpplint' to check C / C++ code against the Google style
[3.299s] -- Configured cpplint exclude dirs and/or files: 
[3.307s] -- Added test 'lint_cmake' to check CMake code style
[3.312s] -- Added test 'uncrustify' to check C / C++ code style
[3.312s] -- Configured uncrustify additional arguments: 
[3.326s] -- Added test 'xmllint' to check XML markup files
[3.329s] -- Configuring done
[3.534s] -- Generating done
[3.539s] -- Build files have been written to: /home/ankush/ros2_ws/build/examples_rclcpp_wait_set
[3.633s] Invoked command in '/home/ankush/ros2_ws/build/examples_rclcpp_wait_set' returned '0': CMAKE_PREFIX_PATH=/opt/ros/humble /usr/bin/cmake /home/ankush/ros2_ws/src/examples/rclcpp/wait_set -DAMENT_CMAKE_SYMLINK_INSTALL=1 -DCMAKE_INSTALL_PREFIX=/home/ankush/ros2_ws/install/examples_rclcpp_wait_set
[3.634s] Invoking command in '/home/ankush/ros2_ws/build/examples_rclcpp_wait_set': CMAKE_PREFIX_PATH=/opt/ros/humble /usr/bin/cmake --build /home/ankush/ros2_ws/build/examples_rclcpp_wait_set -- -j16 -l16
[36.498s] [  4%] [32mBuilding CXX object CMakeFiles/talker.dir/src/talker.cpp.o[0m
[36.499s] [  8%] [32mBuilding CXX object CMakeFiles/wait_set_talker.dir/rclcpp_components/node_main_wait_set_talker.cpp.o[0m
[36.499s] [ 12%] [32mBuilding CXX object CMakeFiles/wait_set_listener.dir/rclcpp_components/node_main_wait_set_listener.cpp.o[0m
[36.499s] [ 16%] [32mBuilding CXX object CMakeFiles/listener.dir/src/listener.cpp.o[0m
[36.499s] [ 20%] [32mBuilding CXX object CMakeFiles/wait_set.dir/src/wait_set.cpp.o[0m
[36.499s] [ 25%] [32mBuilding CXX object CMakeFiles/static_wait_set.dir/src/static_wait_set.cpp.o[0m
[36.500s] [ 29%] [32mBuilding CXX object CMakeFiles/thread_safe_wait_set.dir/src/thread_safe_wait_set.cpp.o[0m
[36.500s] [ 33%] [32mBuilding CXX object CMakeFiles/wait_set_topics_and_timer.dir/src/wait_set_topics_and_timer.cpp.o[0m
[36.500s] [ 37%] [32mBuilding CXX object CMakeFiles/wait_set_random_order.dir/src/wait_set_random_order.cpp.o[0m
[36.500s] [ 41%] [32mBuilding CXX object CMakeFiles/wait_set_topics_with_different_rates.dir/src/wait_set_topics_with_different_rates.cpp.o[0m
[36.500s] [ 45%] [32mBuilding CXX object CMakeFiles/executor_random_order.dir/src/executor_random_order.cpp.o[0m
[36.500s] [ 50%] [32m[1mLinking CXX executable wait_set_listener[0m
[36.500s] [ 54%] [32m[1mLinking CXX executable wait_set_topics_and_timer[0m
[36.500s] [ 58%] [32m[1mLinking CXX shared library libtalker.so[0m
[36.501s] [ 58%] Built target wait_set_listener
[36.501s] [ 62%] [32m[1mLinking CXX executable wait_set_talker[0m
[36.501s] [ 62%] Built target talker
[36.501s] [ 62%] Built target wait_set_talker
[36.501s] [ 62%] Built target wait_set_topics_and_timer
[43.712s] [ 66%] [32m[1mLinking CXX executable thread_safe_wait_set[0m
[45.400s] [ 66%] Built target thread_safe_wait_set
[48.501s] [ 70%] [32m[1mLinking CXX executable static_wait_set[0m
[49.162s] [ 70%] Built target static_wait_set
[51.835s] [ 75%] [32m[1mLinking CXX executable executor_random_order[0m
[52.304s] [ 79%] [32m[1mLinking CXX shared library liblistener.so[0m
[52.753s] [ 79%] Built target executor_random_order
[52.936s] [ 83%] [32m[1mLinking CXX executable wait_set[0m
[53.259s] [ 87%] Built target listener
[53.259s] [ 87%] [32m[1mLinking CXX executable wait_set_topics_with_different_rates[0m
[53.625s] [ 87%] Built target wait_set
[53.646s] [ 91%] [32m[1mLinking CXX executable wait_set_random_order[0m
[53.768s] [ 91%] Built target wait_set_topics_with_different_rates
[54.028s] [ 91%] Built target wait_set_random_order
[54.043s] [ 95%] [32mBuilding CXX object CMakeFiles/wait_set_composed.dir/src/wait_set_composed.cpp.o[0m
[56.802s] [100%] [32m[1mLinking CXX executable wait_set_composed[0m
[57.194s] [100%] Built target wait_set_composed
[57.229s] Invoked command in '/home/ankush/ros2_ws/build/examples_rclcpp_wait_set' returned '0': CMAKE_PREFIX_PATH=/opt/ros/humble /usr/bin/cmake --build /home/ankush/ros2_ws/build/examples_rclcpp_wait_set -- -j16 -l16
[57.313s] Invoking command in '/home/ankush/ros2_ws/build/examples_rclcpp_wait_set': CMAKE_PREFIX_PATH=/opt/ros/humble /usr/bin/cmake --install /home/ankush/ros2_ws/build/examples_rclcpp_wait_set
[57.324s] -- Install configuration: ""
[57.324s] -- Execute custom install script
[57.325s] -- Symlinking: /home/ankush/ros2_ws/install/examples_rclcpp_wait_set/lib/examples_rclcpp_wait_set/wait_set_talker
[57.338s] -- Symlinking: /home/ankush/ros2_ws/install/examples_rclcpp_wait_set/lib/examples_rclcpp_wait_set/wait_set_listener
[57.351s] -- Symlinking: /home/ankush/ros2_ws/install/examples_rclcpp_wait_set/lib/libtalker.so
[57.364s] -- Symlinking: /home/ankush/ros2_ws/install/examples_rclcpp_wait_set/lib/liblistener.so
[57.376s] -- Symlinking: /home/ankush/ros2_ws/install/examples_rclcpp_wait_set/lib/examples_rclcpp_wait_set/wait_set
[57.388s] -- Symlinking: /home/ankush/ros2_ws/install/examples_rclcpp_wait_set/lib/examples_rclcpp_wait_set/static_wait_set
[57.399s] -- Symlinking: /home/ankush/ros2_ws/install/examples_rclcpp_wait_set/lib/examples_rclcpp_wait_set/thread_safe_wait_set
[57.409s] -- Symlinking: /home/ankush/ros2_ws/install/examples_rclcpp_wait_set/lib/examples_rclcpp_wait_set/wait_set_topics_and_timer
[57.423s] -- Symlinking: /home/ankush/ros2_ws/install/examples_rclcpp_wait_set/lib/examples_rclcpp_wait_set/wait_set_random_order
[57.433s] -- Symlinking: /home/ankush/ros2_ws/install/examples_rclcpp_wait_set/lib/examples_rclcpp_wait_set/executor_random_order
[57.446s] -- Symlinking: /home/ankush/ros2_ws/install/examples_rclcpp_wait_set/lib/examples_rclcpp_wait_set/wait_set_topics_with_different_rates
[57.461s] -- Symlinking: /home/ankush/ros2_ws/install/examples_rclcpp_wait_set/lib/examples_rclcpp_wait_set/wait_set_composed
[57.475s] -- Symlinking: /home/ankush/ros2_ws/install/examples_rclcpp_wait_set/share/ament_index/resource_index/package_run_dependencies/examples_rclcpp_wait_set
[57.489s] -- Symlinking: /home/ankush/ros2_ws/install/examples_rclcpp_wait_set/share/ament_index/resource_index/parent_prefix_path/examples_rclcpp_wait_set
[57.511s] -- Symlinking: /home/ankush/ros2_ws/install/examples_rclcpp_wait_set/share/examples_rclcpp_wait_set/environment/ament_prefix_path.sh
[57.523s] -- Symlinking: /home/ankush/ros2_ws/install/examples_rclcpp_wait_set/share/examples_rclcpp_wait_set/environment/ament_prefix_path.dsv
[57.534s] -- Symlinking: /home/ankush/ros2_ws/install/examples_rclcpp_wait_set/share/examples_rclcpp_wait_set/environment/path.sh
[57.547s] -- Symlinking: /home/ankush/ros2_ws/install/examples_rclcpp_wait_set/share/examples_rclcpp_wait_set/environment/path.dsv
[57.560s] -- Symlinking: /home/ankush/ros2_ws/install/examples_rclcpp_wait_set/share/examples_rclcpp_wait_set/local_setup.bash
[57.571s] -- Symlinking: /home/ankush/ros2_ws/install/examples_rclcpp_wait_set/share/examples_rclcpp_wait_set/local_setup.sh
[57.583s] -- Symlinking: /home/ankush/ros2_ws/install/examples_rclcpp_wait_set/share/examples_rclcpp_wait_set/local_setup.zsh
[57.596s] -- Symlinking: /home/ankush/ros2_ws/install/examples_rclcpp_wait_set/share/examples_rclcpp_wait_set/local_setup.dsv
[57.610s] -- Symlinking: /home/ankush/ros2_ws/install/examples_rclcpp_wait_set/share/examples_rclcpp_wait_set/package.dsv
[57.622s] -- Symlinking: /home/ankush/ros2_ws/install/examples_rclcpp_wait_set/share/ament_index/resource_index/packages/examples_rclcpp_wait_set
[57.637s] -- Symlinking: /home/ankush/ros2_ws/install/examples_rclcpp_wait_set/share/ament_index/resource_index/rclcpp_components/examples_rclcpp_wait_set
[57.651s] -- Symlinking: /home/ankush/ros2_ws/install/examples_rclcpp_wait_set/share/examples_rclcpp_wait_set/cmake/examples_rclcpp_wait_setConfig.cmake
[57.663s] -- Symlinking: /home/ankush/ros2_ws/install/examples_rclcpp_wait_set/share/examples_rclcpp_wait_set/cmake/examples_rclcpp_wait_setConfig-version.cmake
[57.675s] -- Symlinking: /home/ankush/ros2_ws/install/examples_rclcpp_wait_set/share/examples_rclcpp_wait_set/package.xml
[57.693s] Invoked command in '/home/ankush/ros2_ws/build/examples_rclcpp_wait_set' returned '0': CMAKE_PREFIX_PATH=/opt/ros/humble /usr/bin/cmake --install /home/ankush/ros2_ws/build/examples_rclcpp_wait_set
