[0.079s] Invoking command in '/home/ankush/ros2_ws/build/examples_rclcpp_async_client': CMAKE_PREFIX_PATH=/opt/ros/humble /usr/bin/cmake /home/ankush/ros2_ws/src/examples/rclcpp/services/async_client -DAMENT_CMAKE_SYMLINK_INSTALL=1 -DCMAKE_INSTALL_PREFIX=/home/ankush/ros2_ws/install/examples_rclcpp_async_client
[1.856s] -- The C compiler identification is GNU 11.3.0
[1.856s] -- The CXX compiler identification is GNU 11.3.0
[1.856s] -- Detecting C compiler ABI info
[1.857s] -- Detecting C compiler ABI info - done
[1.857s] -- Check for working C compiler: /usr/bin/cc - skipped
[1.857s] -- Detecting C compile features
[1.857s] -- Detecting C compile features - done
[1.858s] -- Detecting CXX compiler ABI info
[1.858s] -- Detecting CXX compiler ABI info - done
[1.859s] -- Check for working CXX compiler: /usr/bin/c++ - skipped
[1.859s] -- Detecting CXX compile features
[1.860s] -- Detecting CXX compile features - done
[1.860s] -- Found ament_cmake: 1.3.2 (/opt/ros/humble/share/ament_cmake/cmake)
[1.860s] -- Found Python3: /usr/bin/python3.10 (found version "3.10.6") found components: Interpreter 
[1.862s] -- Override CMake install command with custom implementation using symlinks instead of copying resources
[1.862s] -- Found example_interfaces: 0.9.3 (/opt/ros/humble/share/example_interfaces/cmake)
[1.863s] -- Found rosidl_generator_c: 3.1.3 (/opt/ros/humble/share/rosidl_generator_c/cmake)
[1.863s] -- Found rosidl_adapter: 3.1.3 (/opt/ros/humble/share/rosidl_adapter/cmake)
[1.863s] -- Found rosidl_generator_cpp: 3.1.3 (/opt/ros/humble/share/rosidl_generator_cpp/cmake)
[1.863s] -- Using all available rosidl_typesupport_c: rosidl_typesupport_fastrtps_c;rosidl_typesupport_introspection_c
[1.863s] -- Using all available rosidl_typesupport_cpp: rosidl_typesupport_fastrtps_cpp;rosidl_typesupport_introspection_cpp
[1.864s] -- Found rclcpp: 16.0.1 (/opt/ros/humble/share/rclcpp/cmake)
[1.864s] -- Found rmw_implementation_cmake: 6.1.0 (/opt/ros/humble/share/rmw_implementation_cmake/cmake)
[1.864s] -- Found rmw_fastrtps_cpp: 6.2.1 (/opt/ros/humble/share/rmw_fastrtps_cpp/cmake)
[1.864s] -- Found OpenSSL: /usr/lib/x86_64-linux-gnu/libcrypto.so (found version "3.0.2")  
[1.864s] -- Found FastRTPS: /opt/ros/humble/include  
[1.864s] -- Using RMW implementation 'rmw_fastrtps_cpp' as default
[1.994s] -- Found ament_lint_auto: 0.12.4 (/opt/ros/humble/share/ament_lint_auto/cmake)
[2.188s] -- Added test 'copyright' to check source files copyright and LICENSE
[2.189s] -- Added test 'cppcheck' to perform static code analysis on C / C++ code
[2.189s] -- Configured cppcheck include dirs: 
[2.189s] -- Configured cppcheck exclude dirs and/or files: 
[2.190s] -- Added test 'cpplint' to check C / C++ code against the Google style
[2.190s] -- Configured cpplint exclude dirs and/or files: 
[2.191s] -- Added test 'lint_cmake' to check CMake code style
[2.192s] -- Added test 'uncrustify' to check C / C++ code style
[2.192s] -- Configured uncrustify additional arguments: 
[2.192s] -- Added test 'xmllint' to check XML markup files
[2.195s] -- Configuring done
[2.261s] -- Generating done
[2.288s] -- Build files have been written to: /home/ankush/ros2_ws/build/examples_rclcpp_async_client
[2.340s] Invoked command in '/home/ankush/ros2_ws/build/examples_rclcpp_async_client' returned '0': CMAKE_PREFIX_PATH=/opt/ros/humble /usr/bin/cmake /home/ankush/ros2_ws/src/examples/rclcpp/services/async_client -DAMENT_CMAKE_SYMLINK_INSTALL=1 -DCMAKE_INSTALL_PREFIX=/home/ankush/ros2_ws/install/examples_rclcpp_async_client
[2.340s] Invoking command in '/home/ankush/ros2_ws/build/examples_rclcpp_async_client': CMAKE_PREFIX_PATH=/opt/ros/humble /usr/bin/cmake --build /home/ankush/ros2_ws/build/examples_rclcpp_async_client -- -j16 -l16
[33.431s] [ 50%] [32mBuilding CXX object CMakeFiles/client_main.dir/main.cpp.o[0m
[38.091s] [100%] [32m[1mLinking CXX executable client_main[0m
[38.661s] [100%] Built target client_main
[41.371s] Invoked command in '/home/ankush/ros2_ws/build/examples_rclcpp_async_client' returned '0': CMAKE_PREFIX_PATH=/opt/ros/humble /usr/bin/cmake --build /home/ankush/ros2_ws/build/examples_rclcpp_async_client -- -j16 -l16
[41.739s] Invoking command in '/home/ankush/ros2_ws/build/examples_rclcpp_async_client': CMAKE_PREFIX_PATH=/opt/ros/humble /usr/bin/cmake --install /home/ankush/ros2_ws/build/examples_rclcpp_async_client
[41.830s] -- Install configuration: ""
[41.830s] -- Execute custom install script
[41.830s] -- Symlinking: /home/ankush/ros2_ws/install/examples_rclcpp_async_client/lib/examples_rclcpp_async_client/client_main
[41.837s] -- Symlinking: /home/ankush/ros2_ws/install/examples_rclcpp_async_client/share/ament_index/resource_index/package_run_dependencies/examples_rclcpp_async_client
[41.880s] -- Symlinking: /home/ankush/ros2_ws/install/examples_rclcpp_async_client/share/ament_index/resource_index/parent_prefix_path/examples_rclcpp_async_client
[41.944s] -- Symlinking: /home/ankush/ros2_ws/install/examples_rclcpp_async_client/share/examples_rclcpp_async_client/environment/ament_prefix_path.sh
[41.975s] -- Symlinking: /home/ankush/ros2_ws/install/examples_rclcpp_async_client/share/examples_rclcpp_async_client/environment/ament_prefix_path.dsv
[42.017s] -- Symlinking: /home/ankush/ros2_ws/install/examples_rclcpp_async_client/share/examples_rclcpp_async_client/environment/path.sh
[42.042s] -- Symlinking: /home/ankush/ros2_ws/install/examples_rclcpp_async_client/share/examples_rclcpp_async_client/environment/path.dsv
[42.097s] -- Symlinking: /home/ankush/ros2_ws/install/examples_rclcpp_async_client/share/examples_rclcpp_async_client/local_setup.bash
[42.133s] -- Symlinking: /home/ankush/ros2_ws/install/examples_rclcpp_async_client/share/examples_rclcpp_async_client/local_setup.sh
[42.145s] -- Symlinking: /home/ankush/ros2_ws/install/examples_rclcpp_async_client/share/examples_rclcpp_async_client/local_setup.zsh
[42.158s] -- Symlinking: /home/ankush/ros2_ws/install/examples_rclcpp_async_client/share/examples_rclcpp_async_client/local_setup.dsv
[42.178s] -- Symlinking: /home/ankush/ros2_ws/install/examples_rclcpp_async_client/share/examples_rclcpp_async_client/package.dsv
[42.200s] -- Symlinking: /home/ankush/ros2_ws/install/examples_rclcpp_async_client/share/ament_index/resource_index/packages/examples_rclcpp_async_client
[42.230s] -- Symlinking: /home/ankush/ros2_ws/install/examples_rclcpp_async_client/share/examples_rclcpp_async_client/cmake/examples_rclcpp_async_clientConfig.cmake
[42.245s] -- Symlinking: /home/ankush/ros2_ws/install/examples_rclcpp_async_client/share/examples_rclcpp_async_client/cmake/examples_rclcpp_async_clientConfig-version.cmake
[42.258s] -- Symlinking: /home/ankush/ros2_ws/install/examples_rclcpp_async_client/share/examples_rclcpp_async_client/package.xml
[42.751s] Invoked command in '/home/ankush/ros2_ws/build/examples_rclcpp_async_client' returned '0': CMAKE_PREFIX_PATH=/opt/ros/humble /usr/bin/cmake --install /home/ankush/ros2_ws/build/examples_rclcpp_async_client
