[0.016s] Invoking command in '/home/ankush/ros2_ws/build/rrbot_gazebo': AMENT_PREFIX_PATH=/home/ankush/ros2_ws/install/rrbot_description:${AMENT_PREFIX_PATH} CMAKE_PREFIX_PATH=/home/ankush/ros2_ws/install/rrbot_description:/home/ankush/ros2_ws/install/examples_rclcpp_wait_set:/home/ankush/ros2_ws/install/examples_rclcpp_multithreaded_executor:/home/ankush/ros2_ws/install/examples_rclcpp_minimal_timer:/home/ankush/ros2_ws/install/examples_rclcpp_minimal_subscriber:/home/ankush/ros2_ws/install/examples_rclcpp_minimal_service:/home/ankush/ros2_ws/install/examples_rclcpp_minimal_publisher:/home/ankush/ros2_ws/install/examples_rclcpp_minimal_composition:/home/ankush/ros2_ws/install/examples_rclcpp_minimal_client:/home/ankush/ros2_ws/install/examples_rclcpp_minimal_action_server:/home/ankush/ros2_ws/install/examples_rclcpp_minimal_action_client:/home/ankush/ros2_ws/install/examples_rclcpp_cbg_executor:/home/ankush/ros2_ws/install/examples_rclcpp_async_client:/home/ankush/ros2_ws/install/launch_testing_examples:/home/ankush/ros2_ws/install/examples_rclpy_pointcloud_publisher:/home/ankush/ros2_ws/install/examples_rclpy_minimal_subscriber:/home/ankush/ros2_ws/install/examples_rclpy_minimal_service:/home/ankush/ros2_ws/install/examples_rclpy_minimal_publisher:/home/ankush/ros2_ws/install/examples_rclpy_minimal_client:/home/ankush/ros2_ws/install/examples_rclpy_minimal_action_server:/home/ankush/ros2_ws/install/examples_rclpy_minimal_action_client:/home/ankush/ros2_ws/install/examples_rclpy_guard_conditions:/home/ankush/ros2_ws/install/examples_rclpy_executors:/opt/ros/humble /usr/bin/cmake /home/ankush/ros2_ws/src/rrbot_simulation_files/rrbot_gazebo -DAMENT_CMAKE_SYMLINK_INSTALL=1 -DCMAKE_INSTALL_PREFIX=/home/ankush/ros2_ws/install/rrbot_gazebo
[0.069s] -- The C compiler identification is GNU 11.3.0
[0.135s] -- The CXX compiler identification is GNU 11.3.0
[0.145s] -- Detecting C compiler ABI info
[0.208s] -- Detecting C compiler ABI info - done
[0.224s] -- Check for working C compiler: /usr/bin/cc - skipped
[0.224s] -- Detecting C compile features
[0.225s] -- Detecting C compile features - done
[0.230s] -- Detecting CXX compiler ABI info
[0.304s] -- Detecting CXX compiler ABI info - done
[0.318s] -- Check for working CXX compiler: /usr/bin/c++ - skipped
[0.318s] -- Detecting CXX compile features
[0.319s] -- Detecting CXX compile features - done
[0.325s] -- Found ament_cmake: 1.3.2 (/opt/ros/humble/share/ament_cmake/cmake)
[0.543s] -- Found Python3: /usr/bin/python3.10 (found version "3.10.6") found components: Interpreter 
[0.618s] -- Override CMake install command with custom implementation using symlinks instead of copying resources
[0.675s] -- Found rclcpp: 16.0.1 (/opt/ros/humble/share/rclcpp/cmake)
[0.753s] -- Found rosidl_generator_c: 3.1.3 (/opt/ros/humble/share/rosidl_generator_c/cmake)
[0.762s] -- Found rosidl_adapter: 3.1.3 (/opt/ros/humble/share/rosidl_adapter/cmake)
[0.776s] -- Found rosidl_generator_cpp: 3.1.3 (/opt/ros/humble/share/rosidl_generator_cpp/cmake)
[0.797s] -- Using all available rosidl_typesupport_c: rosidl_typesupport_fastrtps_c;rosidl_typesupport_introspection_c
[0.826s] -- Using all available rosidl_typesupport_cpp: rosidl_typesupport_fastrtps_cpp;rosidl_typesupport_introspection_cpp
[0.922s] -- Found rmw_implementation_cmake: 6.1.0 (/opt/ros/humble/share/rmw_implementation_cmake/cmake)
[0.928s] -- Found rmw_fastrtps_cpp: 6.2.1 (/opt/ros/humble/share/rmw_fastrtps_cpp/cmake)
[1.028s] -- Found OpenSSL: /usr/lib/x86_64-linux-gnu/libcrypto.so (found version "3.0.2")  
[1.053s] -- Found FastRTPS: /opt/ros/humble/include  
[1.098s] -- Using RMW implementation 'rmw_fastrtps_cpp' as default
[1.270s] [31mCMake Error at CMakeLists.txt:7 (find_package):
[1.270s]   By not providing "Findcontroller_manager_msgs.cmake" in CMAKE_MODULE_PATH
[1.270s]   this project has asked CMake to find a package configuration file provided
[1.270s]   by "controller_manager_msgs", but CMake did not find one.
[1.270s] 
[1.270s]   Could not find a package configuration file provided by
[1.270s]   "controller_manager_msgs" with any of the following names:
[1.270s] 
[1.270s]     controller_manager_msgsConfig.cmake
[1.270s]     controller_manager_msgs-config.cmake
[1.270s] 
[1.270s]   Add the installation prefix of "controller_manager_msgs" to
[1.271s]   CMAKE_PREFIX_PATH or set "controller_manager_msgs_DIR" to a directory
[1.271s]   containing one of the above files.  If "controller_manager_msgs" provides a
[1.271s]   separate development package or SDK, be sure it has been installed.
[1.271s] 
[1.271s] [0m
[1.271s] -- Configuring incomplete, errors occurred!
[1.271s] See also "/home/ankush/ros2_ws/build/rrbot_gazebo/CMakeFiles/CMakeOutput.log".
[1.277s] Invoked command in '/home/ankush/ros2_ws/build/rrbot_gazebo' returned '1': AMENT_PREFIX_PATH=/home/ankush/ros2_ws/install/rrbot_description:${AMENT_PREFIX_PATH} CMAKE_PREFIX_PATH=/home/ankush/ros2_ws/install/rrbot_description:/home/ankush/ros2_ws/install/examples_rclcpp_wait_set:/home/ankush/ros2_ws/install/examples_rclcpp_multithreaded_executor:/home/ankush/ros2_ws/install/examples_rclcpp_minimal_timer:/home/ankush/ros2_ws/install/examples_rclcpp_minimal_subscriber:/home/ankush/ros2_ws/install/examples_rclcpp_minimal_service:/home/ankush/ros2_ws/install/examples_rclcpp_minimal_publisher:/home/ankush/ros2_ws/install/examples_rclcpp_minimal_composition:/home/ankush/ros2_ws/install/examples_rclcpp_minimal_client:/home/ankush/ros2_ws/install/examples_rclcpp_minimal_action_server:/home/ankush/ros2_ws/install/examples_rclcpp_minimal_action_client:/home/ankush/ros2_ws/install/examples_rclcpp_cbg_executor:/home/ankush/ros2_ws/install/examples_rclcpp_async_client:/home/ankush/ros2_ws/install/launch_testing_examples:/home/ankush/ros2_ws/install/examples_rclpy_pointcloud_publisher:/home/ankush/ros2_ws/install/examples_rclpy_minimal_subscriber:/home/ankush/ros2_ws/install/examples_rclpy_minimal_service:/home/ankush/ros2_ws/install/examples_rclpy_minimal_publisher:/home/ankush/ros2_ws/install/examples_rclpy_minimal_client:/home/ankush/ros2_ws/install/examples_rclpy_minimal_action_server:/home/ankush/ros2_ws/install/examples_rclpy_minimal_action_client:/home/ankush/ros2_ws/install/examples_rclpy_guard_conditions:/home/ankush/ros2_ws/install/examples_rclpy_executors:/opt/ros/humble /usr/bin/cmake /home/ankush/ros2_ws/src/rrbot_simulation_files/rrbot_gazebo -DAMENT_CMAKE_SYMLINK_INSTALL=1 -DCMAKE_INSTALL_PREFIX=/home/ankush/ros2_ws/install/rrbot_gazebo
