[2.354s] Invoking command in '/home/ankush/ros2_ws/build/examples_rclpy_pointcloud_publisher': PYTHONPATH=/home/ankush/ros2_ws/install/examples_rclpy_pointcloud_publisher/lib/python3.10/site-packages:${PYTHONPATH} /usr/bin/python3 setup.py develop --prefix /home/ankush/ros2_ws/install/examples_rclpy_pointcloud_publisher --editable --build-directory /home/ankush/ros2_ws/build/examples_rclpy_pointcloud_publisher/build --no-deps install_data --install-dir /home/ankush/ros2_ws/install/examples_rclpy_pointcloud_publisher
[2.652s] running develop
[2.653s] /usr/lib/python3/dist-packages/setuptools/command/easy_install.py:158: EasyInstallDeprecationWarning: easy_install command is deprecated. Use build and pip and other standards-based tools.
[2.653s]   warnings.warn(
[2.654s] /usr/lib/python3/dist-packages/setuptools/command/install.py:34: SetuptoolsDeprecationWarning: setup.py install is deprecated. Use build and pip and other standards-based tools.
[2.654s]   warnings.warn(
[2.723s] /usr/lib/python3/dist-packages/pkg_resources/__init__.py:116: PkgResourcesDeprecationWarning: 1.16.0-unknown is an invalid version and will not be supported in a future release
[2.723s]   warnings.warn(
[2.723s] /usr/lib/python3/dist-packages/pkg_resources/__init__.py:116: PkgResourcesDeprecationWarning: 1.1build1 is an invalid version and will not be supported in a future release
[2.723s]   warnings.warn(
[2.723s] /usr/lib/python3/dist-packages/pkg_resources/__init__.py:116: PkgResourcesDeprecationWarning: 0.1.43ubuntu1 is an invalid version and will not be supported in a future release
[2.724s]   warnings.warn(
[2.854s] running egg_info
[2.854s] writing examples_rclpy_pointcloud_publisher.egg-info/PKG-INFO
[2.854s] writing dependency_links to examples_rclpy_pointcloud_publisher.egg-info/dependency_links.txt
[2.855s] writing entry points to examples_rclpy_pointcloud_publisher.egg-info/entry_points.txt
[2.855s] writing requirements to examples_rclpy_pointcloud_publisher.egg-info/requires.txt
[2.855s] writing top-level names to examples_rclpy_pointcloud_publisher.egg-info/top_level.txt
[2.857s] reading manifest file 'examples_rclpy_pointcloud_publisher.egg-info/SOURCES.txt'
[2.858s] writing manifest file 'examples_rclpy_pointcloud_publisher.egg-info/SOURCES.txt'
[2.864s] running build_ext
[2.864s] Creating /home/ankush/ros2_ws/install/examples_rclpy_pointcloud_publisher/lib/python3.10/site-packages/examples-rclpy-pointcloud-publisher.egg-link (link to .)
[2.864s] Installing pointcloud_publisher script to /home/ankush/ros2_ws/install/examples_rclpy_pointcloud_publisher/lib/examples_rclpy_pointcloud_publisher
[2.864s] 
[2.864s] Installed /home/ankush/ros2_ws/build/examples_rclpy_pointcloud_publisher
[2.864s] running install_data
[2.908s] Invoked command in '/home/ankush/ros2_ws/build/examples_rclpy_pointcloud_publisher' returned '0': PYTHONPATH=/home/ankush/ros2_ws/install/examples_rclpy_pointcloud_publisher/lib/python3.10/site-packages:${PYTHONPATH} /usr/bin/python3 setup.py develop --prefix /home/ankush/ros2_ws/install/examples_rclpy_pointcloud_publisher --editable --build-directory /home/ankush/ros2_ws/build/examples_rclpy_pointcloud_publisher/build --no-deps install_data --install-dir /home/ankush/ros2_ws/install/examples_rclpy_pointcloud_publisher
