[2.476s] Invoking command in '/home/ankush/ros2_ws/build/examples_rclpy_minimal_client': PYTHONPATH=/home/ankush/ros2_ws/install/examples_rclpy_minimal_client/lib/python3.10/site-packages:${PYTHONPATH} /usr/bin/python3 setup.py develop --prefix /home/ankush/ros2_ws/install/examples_rclpy_minimal_client --editable --build-directory /home/ankush/ros2_ws/build/examples_rclpy_minimal_client/build --no-deps install_data --install-dir /home/ankush/ros2_ws/install/examples_rclpy_minimal_client
[2.777s] running develop
[2.777s] /usr/lib/python3/dist-packages/setuptools/command/easy_install.py:158: EasyInstallDeprecationWarning: easy_install command is deprecated. Use build and pip and other standards-based tools.
[2.777s]   warnings.warn(
[2.778s] /usr/lib/python3/dist-packages/setuptools/command/install.py:34: SetuptoolsDeprecationWarning: setup.py install is deprecated. Use build and pip and other standards-based tools.
[2.779s]   warnings.warn(
[2.848s] /usr/lib/python3/dist-packages/pkg_resources/__init__.py:116: PkgResourcesDeprecationWarning: 1.16.0-unknown is an invalid version and will not be supported in a future release
[2.848s]   warnings.warn(
[2.848s] /usr/lib/python3/dist-packages/pkg_resources/__init__.py:116: PkgResourcesDeprecationWarning: 1.1build1 is an invalid version and will not be supported in a future release
[2.848s]   warnings.warn(
[2.849s] /usr/lib/python3/dist-packages/pkg_resources/__init__.py:116: PkgResourcesDeprecationWarning: 0.1.43ubuntu1 is an invalid version and will not be supported in a future release
[2.849s]   warnings.warn(
[2.972s] running egg_info
[2.973s] writing examples_rclpy_minimal_client.egg-info/PKG-INFO
[2.973s] writing dependency_links to examples_rclpy_minimal_client.egg-info/dependency_links.txt
[2.973s] writing entry points to examples_rclpy_minimal_client.egg-info/entry_points.txt
[2.973s] writing requirements to examples_rclpy_minimal_client.egg-info/requires.txt
[2.973s] writing top-level names to examples_rclpy_minimal_client.egg-info/top_level.txt
[2.973s] reading manifest file 'examples_rclpy_minimal_client.egg-info/SOURCES.txt'
[2.973s] writing manifest file 'examples_rclpy_minimal_client.egg-info/SOURCES.txt'
[2.977s] running build_ext
[2.977s] Creating /home/ankush/ros2_ws/install/examples_rclpy_minimal_client/lib/python3.10/site-packages/examples-rclpy-minimal-client.egg-link (link to .)
[2.977s] Installing client script to /home/ankush/ros2_ws/install/examples_rclpy_minimal_client/lib/examples_rclpy_minimal_client
[2.978s] Installing client_async script to /home/ankush/ros2_ws/install/examples_rclpy_minimal_client/lib/examples_rclpy_minimal_client
[2.978s] Installing client_async_callback script to /home/ankush/ros2_ws/install/examples_rclpy_minimal_client/lib/examples_rclpy_minimal_client
[2.978s] Installing client_async_member_function script to /home/ankush/ros2_ws/install/examples_rclpy_minimal_client/lib/examples_rclpy_minimal_client
[2.978s] 
[2.978s] Installed /home/ankush/ros2_ws/build/examples_rclpy_minimal_client
[2.978s] running install_data
[3.036s] Invoked command in '/home/ankush/ros2_ws/build/examples_rclpy_minimal_client' returned '0': PYTHONPATH=/home/ankush/ros2_ws/install/examples_rclpy_minimal_client/lib/python3.10/site-packages:${PYTHONPATH} /usr/bin/python3 setup.py develop --prefix /home/ankush/ros2_ws/install/examples_rclpy_minimal_client --editable --build-directory /home/ankush/ros2_ws/build/examples_rclpy_minimal_client/build --no-deps install_data --install-dir /home/ankush/ros2_ws/install/examples_rclpy_minimal_client
