[0.069s] Invoking command in '/home/ankush/ros2_ws/build/examples_rclcpp_minimal_client': CMAKE_PREFIX_PATH=/opt/ros/humble /usr/bin/cmake /home/ankush/ros2_ws/src/examples/rclcpp/services/minimal_client -DAMENT_CMAKE_SYMLINK_INSTALL=1 -DCMAKE_INSTALL_PREFIX=/home/ankush/ros2_ws/install/examples_rclcpp_minimal_client
[1.879s] -- The C compiler identification is GNU 11.3.0
[1.879s] -- The CXX compiler identification is GNU 11.3.0
[1.879s] -- Detecting C compiler ABI info
[1.879s] -- Detecting C compiler ABI info - done
[1.879s] -- Check for working C compiler: /usr/bin/cc - skipped
[1.879s] -- Detecting C compile features
[1.879s] -- Detecting C compile features - done
[1.880s] -- Detecting CXX compiler ABI info
[1.880s] -- Detecting CXX compiler ABI info - done
[1.880s] -- Check for working CXX compiler: /usr/bin/c++ - skipped
[1.880s] -- Detecting CXX compile features
[1.880s] -- Detecting CXX compile features - done
[1.880s] -- Found ament_cmake: 1.3.2 (/opt/ros/humble/share/ament_cmake/cmake)
[1.880s] -- Found Python3: /usr/bin/python3.10 (found version "3.10.6") found components: Interpreter 
[1.880s] -- Override CMake install command with custom implementation using symlinks instead of copying resources
[1.881s] -- Found example_interfaces: 0.9.3 (/opt/ros/humble/share/example_interfaces/cmake)
[1.881s] -- Found rosidl_generator_c: 3.1.3 (/opt/ros/humble/share/rosidl_generator_c/cmake)
[1.881s] -- Found rosidl_adapter: 3.1.3 (/opt/ros/humble/share/rosidl_adapter/cmake)
[1.881s] -- Found rosidl_generator_cpp: 3.1.3 (/opt/ros/humble/share/rosidl_generator_cpp/cmake)
[1.881s] -- Using all available rosidl_typesupport_c: rosidl_typesupport_fastrtps_c;rosidl_typesupport_introspection_c
[1.881s] -- Using all available rosidl_typesupport_cpp: rosidl_typesupport_fastrtps_cpp;rosidl_typesupport_introspection_cpp
[1.881s] -- Found rclcpp: 16.0.1 (/opt/ros/humble/share/rclcpp/cmake)
[1.881s] -- Found rmw_implementation_cmake: 6.1.0 (/opt/ros/humble/share/rmw_implementation_cmake/cmake)
[1.882s] -- Found rmw_fastrtps_cpp: 6.2.1 (/opt/ros/humble/share/rmw_fastrtps_cpp/cmake)
[1.882s] -- Found OpenSSL: /usr/lib/x86_64-linux-gnu/libcrypto.so (found version "3.0.2")  
[1.882s] -- Found FastRTPS: /opt/ros/humble/include  
[1.882s] -- Using RMW implementation 'rmw_fastrtps_cpp' as default
[1.983s] -- Found ament_lint_auto: 0.12.4 (/opt/ros/humble/share/ament_lint_auto/cmake)
[2.161s] -- Added test 'copyright' to check source files copyright and LICENSE
[2.163s] -- Added test 'cppcheck' to perform static code analysis on C / C++ code
[2.163s] -- Configured cppcheck include dirs: 
[2.163s] -- Configured cppcheck exclude dirs and/or files: 
[2.164s] -- Added test 'cpplint' to check C / C++ code against the Google style
[2.164s] -- Configured cpplint exclude dirs and/or files: 
[2.165s] -- Added test 'lint_cmake' to check CMake code style
[2.171s] -- Added test 'uncrustify' to check C / C++ code style
[2.171s] -- Configured uncrustify additional arguments: 
[2.172s] -- Added test 'xmllint' to check XML markup files
[2.174s] -- Configuring done
[2.199s] -- Generating done
[2.202s] -- Build files have been written to: /home/ankush/ros2_ws/build/examples_rclcpp_minimal_client
[2.231s] Invoked command in '/home/ankush/ros2_ws/build/examples_rclcpp_minimal_client' returned '0': CMAKE_PREFIX_PATH=/opt/ros/humble /usr/bin/cmake /home/ankush/ros2_ws/src/examples/rclcpp/services/minimal_client -DAMENT_CMAKE_SYMLINK_INSTALL=1 -DCMAKE_INSTALL_PREFIX=/home/ankush/ros2_ws/install/examples_rclcpp_minimal_client
[2.232s] Invoking command in '/home/ankush/ros2_ws/build/examples_rclcpp_minimal_client': CMAKE_PREFIX_PATH=/opt/ros/humble /usr/bin/cmake --build /home/ankush/ros2_ws/build/examples_rclcpp_minimal_client -- -j16 -l16
[2.599s] [ 50%] [32mBuilding CXX object CMakeFiles/client_main.dir/main.cpp.o[0m
[35.906s] [100%] [32m[1mLinking CXX executable client_main[0m
[36.965s] [100%] Built target client_main
[37.372s] Invoked command in '/home/ankush/ros2_ws/build/examples_rclcpp_minimal_client' returned '0': CMAKE_PREFIX_PATH=/opt/ros/humble /usr/bin/cmake --build /home/ankush/ros2_ws/build/examples_rclcpp_minimal_client -- -j16 -l16
[41.474s] Invoking command in '/home/ankush/ros2_ws/build/examples_rclcpp_minimal_client': CMAKE_PREFIX_PATH=/opt/ros/humble /usr/bin/cmake --install /home/ankush/ros2_ws/build/examples_rclcpp_minimal_client
[41.642s] -- Install configuration: ""
[41.642s] -- Execute custom install script
[41.642s] -- Symlinking: /home/ankush/ros2_ws/install/examples_rclcpp_minimal_client/lib/examples_rclcpp_minimal_client/client_main
[41.642s] -- Symlinking: /home/ankush/ros2_ws/install/examples_rclcpp_minimal_client/share/ament_index/resource_index/package_run_dependencies/examples_rclcpp_minimal_client
[41.642s] -- Symlinking: /home/ankush/ros2_ws/install/examples_rclcpp_minimal_client/share/ament_index/resource_index/parent_prefix_path/examples_rclcpp_minimal_client
[41.642s] -- Symlinking: /home/ankush/ros2_ws/install/examples_rclcpp_minimal_client/share/examples_rclcpp_minimal_client/environment/ament_prefix_path.sh
[41.642s] -- Symlinking: /home/ankush/ros2_ws/install/examples_rclcpp_minimal_client/share/examples_rclcpp_minimal_client/environment/ament_prefix_path.dsv
[41.642s] -- Symlinking: /home/ankush/ros2_ws/install/examples_rclcpp_minimal_client/share/examples_rclcpp_minimal_client/environment/path.sh
[41.675s] -- Symlinking: /home/ankush/ros2_ws/install/examples_rclcpp_minimal_client/share/examples_rclcpp_minimal_client/environment/path.dsv
[41.744s] -- Symlinking: /home/ankush/ros2_ws/install/examples_rclcpp_minimal_client/share/examples_rclcpp_minimal_client/local_setup.bash
[41.766s] -- Symlinking: /home/ankush/ros2_ws/install/examples_rclcpp_minimal_client/share/examples_rclcpp_minimal_client/local_setup.sh
[41.796s] -- Symlinking: /home/ankush/ros2_ws/install/examples_rclcpp_minimal_client/share/examples_rclcpp_minimal_client/local_setup.zsh
[41.856s] -- Symlinking: /home/ankush/ros2_ws/install/examples_rclcpp_minimal_client/share/examples_rclcpp_minimal_client/local_setup.dsv
[41.890s] -- Symlinking: /home/ankush/ros2_ws/install/examples_rclcpp_minimal_client/share/examples_rclcpp_minimal_client/package.dsv
[41.937s] -- Symlinking: /home/ankush/ros2_ws/install/examples_rclcpp_minimal_client/share/ament_index/resource_index/packages/examples_rclcpp_minimal_client
[41.971s] -- Symlinking: /home/ankush/ros2_ws/install/examples_rclcpp_minimal_client/share/examples_rclcpp_minimal_client/cmake/examples_rclcpp_minimal_clientConfig.cmake
[42.032s] -- Symlinking: /home/ankush/ros2_ws/install/examples_rclcpp_minimal_client/share/examples_rclcpp_minimal_client/cmake/examples_rclcpp_minimal_clientConfig-version.cmake
[42.044s] -- Symlinking: /home/ankush/ros2_ws/install/examples_rclcpp_minimal_client/share/examples_rclcpp_minimal_client/package.xml
[42.655s] Invoked command in '/home/ankush/ros2_ws/build/examples_rclcpp_minimal_client' returned '0': CMAKE_PREFIX_PATH=/opt/ros/humble /usr/bin/cmake --install /home/ankush/ros2_ws/build/examples_rclcpp_minimal_client
