[3.435s] Invoking command in '/home/ankush/ros2_ws/build/examples_rclpy_minimal_action_client': PYTHONPATH=/home/ankush/ros2_ws/install/examples_rclpy_minimal_action_client/lib/python3.10/site-packages:${PYTHONPATH} /usr/bin/python3 setup.py develop --prefix /home/ankush/ros2_ws/install/examples_rclpy_minimal_action_client --editable --build-directory /home/ankush/ros2_ws/build/examples_rclpy_minimal_action_client/build --no-deps install_data --install-dir /home/ankush/ros2_ws/install/examples_rclpy_minimal_action_client
[36.468s] running develop
[36.473s] running egg_info
[36.474s] creating examples_rclpy_minimal_action_client.egg-info
[36.474s] writing examples_rclpy_minimal_action_client.egg-info/PKG-INFO
[36.474s] writing dependency_links to examples_rclpy_minimal_action_client.egg-info/dependency_links.txt
[36.474s] writing entry points to examples_rclpy_minimal_action_client.egg-info/entry_points.txt
[36.474s] writing requirements to examples_rclpy_minimal_action_client.egg-info/requires.txt
[36.474s] writing top-level names to examples_rclpy_minimal_action_client.egg-info/top_level.txt
[36.474s] writing manifest file 'examples_rclpy_minimal_action_client.egg-info/SOURCES.txt'
[36.474s] reading manifest file 'examples_rclpy_minimal_action_client.egg-info/SOURCES.txt'
[36.474s] writing manifest file 'examples_rclpy_minimal_action_client.egg-info/SOURCES.txt'
[36.475s] running build_ext
[36.475s] Creating /home/ankush/ros2_ws/install/examples_rclpy_minimal_action_client/lib/python3.10/site-packages/examples-rclpy-minimal-action-client.egg-link (link to .)
[36.475s] Installing client script to /home/ankush/ros2_ws/install/examples_rclpy_minimal_action_client/lib/examples_rclpy_minimal_action_client
[36.475s] Installing client_asyncio script to /home/ankush/ros2_ws/install/examples_rclpy_minimal_action_client/lib/examples_rclpy_minimal_action_client
[36.475s] Installing client_cancel script to /home/ankush/ros2_ws/install/examples_rclpy_minimal_action_client/lib/examples_rclpy_minimal_action_client
[36.475s] Installing client_not_composable script to /home/ankush/ros2_ws/install/examples_rclpy_minimal_action_client/lib/examples_rclpy_minimal_action_client
[36.475s] 
[36.475s] Installed /home/ankush/ros2_ws/build/examples_rclpy_minimal_action_client
[36.475s] running install_data
[36.475s] creating /home/ankush/ros2_ws/install/examples_rclpy_minimal_action_client/share/ament_index
[36.475s] creating /home/ankush/ros2_ws/install/examples_rclpy_minimal_action_client/share/ament_index/resource_index
[36.476s] creating /home/ankush/ros2_ws/install/examples_rclpy_minimal_action_client/share/ament_index/resource_index/packages
[36.476s] copying resource/examples_rclpy_minimal_action_client -> /home/ankush/ros2_ws/install/examples_rclpy_minimal_action_client/share/ament_index/resource_index/packages
[36.476s] copying package.xml -> /home/ankush/ros2_ws/install/examples_rclpy_minimal_action_client/share/examples_rclpy_minimal_action_client
[36.477s] /usr/lib/python3/dist-packages/setuptools/command/easy_install.py:158: EasyInstallDeprecationWarning: easy_install command is deprecated. Use build and pip and other standards-based tools.
[36.477s]   warnings.warn(
[36.477s] /usr/lib/python3/dist-packages/setuptools/command/install.py:34: SetuptoolsDeprecationWarning: setup.py install is deprecated. Use build and pip and other standards-based tools.
[36.477s]   warnings.warn(
[36.477s] /usr/lib/python3/dist-packages/pkg_resources/__init__.py:116: PkgResourcesDeprecationWarning: 1.16.0-unknown is an invalid version and will not be supported in a future release
[36.477s]   warnings.warn(
[36.478s] /usr/lib/python3/dist-packages/pkg_resources/__init__.py:116: PkgResourcesDeprecationWarning: 1.1build1 is an invalid version and will not be supported in a future release
[36.478s]   warnings.warn(
[36.478s] /usr/lib/python3/dist-packages/pkg_resources/__init__.py:116: PkgResourcesDeprecationWarning: 0.1.43ubuntu1 is an invalid version and will not be supported in a future release
[36.478s]   warnings.warn(
[36.925s] Invoked command in '/home/ankush/ros2_ws/build/examples_rclpy_minimal_action_client' returned '0': PYTHONPATH=/home/ankush/ros2_ws/install/examples_rclpy_minimal_action_client/lib/python3.10/site-packages:${PYTHONPATH} /usr/bin/python3 setup.py develop --prefix /home/ankush/ros2_ws/install/examples_rclpy_minimal_action_client --editable --build-directory /home/ankush/ros2_ws/build/examples_rclpy_minimal_action_client/build --no-deps install_data --install-dir /home/ankush/ros2_ws/install/examples_rclpy_minimal_action_client
