[2.005s] Invoking command in '/home/ankush/ros2_ws/build/examples_rclpy_pointcloud_publisher': PYTHONPATH=/home/ankush/ros2_ws/install/examples_rclpy_pointcloud_publisher/lib/python3.10/site-packages:${PYTHONPATH} /usr/bin/python3 setup.py develop --prefix /home/ankush/ros2_ws/install/examples_rclpy_pointcloud_publisher --editable --build-directory /home/ankush/ros2_ws/build/examples_rclpy_pointcloud_publisher/build --no-deps install_data --install-dir /home/ankush/ros2_ws/install/examples_rclpy_pointcloud_publisher
[2.295s] running develop
[2.295s] /usr/lib/python3/dist-packages/setuptools/command/easy_install.py:158: EasyInstallDeprecationWarning: easy_install command is deprecated. Use build and pip and other standards-based tools.
[2.295s]   warnings.warn(
[2.296s] /usr/lib/python3/dist-packages/setuptools/command/install.py:34: SetuptoolsDeprecationWarning: setup.py install is deprecated. Use build and pip and other standards-based tools.
[2.296s]   warnings.warn(
[2.366s] /usr/lib/python3/dist-packages/pkg_resources/__init__.py:116: PkgResourcesDeprecationWarning: 1.16.0-unknown is an invalid version and will not be supported in a future release
[2.366s]   warnings.warn(
[2.366s] /usr/lib/python3/dist-packages/pkg_resources/__init__.py:116: PkgResourcesDeprecationWarning: 1.1build1 is an invalid version and will not be supported in a future release
[2.366s]   warnings.warn(
[2.367s] /usr/lib/python3/dist-packages/pkg_resources/__init__.py:116: PkgResourcesDeprecationWarning: 0.1.43ubuntu1 is an invalid version and will not be supported in a future release
[2.367s]   warnings.warn(
[2.494s] running egg_info
[2.494s] writing examples_rclpy_pointcloud_publisher.egg-info/PKG-INFO
[2.494s] writing dependency_links to examples_rclpy_pointcloud_publisher.egg-info/dependency_links.txt
[2.494s] writing entry points to examples_rclpy_pointcloud_publisher.egg-info/entry_points.txt
[2.494s] writing requirements to examples_rclpy_pointcloud_publisher.egg-info/requires.txt
[2.494s] writing top-level names to examples_rclpy_pointcloud_publisher.egg-info/top_level.txt
[2.496s] reading manifest file 'examples_rclpy_pointcloud_publisher.egg-info/SOURCES.txt'
[2.497s] writing manifest file 'examples_rclpy_pointcloud_publisher.egg-info/SOURCES.txt'
[2.499s] running build_ext
[2.499s] Creating /home/ankush/ros2_ws/install/examples_rclpy_pointcloud_publisher/lib/python3.10/site-packages/examples-rclpy-pointcloud-publisher.egg-link (link to .)
[2.500s] Installing pointcloud_publisher script to /home/ankush/ros2_ws/install/examples_rclpy_pointcloud_publisher/lib/examples_rclpy_pointcloud_publisher
[2.500s] 
[2.500s] Installed /home/ankush/ros2_ws/build/examples_rclpy_pointcloud_publisher
[2.500s] running install_data
[2.567s] Invoked command in '/home/ankush/ros2_ws/build/examples_rclpy_pointcloud_publisher' returned '0': PYTHONPATH=/home/ankush/ros2_ws/install/examples_rclpy_pointcloud_publisher/lib/python3.10/site-packages:${PYTHONPATH} /usr/bin/python3 setup.py develop --prefix /home/ankush/ros2_ws/install/examples_rclpy_pointcloud_publisher --editable --build-directory /home/ankush/ros2_ws/build/examples_rclpy_pointcloud_publisher/build --no-deps install_data --install-dir /home/ankush/ros2_ws/install/examples_rclpy_pointcloud_publisher
